Log file open, 12/03/19 01:25:58
LogWindows: Failed to load 'aqProf.dll' (GetLastError=126)
LogWindows: File 'aqProf.dll' does not exist
LogWindows: Failed to load 'VtuneApi.dll' (GetLastError=126)
LogWindows: File 'VtuneApi.dll' does not exist
LogWindows: Failed to load 'VtuneApi32e.dll' (GetLastError=126)
LogWindows: File 'VtuneApi32e.dll' does not exist
LogConsoleResponse: Display: Failed to find resolution value strings in scalability ini. Falling back to default.
LogInit: Display: Running engine for game: JustDoIt
LogPlatformFile: Not using cached read wrapper
LogTaskGraph: Started task graph with 5 named threads and 35 total threads with 3 sets of task threads.
LogStats: Stats thread started at 0.077655
LogD3D11RHI: Loaded GFSDK_Aftermath_Lib.x64.dll
LogICUInternationalization: ICU TimeZone Detection - Raw Offset: +3:00, Platform Override: ''
LogPluginManager: Mounting plugin Paper2D
LogPluginManager: Mounting plugin AISupport
LogPluginManager: Mounting plugin LightPropagationVolume
LogPluginManager: Mounting plugin ActorLayerUtilities
LogPluginManager: Mounting plugin AnimationSharing
LogPluginManager: Mounting plugin CLionSourceCodeAccess
LogPluginManager: Mounting plugin CodeLiteSourceCodeAccess
LogPluginManager: Mounting plugin GitSourceControl
LogPluginManager: Mounting plugin KDevelopSourceCodeAccess
LogPluginManager: Mounting plugin NullSourceCodeAccess
LogPluginManager: Mounting plugin PerforceSourceControl
LogPluginManager: Mounting plugin SubversionSourceControl
LogPluginManager: Mounting plugin UObjectPlugin
LogPluginManager: Mounting plugin VisualStudioCodeSourceCodeAccess
LogPluginManager: Mounting plugin VisualStudioSourceCodeAccess
LogPluginManager: Mounting plugin XCodeSourceCodeAccess
LogPluginManager: Mounting plugin AssetManagerEditor
LogPluginManager: Mounting plugin CryptoKeys
LogPluginManager: Mounting plugin CurveEditorTools
LogPluginManager: Mounting plugin DataValidation
LogPluginManager: Mounting plugin EditorScriptingUtilities
LogPluginManager: Mounting plugin FacialAnimation
LogPluginManager: Mounting plugin GameplayTagsEditor
LogPluginManager: Mounting plugin GLTFImporter
LogPluginManager: Mounting plugin MacGraphicsSwitching
LogPluginManager: Mounting plugin MaterialAnalyzer
LogPluginManager: Mounting plugin MeshEditor
LogPluginManager: Mounting plugin MobileLauncherProfileWizard
LogPluginManager: Mounting plugin PluginBrowser
LogPluginManager: Mounting plugin SpeedTreeImporter
LogPluginManager: Mounting plugin DatasmithContent
LogPluginManager: Mounting plugin VariantManagerContent
LogPluginManager: Mounting plugin AlembicImporter
LogPluginManager: Mounting plugin AutomationUtils
LogPluginManager: Mounting plugin BackChannel
LogPluginManager: Mounting plugin BlastPlugin
LogPluginManager: Mounting plugin ChaosSolverPlugin
LogPluginManager: Mounting plugin CharacterAI
LogPluginManager: Mounting plugin DataPrepEditor
LogPluginManager: Mounting plugin GeometryCache
LogPluginManager: Mounting plugin GeometryCollectionPlugin
LogPluginManager: Mounting plugin HTML5Networking
LogPluginManager: Mounting plugin PlatformCrypto
LogPluginManager: Mounting plugin ProxyLODPlugin
LogPluginManager: Mounting plugin SkeletalReduction
LogPluginManager: Mounting plugin MagicLeap
LogPluginManager: Mounting plugin MagicLeapMedia
LogPluginManager: Mounting plugin AndroidMedia
LogPluginManager: Mounting plugin AvfMedia
LogPluginManager: Mounting plugin ImgMedia
LogPluginManager: Mounting plugin MediaCompositing
LogPluginManager: Mounting plugin MediaPlayerEditor
LogPluginManager: Mounting plugin WebMMedia
LogPluginManager: Mounting plugin WmfMedia
LogPluginManager: Mounting plugin TcpMessaging
LogPluginManager: Mounting plugin UdpMessaging
LogPluginManager: Mounting plugin ActorSequence
LogPluginManager: Mounting plugin LevelSequenceEditor
LogPluginManager: Mounting plugin MatineeToLevelSequence
LogPluginManager: Mounting plugin NetcodeUnitTest
LogPluginManager: Mounting plugin NUTUnrealEngine4
LogPluginManager: Mounting plugin OnlineSubsystemGooglePlay
LogPluginManager: Mounting plugin OnlineSubsystemIOS
LogPluginManager: Mounting plugin OnlineSubsystem
LogPluginManager: Mounting plugin OnlineSubsystemNull
LogPluginManager: Mounting plugin OnlineSubsystemUtils
LogPluginManager: Mounting plugin LauncherChunkInstaller
LogPluginManager: Mounting plugin AndroidDeviceProfileSelector
LogPluginManager: Mounting plugin AndroidMoviePlayer
LogPluginManager: Mounting plugin AndroidPermission
LogPluginManager: Mounting plugin AppleImageUtils
LogPluginManager: Mounting plugin AppleMoviePlayer
LogPluginManager: Mounting plugin ArchVisCharacter
LogPluginManager: Mounting plugin AudioCapture
LogPluginManager: Mounting plugin CableComponent
LogPluginManager: Mounting plugin CustomMeshComponent
LogPluginManager: Mounting plugin EditableMesh
LogPluginManager: Mounting plugin ExampleDeviceProfileSelector
LogPluginManager: Mounting plugin GoogleCloudMessaging
LogPluginManager: Mounting plugin IOSDeviceProfileSelector
LogPluginManager: Mounting plugin LinuxDeviceProfileSelector
LogPluginManager: Mounting plugin LocationServicesBPLibrary
LogPluginManager: Mounting plugin MobilePatchingUtils
LogPluginManager: Mounting plugin OculusVR
LogPluginManager: Mounting plugin PhysXVehicles
LogPluginManager: Mounting plugin ProceduralMeshComponent
LogPluginManager: Mounting plugin RuntimePhysXCooking
LogPluginManager: Mounting plugin SignificanceManager
LogPluginManager: Mounting plugin SteamVR
LogPluginManager: Mounting plugin WebMMoviePlayer
LogPluginManager: Mounting plugin WindowsMoviePlayer
LogPluginManager: Mounting plugin ScreenshotTools
LogPluginManager: Mounting plugin DatasmithC4DImporter
LogPluginManager: Mounting plugin DatasmithCADImporter
LogPluginManager: Mounting plugin DatasmithFBXImporter
LogPluginManager: Mounting plugin DatasmithGLTFImporter
LogPluginManager: Mounting plugin DatasmithIFCImporter
LogPluginManager: Mounting plugin DatasmithImporter
LogPluginManager: Mounting plugin MDLImporter
LogPluginManager: Mounting plugin StaticMeshEditorExtension
LogPluginManager: Mounting plugin VariantManager
LogInit: Using libcurl 7.55.1-DEV
LogInit:  - built for x86_64-pc-win32
LogInit:  - supports SSL with OpenSSL/1.1.1
LogInit:  - supports HTTP deflate (compression) using libz 1.2.8
LogInit:  - other features:
LogInit:      CURL_VERSION_SSL
LogInit:      CURL_VERSION_LIBZ
LogInit:      CURL_VERSION_IPV6
LogInit:      CURL_VERSION_ASYNCHDNS
LogInit:      CURL_VERSION_LARGEFILE
LogInit:      CURL_VERSION_IDN
LogInit:  CurlRequestOptions (configurable via config and command line):
LogInit:  - bVerifyPeer = true  - Libcurl will verify peer certificate
LogInit:  - bUseHttpProxy = false  - Libcurl will NOT use HTTP proxy
LogInit:  - bDontReuseConnections = false  - Libcurl will reuse connections
LogInit:  - MaxHostConnections = 16  - Libcurl will limit the number of connections to a host
LogInit:  - LocalHostAddr = Default
LogInit:  - BufferSize = 65536
LogOnline: OSS: Creating online subsystem instance for: NULL
LogInit: WinSock: version 1.1 (2.2), MaxSocks=32767, MaxUdp=65467
LogInit: Build: ++UE4+Release-4.23-CL-9631420
LogInit: Engine Version: 4.23.1-9631420+++UE4+Release-4.23
LogInit: Compatible Engine Version: 4.23.0-8386587+++UE4+Release-4.23
LogInit: Net CL: 8386587
LogInit: OS: Windows 10 (Release 1809) (), CPU: Intel(R) Core(TM) i7-8700 CPU @ 3.20GHz, GPU: Intel(R) UHD Graphics 630
LogInit: Compiled (64-bit): Oct 18 2019 02:07:44
LogInit: Compiled with Visual C++: 19.16.27030.01
LogInit: Build Configuration: Development
LogInit: Branch Name: ++UE4+Release-4.23
LogInit: Command Line:  -EpicPortal -epicusername=Vadim_Makarchik -epicuserid=de31d28a090c4bb9ada4ed616c8da227 -epiclocale=en-US
LogInit: Base Directory: C:/Program Files/Epic Games/UE_4.23/Engine/Binaries/Win64/
LogInit: Installed Engine Build: 1
LogDevObjectVersion: Number of dev versions registered: 23
LogDevObjectVersion:   Dev-Blueprints (B0D832E4-1F89-4F0D-ACCF-7EB736FD4AA2): 10
LogDevObjectVersion:   Dev-Build (E1C64328-A22C-4D53-A36C-8E866417BD8C): 0
LogDevObjectVersion:   Dev-Core (375EC13C-06E4-48FB-B500-84F0262A717E): 3
LogDevObjectVersion:   Dev-Editor (E4B068ED-F494-42E9-A231-DA0B2E46BB41): 34
LogDevObjectVersion:   Dev-Framework (CFFC743F-43B0-4480-9391-14DF171D2073): 35
LogDevObjectVersion:   Dev-Mobile (B02B49B5-BB20-44E9-A304-32B752E40360): 2
LogDevObjectVersion:   Dev-Networking (A4E4105C-59A1-49B5-A7C5-40C4547EDFEE): 0
LogDevObjectVersion:   Dev-Online (39C831C9-5AE6-47DC-9A44-9C173E1C8E7C): 0
LogDevObjectVersion:   Dev-Physics (78F01B33-EBEA-4F98-B9B4-84EACCB95AA2): 0
LogDevObjectVersion:   Dev-Platform (6631380F-2D4D-43E0-8009-CF276956A95A): 0
LogDevObjectVersion:   Dev-Rendering (12F88B9F-8875-4AFC-A67C-D90C383ABD29): 31
LogDevObjectVersion:   Dev-Sequencer (7B5AE74C-D270-4C10-A958-57980B212A5A): 11
LogDevObjectVersion:   Dev-VR (D7296918-1DD6-4BDD-9DE2-64A83CC13884): 2
LogDevObjectVersion:   Dev-LoadTimes (C2A15278-BFE7-4AFE-6C17-90FF531DF755): 1
LogDevObjectVersion:   Private-Geometry (6EACA3D4-40EC-4CC1-B786-8BED09428FC5): 3
LogDevObjectVersion:   Dev-AnimPhys (29E575DD-E0A3-4627-9D10-D276232CDCEA): 17
LogDevObjectVersion:   Dev-Anim (AF43A65D-7FD3-4947-9873-3E8ED9C1BB05): 2
LogDevObjectVersion:   Dev-ReflectionCapture (6B266CEC-1EC7-4B8F-A30B-E4D90942FC07): 1
LogDevObjectVersion:   Dev-Automation (0DF73D61-A23F-47EA-B727-89E90C41499A): 1
LogDevObjectVersion:   FortniteMain (601D1886-AC64-4F84-AA16-D3DE0DEAC7D6): 27
LogDevObjectVersion:   Dev-Enterprise (9DFFBCD6-494F-0158-E221-12823C92A888): 6
LogDevObjectVersion:   Dev-Niagara (F2AED0AC-9AFE-416F-8664-AA7FFA26D6FC): 1
LogDevObjectVersion:   Dev-Destruction (174F1F0B-B4C6-45A5-B13F-2EE8D0FB917D): 9
LogInit: Presizing for max 16777216 objects, including 0 objects not considered by GC, pre-allocating 0 bytes for permanent pool.
LogInit: Object subsystem initialized
LogConfig: Setting CVar [[con.DebugEarlyDefault:1]]
LogConfig: Setting CVar [[r.setres:1280x720]]
[2019.12.02-22.25.58:582][  0]LogConfig: Setting CVar [[r.VSync:0]]
[2019.12.02-22.25.58:582][  0]LogConfig: Setting CVar [[r.RHICmdBypass:0]]
[2019.12.02-22.25.58:582][  0]LogConfig: Applying CVar settings from Section [/Script/Engine.RendererSettings] File [C:/Users/Vadzim_Makarchyk/Work/SelfStudy/CGA/JustDoIt/Saved/Config/Windows/Engine.ini]
[2019.12.02-22.25.58:582][  0]LogConfig: Setting CVar [[r.GPUCrashDebugging:0]]
[2019.12.02-22.25.58:582][  0]LogConfig: Setting CVar [[r.DefaultFeature.AutoExposure.ExtendDefaultLuminanceRange:1]]
[2019.12.02-22.25.58:582][  0]LogConfig: Applying CVar settings from Section [/Script/Engine.RendererOverrideSettings] File [C:/Users/Vadzim_Makarchyk/Work/SelfStudy/CGA/JustDoIt/Saved/Config/Windows/Engine.ini]
[2019.12.02-22.25.58:582][  0]LogConfig: Applying CVar settings from Section [/Script/Engine.StreamingSettings] File [C:/Users/Vadzim_Makarchyk/Work/SelfStudy/CGA/JustDoIt/Saved/Config/Windows/Engine.ini]
[2019.12.02-22.25.58:582][  0]LogConfig: Setting CVar [[s.MinBulkDataSizeForAsyncLoading:131072]]
[2019.12.02-22.25.58:582][  0]LogConfig: Setting CVar [[s.AsyncLoadingThreadEnabled:0]]
[2019.12.02-22.25.58:582][  0]LogConfig: Setting CVar [[s.EventDrivenLoaderEnabled:1]]
[2019.12.02-22.25.58:582][  0]LogConfig: Setting CVar [[s.WarnIfTimeLimitExceeded:0]]
[2019.12.02-22.25.58:582][  0]LogConfig: Setting CVar [[s.TimeLimitExceededMultiplier:1.5]]
[2019.12.02-22.25.58:582][  0]LogConfig: Setting CVar [[s.TimeLimitExceededMinTime:0.005]]
[2019.12.02-22.25.58:582][  0]LogConfig: Setting CVar [[s.UseBackgroundLevelStreaming:1]]
[2019.12.02-22.25.58:582][  0]LogConfig: Setting CVar [[s.PriorityAsyncLoadingExtraTime:15.0]]
[2019.12.02-22.25.58:582][  0]LogConfig: Setting CVar [[s.LevelStreamingActorsUpdateTimeLimit:5.0]]
[2019.12.02-22.25.58:582][  0]LogConfig: Setting CVar [[s.PriorityLevelStreamingActorsUpdateExtraTime:5.0]]
[2019.12.02-22.25.58:582][  0]LogConfig: Setting CVar [[s.LevelStreamingComponentsRegistrationGranularity:10]]
[2019.12.02-22.25.58:582][  0]LogConfig: Setting CVar [[s.UnregisterComponentsTimeLimit:1.0]]
[2019.12.02-22.25.58:582][  0]LogConfig: Setting CVar [[s.LevelStreamingComponentsUnregistrationGranularity:5]]
[2019.12.02-22.25.58:582][  0]LogConfig: Applying CVar settings from Section [/Script/Engine.GarbageCollectionSettings] File [C:/Users/Vadzim_Makarchyk/Work/SelfStudy/CGA/JustDoIt/Saved/Config/Windows/Engine.ini]
[2019.12.02-22.25.58:582][  0]LogConfig: Setting CVar [[gc.MaxObjectsNotConsideredByGC:1]]
[2019.12.02-22.25.58:582][  0]LogConfig: Setting CVar [[gc.SizeOfPermanentObjectPool:0]]
[2019.12.02-22.25.58:582][  0]LogConfig: Setting CVar [[gc.FlushStreamingOnGC:0]]
[2019.12.02-22.25.58:582][  0]LogConfig: Setting CVar [[gc.NumRetriesBeforeForcingGC:10]]
[2019.12.02-22.25.58:582][  0]LogConfig: Setting CVar [[gc.AllowParallelGC:1]]
[2019.12.02-22.25.58:582][  0]LogConfig: Setting CVar [[gc.TimeBetweenPurgingPendingKillObjects:61.1]]
[2019.12.02-22.25.58:582][  0]LogConfig: Setting CVar [[gc.MaxObjectsInEditor:16777216]]
[2019.12.02-22.25.58:582][  0]LogConfig: Setting CVar [[gc.IncrementalBeginDestroyEnabled:1]]
[2019.12.02-22.25.58:582][  0]LogConfig: Setting CVar [[gc.CreateGCClusters:1]]
[2019.12.02-22.25.58:582][  0]LogConfig: Setting CVar [[gc.MinGCClusterSize:5]]
[2019.12.02-22.25.58:582][  0]LogConfig: Setting CVar [[gc.ActorClusteringEnabled:0]]
[2019.12.02-22.25.58:582][  0]LogConfig: Setting CVar [[gc.BlueprintClusteringEnabled:0]]
[2019.12.02-22.25.58:582][  0]LogConfig: Setting CVar [[gc.UseDisregardForGCOnDedicatedServers:0]]
[2019.12.02-22.25.58:582][  0]LogConfig: Applying CVar settings from Section [/Script/Engine.NetworkSettings] File [C:/Users/Vadzim_Makarchyk/Work/SelfStudy/CGA/JustDoIt/Saved/Config/Windows/Engine.ini]
[2019.12.02-22.25.58:582][  0]LogConfig: Applying CVar settings from Section [/Script/UnrealEd.CookerSettings] File [C:/Users/Vadzim_Makarchyk/Work/SelfStudy/CGA/JustDoIt/Saved/Config/Windows/Engine.ini]
[2019.12.02-22.25.58:584][  0]LogConfig: Applying CVar settings from Section [ViewDistanceQuality@3] File [C:/Users/Vadzim_Makarchyk/Work/SelfStudy/CGA/JustDoIt/Saved/Config/Windows/Scalability.ini]
[2019.12.02-22.25.58:584][  0]LogConfig: Setting CVar [[r.SkeletalMeshLODBias:0]]
[2019.12.02-22.25.58:584][  0]LogConfig: Setting CVar [[r.ViewDistanceScale:1.0]]
[2019.12.02-22.25.58:584][  0]LogConfig: Applying CVar settings from Section [AntiAliasingQuality@3] File [C:/Users/Vadzim_Makarchyk/Work/SelfStudy/CGA/JustDoIt/Saved/Config/Windows/Scalability.ini]
[2019.12.02-22.25.58:584][  0]LogConfig: Setting CVar [[r.PostProcessAAQuality:4]]
[2019.12.02-22.25.58:584][  0]LogConfig: Applying CVar settings from Section [ShadowQuality@3] File [C:/Users/Vadzim_Makarchyk/Work/SelfStudy/CGA/JustDoIt/Saved/Config/Windows/Scalability.ini]
[2019.12.02-22.25.58:584][  0]LogConfig: Setting CVar [[r.LightFunctionQuality:1]]
[2019.12.02-22.25.58:584][  0]LogConfig: Setting CVar [[r.ShadowQuality:5]]
[2019.12.02-22.25.58:584][  0]LogConfig: Setting CVar [[r.Shadow.CSM.MaxCascades:10]]
[2019.12.02-22.25.58:584][  0]LogConfig: Setting CVar [[r.Shadow.MaxResolution:2048]]
[2019.12.02-22.25.58:584][  0]LogConfig: Setting CVar [[r.Shadow.MaxCSMResolution:2048]]
[2019.12.02-22.25.58:584][  0]LogConfig: Setting CVar [[r.Shadow.RadiusThreshold:0.01]]
[2019.12.02-22.25.58:584][  0]LogConfig: Setting CVar [[r.Shadow.DistanceScale:1.0]]
[2019.12.02-22.25.58:584][  0]LogConfig: Setting CVar [[r.Shadow.CSM.TransitionScale:1.0]]
[2019.12.02-22.25.58:584][  0]LogConfig: Setting CVar [[r.Shadow.PreShadowResolutionFactor:1.0]]
[2019.12.02-22.25.58:584][  0]LogConfig: Setting CVar [[r.DistanceFieldShadowing:1]]
[2019.12.02-22.25.58:584][  0]LogConfig: Setting CVar [[r.DistanceFieldAO:1]]
[2019.12.02-22.25.58:584][  0]LogConfig: Setting CVar [[r.AOQuality:2]]
[2019.12.02-22.25.58:584][  0]LogConfig: Setting CVar [[r.VolumetricFog:1]]
[2019.12.02-22.25.58:584][  0]LogConfig: Setting CVar [[r.VolumetricFog.GridPixelSize:8]]
[2019.12.02-22.25.58:584][  0]LogConfig: Setting CVar [[r.VolumetricFog.GridSizeZ:128]]
[2019.12.02-22.25.58:584][  0]LogConfig: Setting CVar [[r.VolumetricFog.HistoryMissSupersampleCount:4]]
[2019.12.02-22.25.58:584][  0]LogConfig: Setting CVar [[r.LightMaxDrawDistanceScale:1]]
[2019.12.02-22.25.58:584][  0]LogConfig: Setting CVar [[r.CapsuleShadows:1]]
[2019.12.02-22.25.58:584][  0]LogConfig: Applying CVar settings from Section [PostProcessQuality@3] File [C:/Users/Vadzim_Makarchyk/Work/SelfStudy/CGA/JustDoIt/Saved/Config/Windows/Scalability.ini]
[2019.12.02-22.25.58:584][  0]LogConfig: Setting CVar [[r.MotionBlurQuality:4]]
[2019.12.02-22.25.58:584][  0]LogConfig: Setting CVar [[r.AmbientOcclusionMipLevelFactor:0.4]]
[2019.12.02-22.25.58:584][  0]LogConfig: Setting CVar [[r.AmbientOcclusionMaxQuality:100]]
[2019.12.02-22.25.58:584][  0]LogConfig: Setting CVar [[r.AmbientOcclusionLevels:-1]]
[2019.12.02-22.25.58:584][  0]LogConfig: Setting CVar [[r.AmbientOcclusionRadiusScale:1.0]]
[2019.12.02-22.25.58:584][  0]LogConfig: Setting CVar [[r.DepthOfFieldQuality:2]]
[2019.12.02-22.25.58:584][  0]LogConfig: Setting CVar [[r.RenderTargetPoolMin:400]]
[2019.12.02-22.25.58:584][  0]LogConfig: Setting CVar [[r.LensFlareQuality:2]]
[2019.12.02-22.25.58:584][  0]LogConfig: Setting CVar [[r.SceneColorFringeQuality:1]]
[2019.12.02-22.25.58:584][  0]LogConfig: Setting CVar [[r.EyeAdaptationQuality:2]]
[2019.12.02-22.25.58:584][  0]LogConfig: Setting CVar [[r.BloomQuality:5]]
[2019.12.02-22.25.58:584][  0]LogConfig: Setting CVar [[r.FastBlurThreshold:100]]
[2019.12.02-22.25.58:584][  0]LogConfig: Setting CVar [[r.Upscale.Quality:3]]
[2019.12.02-22.25.58:584][  0]LogConfig: Setting CVar [[r.Tonemapper.GrainQuantization:1]]
[2019.12.02-22.25.58:584][  0]LogConfig: Setting CVar [[r.LightShaftQuality:1]]
[2019.12.02-22.25.58:584][  0]LogConfig: Setting CVar [[r.Filter.SizeScale:1]]
[2019.12.02-22.25.58:584][  0]LogConfig: Setting CVar [[r.Tonemapper.Quality:5]]
[2019.12.02-22.25.58:584][  0]LogConfig: Setting CVar [[r.DOF.Gather.AccumulatorQuality:1        ; higher gathering accumulator quality]]
[2019.12.02-22.25.58:584][  0]LogConfig: Setting CVar [[r.DOF.Gather.PostfilterMethod:1          ; Median3x3 postfilering method]]
[2019.12.02-22.25.58:584][  0]LogConfig: Setting CVar [[r.DOF.Gather.EnableBokehSettings:0       ; no bokeh simulation when gathering]]
[2019.12.02-22.25.58:584][  0]LogConfig: Setting CVar [[r.DOF.Gather.RingCount:4                 ; medium number of samples when gathering]]
[2019.12.02-22.25.58:584][  0]LogConfig: Setting CVar [[r.DOF.Scatter.ForegroundCompositing:1    ; additive foreground scattering]]
[2019.12.02-22.25.58:584][  0]LogConfig: Setting CVar [[r.DOF.Scatter.BackgroundCompositing:2    ; additive background scattering]]
[2019.12.02-22.25.58:584][  0]LogConfig: Setting CVar [[r.DOF.Scatter.EnableBokehSettings:1      ; bokeh simulation when scattering]]
[2019.12.02-22.25.58:584][  0]LogConfig: Setting CVar [[r.DOF.Scatter.MaxSpriteRatio:0.1         ; only a maximum of 10% of scattered bokeh]]
[2019.12.02-22.25.58:584][  0]LogConfig: Setting CVar [[r.DOF.Recombine.Quality:1                ; cheap slight out of focus]]
[2019.12.02-22.25.58:584][  0]LogConfig: Setting CVar [[r.DOF.Recombine.EnableBokehSettings:0    ; no bokeh simulation on slight out of focus]]
[2019.12.02-22.25.58:584][  0]LogConfig: Setting CVar [[r.DOF.TemporalAAQuality:1                ; more stable temporal accumulation]]
[2019.12.02-22.25.58:584][  0]LogConfig: Setting CVar [[r.DOF.Kernel.MaxForegroundRadius:0.025]]
[2019.12.02-22.25.58:584][  0]LogConfig: Setting CVar [[r.DOF.Kernel.MaxBackgroundRadius:0.025]]
[2019.12.02-22.25.58:584][  0]LogConfig: Applying CVar settings from Section [TextureQuality@3] File [C:/Users/Vadzim_Makarchyk/Work/SelfStudy/CGA/JustDoIt/Saved/Config/Windows/Scalability.ini]
[2019.12.02-22.25.58:584][  0]LogConfig: Setting CVar [[r.Streaming.MipBias:0]]
[2019.12.02-22.25.58:584][  0]LogConfig: Setting CVar [[r.Streaming.AmortizeCPUToGPUCopy:0]]
[2019.12.02-22.25.58:584][  0]LogConfig: Setting CVar [[r.Streaming.MaxNumTexturesToStreamPerFrame:0]]
[2019.12.02-22.25.58:584][  0]LogConfig: Setting CVar [[r.Streaming.Boost:1]]
[2019.12.02-22.25.58:584][  0]LogConfig: Setting CVar [[r.MaxAnisotropy:8]]
[2019.12.02-22.25.58:584][  0]LogConfig: Setting CVar [[r.Streaming.LimitPoolSizeToVRAM:0]]
[2019.12.02-22.25.58:584][  0]LogConfig: Setting CVar [[r.Streaming.PoolSize:1000]]
[2019.12.02-22.25.58:584][  0]LogConfig: Setting CVar [[r.Streaming.MaxEffectiveScreenSize:0]]
[2019.12.02-22.25.58:584][  0]LogConfig: Applying CVar settings from Section [EffectsQuality@3] File [C:/Users/Vadzim_Makarchyk/Work/SelfStudy/CGA/JustDoIt/Saved/Config/Windows/Scalability.ini]
[2019.12.02-22.25.58:584][  0]LogConfig: Setting CVar [[r.TranslucencyLightingVolumeDim:64]]
[2019.12.02-22.25.58:584][  0]LogConfig: Setting CVar [[r.RefractionQuality:2]]
[2019.12.02-22.25.58:584][  0]LogConfig: Setting CVar [[r.SSR.Quality:3]]
[2019.12.02-22.25.58:584][  0]LogConfig: Setting CVar [[r.SceneColorFormat:4]]
[2019.12.02-22.25.58:584][  0]LogConfig: Setting CVar [[r.DetailMode:2]]
[2019.12.02-22.25.58:584][  0]LogConfig: Setting CVar [[r.TranslucencyVolumeBlur:1]]
[2019.12.02-22.25.58:584][  0]LogConfig: Setting CVar [[r.MaterialQualityLevel:1 ; High quality]]
[2019.12.02-22.25.58:584][  0]LogConfig: Setting CVar [[r.SSS.Scale:1]]
[2019.12.02-22.25.58:584][  0]LogConfig: Setting CVar [[r.SSS.SampleSet:2]]
[2019.12.02-22.25.58:584][  0]LogConfig: Setting CVar [[r.SSS.Quality:1]]
[2019.12.02-22.25.58:584][  0]LogConfig: Setting CVar [[r.SSS.HalfRes:1]]
[2019.12.02-22.25.58:584][  0]LogConfig: Setting CVar [[r.EmitterSpawnRateScale:1.0]]
[2019.12.02-22.25.58:584][  0]LogConfig: Setting CVar [[r.ParticleLightQuality:2]]
[2019.12.02-22.25.58:584][  0]LogConfig: Applying CVar settings from Section [FoliageQuality@3] File [C:/Users/Vadzim_Makarchyk/Work/SelfStudy/CGA/JustDoIt/Saved/Config/Windows/Scalability.ini]
[2019.12.02-22.25.58:584][  0]LogConfig: Setting CVar [[foliage.DensityScale:1.0]]
[2019.12.02-22.25.58:584][  0]LogConfig: Setting CVar [[grass.DensityScale:1.0]]
[2019.12.02-22.25.58:585][  0]LogInit: Selected Device Profile: [Windows]
[2019.12.02-22.25.58:585][  0]LogInit: Applying CVar settings loaded from the selected device profile: [Windows]
[2019.12.02-22.25.58:587][  0]LogHAL: Display: Platform has ~ 16 GB [16881311744 / 17179869184 / 16], which maps to Larger [LargestMinGB=32, LargerMinGB=12, DefaultMinGB=8, SmallerMinGB=6, SmallestMinGB=0)
[2019.12.02-22.25.58:587][  0]LogInit: Going up to parent DeviceProfile []
[2019.12.02-22.25.58:587][  0]LogConfig: Applying CVar settings from Section [ViewDistanceQuality@3] File [C:/Users/Vadzim_Makarchyk/Work/SelfStudy/CGA/JustDoIt/Saved/Config/Windows/Scalability.ini]
[2019.12.02-22.25.58:587][  0]LogConfig: Setting CVar [[r.SkeletalMeshLODBias:0]]
[2019.12.02-22.25.58:587][  0]LogConfig: Setting CVar [[r.ViewDistanceScale:1.0]]
[2019.12.02-22.25.58:587][  0]LogConfig: Applying CVar settings from Section [AntiAliasingQuality@3] File [C:/Users/Vadzim_Makarchyk/Work/SelfStudy/CGA/JustDoIt/Saved/Config/Windows/Scalability.ini]
[2019.12.02-22.25.58:587][  0]LogConfig: Setting CVar [[r.PostProcessAAQuality:4]]
[2019.12.02-22.25.58:587][  0]LogConfig: Applying CVar settings from Section [ShadowQuality@3] File [C:/Users/Vadzim_Makarchyk/Work/SelfStudy/CGA/JustDoIt/Saved/Config/Windows/Scalability.ini]
[2019.12.02-22.25.58:587][  0]LogConfig: Setting CVar [[r.LightFunctionQuality:1]]
[2019.12.02-22.25.58:587][  0]LogConfig: Setting CVar [[r.ShadowQuality:5]]
[2019.12.02-22.25.58:587][  0]LogConfig: Setting CVar [[r.Shadow.CSM.MaxCascades:10]]
[2019.12.02-22.25.58:587][  0]LogConfig: Setting CVar [[r.Shadow.MaxResolution:2048]]
[2019.12.02-22.25.58:587][  0]LogConfig: Setting CVar [[r.Shadow.MaxCSMResolution:2048]]
[2019.12.02-22.25.58:587][  0]LogConfig: Setting CVar [[r.Shadow.RadiusThreshold:0.01]]
[2019.12.02-22.25.58:587][  0]LogConfig: Setting CVar [[r.Shadow.DistanceScale:1.0]]
[2019.12.02-22.25.58:587][  0]LogConfig: Setting CVar [[r.Shadow.CSM.TransitionScale:1.0]]
[2019.12.02-22.25.58:587][  0]LogConfig: Setting CVar [[r.Shadow.PreShadowResolutionFactor:1.0]]
[2019.12.02-22.25.58:587][  0]LogConfig: Setting CVar [[r.DistanceFieldShadowing:1]]
[2019.12.02-22.25.58:587][  0]LogConfig: Setting CVar [[r.DistanceFieldAO:1]]
[2019.12.02-22.25.58:587][  0]LogConfig: Setting CVar [[r.AOQuality:2]]
[2019.12.02-22.25.58:587][  0]LogConfig: Setting CVar [[r.VolumetricFog:1]]
[2019.12.02-22.25.58:587][  0]LogConfig: Setting CVar [[r.VolumetricFog.GridPixelSize:8]]
[2019.12.02-22.25.58:587][  0]LogConfig: Setting CVar [[r.VolumetricFog.GridSizeZ:128]]
[2019.12.02-22.25.58:587][  0]LogConfig: Setting CVar [[r.VolumetricFog.HistoryMissSupersampleCount:4]]
[2019.12.02-22.25.58:587][  0]LogConfig: Setting CVar [[r.LightMaxDrawDistanceScale:1]]
[2019.12.02-22.25.58:587][  0]LogConfig: Setting CVar [[r.CapsuleShadows:1]]
[2019.12.02-22.25.58:587][  0]LogConfig: Applying CVar settings from Section [PostProcessQuality@3] File [C:/Users/Vadzim_Makarchyk/Work/SelfStudy/CGA/JustDoIt/Saved/Config/Windows/Scalability.ini]
[2019.12.02-22.25.58:587][  0]LogConfig: Setting CVar [[r.MotionBlurQuality:4]]
[2019.12.02-22.25.58:587][  0]LogConfig: Setting CVar [[r.AmbientOcclusionMipLevelFactor:0.4]]
[2019.12.02-22.25.58:587][  0]LogConfig: Setting CVar [[r.AmbientOcclusionMaxQuality:100]]
[2019.12.02-22.25.58:587][  0]LogConfig: Setting CVar [[r.AmbientOcclusionLevels:-1]]
[2019.12.02-22.25.58:587][  0]LogConfig: Setting CVar [[r.AmbientOcclusionRadiusScale:1.0]]
[2019.12.02-22.25.58:587][  0]LogConfig: Setting CVar [[r.DepthOfFieldQuality:2]]
[2019.12.02-22.25.58:587][  0]LogConfig: Setting CVar [[r.RenderTargetPoolMin:400]]
[2019.12.02-22.25.58:587][  0]LogConfig: Setting CVar [[r.LensFlareQuality:2]]
[2019.12.02-22.25.58:587][  0]LogConfig: Setting CVar [[r.SceneColorFringeQuality:1]]
[2019.12.02-22.25.58:587][  0]LogConfig: Setting CVar [[r.EyeAdaptationQuality:2]]
[2019.12.02-22.25.58:587][  0]LogConfig: Setting CVar [[r.BloomQuality:5]]
[2019.12.02-22.25.58:587][  0]LogConfig: Setting CVar [[r.FastBlurThreshold:100]]
[2019.12.02-22.25.58:587][  0]LogConfig: Setting CVar [[r.Upscale.Quality:3]]
[2019.12.02-22.25.58:587][  0]LogConfig: Setting CVar [[r.Tonemapper.GrainQuantization:1]]
[2019.12.02-22.25.58:587][  0]LogConfig: Setting CVar [[r.LightShaftQuality:1]]
[2019.12.02-22.25.58:587][  0]LogConfig: Setting CVar [[r.Filter.SizeScale:1]]
[2019.12.02-22.25.58:588][  0]LogConfig: Setting CVar [[r.Tonemapper.Quality:5]]
[2019.12.02-22.25.58:588][  0]LogConfig: Setting CVar [[r.DOF.Gather.AccumulatorQuality:1        ; higher gathering accumulator quality]]
[2019.12.02-22.25.58:588][  0]LogConfig: Setting CVar [[r.DOF.Gather.PostfilterMethod:1          ; Median3x3 postfilering method]]
[2019.12.02-22.25.58:588][  0]LogConfig: Setting CVar [[r.DOF.Gather.EnableBokehSettings:0       ; no bokeh simulation when gathering]]
[2019.12.02-22.25.58:588][  0]LogConfig: Setting CVar [[r.DOF.Gather.RingCount:4                 ; medium number of samples when gathering]]
[2019.12.02-22.25.58:588][  0]LogConfig: Setting CVar [[r.DOF.Scatter.ForegroundCompositing:1    ; additive foreground scattering]]
[2019.12.02-22.25.58:588][  0]LogConfig: Setting CVar [[r.DOF.Scatter.BackgroundCompositing:2    ; additive background scattering]]
[2019.12.02-22.25.58:588][  0]LogConfig: Setting CVar [[r.DOF.Scatter.EnableBokehSettings:1      ; bokeh simulation when scattering]]
[2019.12.02-22.25.58:588][  0]LogConfig: Setting CVar [[r.DOF.Scatter.MaxSpriteRatio:0.1         ; only a maximum of 10% of scattered bokeh]]
[2019.12.02-22.25.58:588][  0]LogConfig: Setting CVar [[r.DOF.Recombine.Quality:1                ; cheap slight out of focus]]
[2019.12.02-22.25.58:588][  0]LogConfig: Setting CVar [[r.DOF.Recombine.EnableBokehSettings:0    ; no bokeh simulation on slight out of focus]]
[2019.12.02-22.25.58:588][  0]LogConfig: Setting CVar [[r.DOF.TemporalAAQuality:1                ; more stable temporal accumulation]]
[2019.12.02-22.25.58:588][  0]LogConfig: Setting CVar [[r.DOF.Kernel.MaxForegroundRadius:0.025]]
[2019.12.02-22.25.58:588][  0]LogConfig: Setting CVar [[r.DOF.Kernel.MaxBackgroundRadius:0.025]]
[2019.12.02-22.25.58:588][  0]LogConfig: Applying CVar settings from Section [TextureQuality@3] File [C:/Users/Vadzim_Makarchyk/Work/SelfStudy/CGA/JustDoIt/Saved/Config/Windows/Scalability.ini]
[2019.12.02-22.25.58:588][  0]LogConfig: Setting CVar [[r.Streaming.MipBias:0]]
[2019.12.02-22.25.58:588][  0]LogConfig: Setting CVar [[r.Streaming.AmortizeCPUToGPUCopy:0]]
[2019.12.02-22.25.58:588][  0]LogConfig: Setting CVar [[r.Streaming.MaxNumTexturesToStreamPerFrame:0]]
[2019.12.02-22.25.58:588][  0]LogConfig: Setting CVar [[r.Streaming.Boost:1]]
[2019.12.02-22.25.58:588][  0]LogConfig: Setting CVar [[r.MaxAnisotropy:8]]
[2019.12.02-22.25.58:588][  0]LogConfig: Setting CVar [[r.Streaming.LimitPoolSizeToVRAM:0]]
[2019.12.02-22.25.58:588][  0]LogConfig: Setting CVar [[r.Streaming.PoolSize:1000]]
[2019.12.02-22.25.58:588][  0]LogConfig: Setting CVar [[r.Streaming.MaxEffectiveScreenSize:0]]
[2019.12.02-22.25.58:588][  0]LogConfig: Applying CVar settings from Section [EffectsQuality@3] File [C:/Users/Vadzim_Makarchyk/Work/SelfStudy/CGA/JustDoIt/Saved/Config/Windows/Scalability.ini]
[2019.12.02-22.25.58:588][  0]LogConfig: Setting CVar [[r.TranslucencyLightingVolumeDim:64]]
[2019.12.02-22.25.58:588][  0]LogConfig: Setting CVar [[r.RefractionQuality:2]]
[2019.12.02-22.25.58:588][  0]LogConfig: Setting CVar [[r.SSR.Quality:3]]
[2019.12.02-22.25.58:588][  0]LogConfig: Setting CVar [[r.SceneColorFormat:4]]
[2019.12.02-22.25.58:588][  0]LogConfig: Setting CVar [[r.DetailMode:2]]
[2019.12.02-22.25.58:588][  0]LogConfig: Setting CVar [[r.TranslucencyVolumeBlur:1]]
[2019.12.02-22.25.58:588][  0]LogConfig: Setting CVar [[r.MaterialQualityLevel:1 ; High quality]]
[2019.12.02-22.25.58:588][  0]LogConfig: Setting CVar [[r.SSS.Scale:1]]
[2019.12.02-22.25.58:588][  0]LogConfig: Setting CVar [[r.SSS.SampleSet:2]]
[2019.12.02-22.25.58:588][  0]LogConfig: Setting CVar [[r.SSS.Quality:1]]
[2019.12.02-22.25.58:588][  0]LogConfig: Setting CVar [[r.SSS.HalfRes:1]]
[2019.12.02-22.25.58:588][  0]LogConfig: Setting CVar [[r.EmitterSpawnRateScale:1.0]]
[2019.12.02-22.25.58:588][  0]LogConfig: Setting CVar [[r.ParticleLightQuality:2]]
[2019.12.02-22.25.58:588][  0]LogConfig: Applying CVar settings from Section [FoliageQuality@3] File [C:/Users/Vadzim_Makarchyk/Work/SelfStudy/CGA/JustDoIt/Saved/Config/Windows/Scalability.ini]
[2019.12.02-22.25.58:588][  0]LogConfig: Setting CVar [[foliage.DensityScale:1.0]]
[2019.12.02-22.25.58:588][  0]LogConfig: Setting CVar [[grass.DensityScale:1.0]]
[2019.12.02-22.25.58:588][  0]LogConfig: Applying CVar settings from Section [Startup] File [../../../Engine/Config/ConsoleVariables.ini]
[2019.12.02-22.25.58:588][  0]LogConfig: Setting CVar [[net.UseAdaptiveNetUpdateFrequency:0]]
[2019.12.02-22.25.58:588][  0]LogConfig: Setting CVar [[p.chaos.AllowCreatePhysxBodies:1]]
[2019.12.02-22.25.58:588][  0]LogConfig: Applying CVar settings from Section [ConsoleVariables] File [C:/Users/Vadzim_Makarchyk/Work/SelfStudy/CGA/JustDoIt/Saved/Config/Windows/Engine.ini]
[2019.12.02-22.25.58:588][  0]LogInit: Computer: EPBYMINW4085
[2019.12.02-22.25.58:588][  0]LogInit: User: VadzimMakarchyk
[2019.12.02-22.25.58:588][  0]LogInit: CPU Page size=4096, Cores=6
[2019.12.02-22.25.58:588][  0]LogInit: High frequency timer resolution =10.000000 MHz
[2019.12.02-22.25.58:588][  0]LogMemory: Memory total: Physical=15.7GB (16GB approx)
[2019.12.02-22.25.58:588][  0]LogMemory: Platform Memory Stats for Windows
[2019.12.02-22.25.58:588][  0]LogMemory: Process Physical Memory: 107.41 MB used, 107.41 MB peak
[2019.12.02-22.25.58:588][  0]LogMemory: Process Virtual Memory: 103.26 MB used, 103.26 MB peak
[2019.12.02-22.25.58:588][  0]LogMemory: Physical Memory: 7587.71 MB used,  8511.56 MB free, 16099.27 MB total
[2019.12.02-22.25.58:588][  0]LogMemory: Virtual Memory: 4704.04 MB used,  134213024.00 MB free, 134217728.00 MB total
[2019.12.02-22.25.58:591][  0]LogWindows: WindowsPlatformFeatures enabled
[2019.12.02-22.25.58:624][  0]LogInit: Using OS detected language (en-US).
[2019.12.02-22.25.58:624][  0]LogInit: Using OS detected locale (en-US).
[2019.12.02-22.25.58:625][  0]LogTextLocalizationManager: No specific localization for 'en-US' exists, so the 'en' localization will be used.
[2019.12.02-22.25.58:753][  0]LogInit: Setting process to per monitor DPI aware
[2019.12.02-22.25.58:787][  0]LogSlate: New Slate User Created.  User Index 0, Is Virtual User: 0
[2019.12.02-22.25.58:787][  0]LogSlate: Slate User Registered.  User Index 0, Is Virtual User: 0
[2019.12.02-22.25.58:993][  0]LogHMD: Failed to initialize OpenVR with code 110
[2019.12.02-22.25.58:993][  0]LogD3D11RHI: D3D11 adapters:
[2019.12.02-22.25.59:019][  0]LogD3D11RHI:    0. 'Intel(R) UHD Graphics 630' (Feature Level 11_0)
[2019.12.02-22.25.59:019][  0]LogD3D11RHI:       128/0/8049 MB DedicatedVideo/DedicatedSystem/SharedSystem, Outputs:1, VendorId:0x8086
[2019.12.02-22.25.59:021][  0]LogD3D11RHI:    1. 'Microsoft Basic Render Driver' (Feature Level 11_0)
[2019.12.02-22.25.59:021][  0]LogD3D11RHI:       0/0/8049 MB DedicatedVideo/DedicatedSystem/SharedSystem, Outputs:0, VendorId:0x1414
[2019.12.02-22.25.59:021][  0]LogD3D11RHI: Chosen D3D11 Adapter: 0
[2019.12.02-22.25.59:028][  0]LogD3D11RHI: Creating new Direct3DDevice
[2019.12.02-22.25.59:028][  0]LogD3D11RHI:     GPU DeviceId: 0x3e92 (for the marketing name, search the web for "GPU Device Id")
[2019.12.02-22.25.59:028][  0]LogWindows: EnumDisplayDevices:
[2019.12.02-22.25.59:028][  0]LogWindows:    0. 'Intel(R) UHD Graphics 630' (P:1 D:1)
[2019.12.02-22.25.59:028][  0]LogWindows:    1. 'Intel(R) UHD Graphics 630' (P:0 D:0)
[2019.12.02-22.25.59:028][  0]LogWindows:    2. 'Intel(R) UHD Graphics 630' (P:0 D:0)
[2019.12.02-22.25.59:028][  0]LogWindows:    3. 'Intel(R) UHD Graphics 630' (P:0 D:0)
[2019.12.02-22.25.59:028][  0]LogWindows:    4. 'Intel(R) UHD Graphics 630' (P:0 D:0)
[2019.12.02-22.25.59:029][  0]LogWindows:    5. 'Intel(R) UHD Graphics 630' (P:0 D:0)
[2019.12.02-22.25.59:029][  0]LogWindows:    6. 'Intel(R) UHD Graphics 630' (P:0 D:0)
[2019.12.02-22.25.59:029][  0]LogWindows:    7. 'Intel(R) UHD Graphics 630' (P:0 D:0)
[2019.12.02-22.25.59:029][  0]LogWindows:    8. 'Intel(R) UHD Graphics 630' (P:0 D:0)
[2019.12.02-22.25.59:029][  0]LogWindows:    9. 'Intel(R) UHD Graphics 630' (P:0 D:0)
[2019.12.02-22.25.59:029][  0]LogWindows:    10. 'Intel(R) UHD Graphics 630' (P:0 D:0)
[2019.12.02-22.25.59:029][  0]LogWindows:    11. 'Intel(R) UHD Graphics 630' (P:0 D:0)
[2019.12.02-22.25.59:029][  0]LogWindows:    12. 'Intel(R) UHD Graphics 630' (P:0 D:0)
[2019.12.02-22.25.59:029][  0]LogWindows:    13. 'Intel(R) UHD Graphics 630' (P:0 D:0)
[2019.12.02-22.25.59:029][  0]LogWindows:    14. 'Intel(R) UHD Graphics 630' (P:0 D:0)
[2019.12.02-22.25.59:029][  0]LogWindows:    15. 'Intel(R) UHD Graphics 630' (P:0 D:0)
[2019.12.02-22.25.59:029][  0]LogWindows: DebugString: PrimaryDriverLocationFailed PrimaryDriverLocationFailed PrimaryDriverLocationFailed PrimaryDriverLocationFailed PrimaryDriverLocationFailed PrimaryDriverLocationFailed PrimaryDriverLocationFailed PrimaryDriverLocationFailed PrimaryDriverLocationFailed PrimaryDriverLocationFailed PrimaryDriverLocationFailed PrimaryDriverLocationFailed PrimaryDriverLocationFailed PrimaryDriverLocationFailed PrimaryDriverLocationFailed PrimaryDriverLocationFailed FoundDriverCount:0 
[2019.12.02-22.25.59:029][  0]LogD3D11RHI:     Adapter Name: Intel(R) UHD Graphics 630
[2019.12.02-22.25.59:029][  0]LogD3D11RHI:   Driver Version: Unknown (internal:Unknown, unified:Unknown)
[2019.12.02-22.25.59:029][  0]LogD3D11RHI:      Driver Date: Unknown
[2019.12.02-22.25.59:029][  0]LogRHI: Texture pool is 1523 MB (70% of 2176 MB)
[2019.12.02-22.25.59:051][  0]LogD3D11RHI: Async texture creation enabled
[2019.12.02-22.25.59:056][  0]LogD3D11RHI: GPU Timing Frequency: 12.000048 (Debug: 2 0)
[2019.12.02-22.25.59:432][  0]LogTemp: Display: Module 'AllDesktopTargetPlatform' loaded TargetPlatform 'AllDesktop'
[2019.12.02-22.25.59:440][  0]LogTemp: Display: Module 'MacClientTargetPlatform' loaded TargetPlatform 'MacClient'
[2019.12.02-22.25.59:448][  0]LogTemp: Display: Module 'MacNoEditorTargetPlatform' loaded TargetPlatform 'MacNoEditor'
[2019.12.02-22.25.59:455][  0]LogTemp: Display: Module 'MacServerTargetPlatform' loaded TargetPlatform 'MacServer'
[2019.12.02-22.25.59:463][  0]LogTemp: Display: Module 'MacTargetPlatform' loaded TargetPlatform 'Mac'
[2019.12.02-22.25.59:471][  0]LogTemp: Display: Module 'WindowsClientTargetPlatform' loaded TargetPlatform 'WindowsClient'
[2019.12.02-22.25.59:479][  0]LogTemp: Display: Module 'WindowsNoEditorTargetPlatform' loaded TargetPlatform 'WindowsNoEditor'
[2019.12.02-22.25.59:486][  0]LogTemp: Display: Module 'WindowsServerTargetPlatform' loaded TargetPlatform 'WindowsServer'
[2019.12.02-22.25.59:490][  0]LogTemp: Display: Module 'WindowsTargetPlatform' loaded TargetPlatform 'Windows'
[2019.12.02-22.25.59:517][  0]LogTemp: Display: Module 'AndroidTargetPlatform' loaded TargetPlatform 'Android'
[2019.12.02-22.25.59:517][  0]LogTemp: Display: Module 'AndroidTargetPlatform' loaded TargetPlatform 'Android_ASTC'
[2019.12.02-22.25.59:517][  0]LogTemp: Display: Module 'AndroidTargetPlatform' loaded TargetPlatform 'Android_ATC'
[2019.12.02-22.25.59:517][  0]LogTemp: Display: Module 'AndroidTargetPlatform' loaded TargetPlatform 'Android_DXT'
[2019.12.02-22.25.59:517][  0]LogTemp: Display: Module 'AndroidTargetPlatform' loaded TargetPlatform 'Android_ETC1'
[2019.12.02-22.25.59:517][  0]LogTemp: Display: Module 'AndroidTargetPlatform' loaded TargetPlatform 'Android_ETC1a'
[2019.12.02-22.25.59:517][  0]LogTemp: Display: Module 'AndroidTargetPlatform' loaded TargetPlatform 'Android_ETC2'
[2019.12.02-22.25.59:517][  0]LogTemp: Display: Module 'AndroidTargetPlatform' loaded TargetPlatform 'Android_PVRTC'
[2019.12.02-22.25.59:517][  0]LogTemp: Display: Module 'AndroidTargetPlatform' loaded TargetPlatform 'AndroidClient'
[2019.12.02-22.25.59:517][  0]LogTemp: Display: Module 'AndroidTargetPlatform' loaded TargetPlatform 'Android_ASTCClient'
[2019.12.02-22.25.59:517][  0]LogTemp: Display: Module 'AndroidTargetPlatform' loaded TargetPlatform 'Android_ATCClient'
[2019.12.02-22.25.59:517][  0]LogTemp: Display: Module 'AndroidTargetPlatform' loaded TargetPlatform 'Android_DXTClient'
[2019.12.02-22.25.59:517][  0]LogTemp: Display: Module 'AndroidTargetPlatform' loaded TargetPlatform 'Android_ETC1Client'
[2019.12.02-22.25.59:517][  0]LogTemp: Display: Module 'AndroidTargetPlatform' loaded TargetPlatform 'Android_ETC1aClient'
[2019.12.02-22.25.59:517][  0]LogTemp: Display: Module 'AndroidTargetPlatform' loaded TargetPlatform 'Android_ETC2Client'
[2019.12.02-22.25.59:517][  0]LogTemp: Display: Module 'AndroidTargetPlatform' loaded TargetPlatform 'Android_PVRTCClient'
[2019.12.02-22.25.59:517][  0]LogTemp: Display: Module 'AndroidTargetPlatform' loaded TargetPlatform 'Android_Multi'
[2019.12.02-22.25.59:517][  0]LogTemp: Display: Module 'AndroidTargetPlatform' loaded TargetPlatform 'Android_MultiClient'
[2019.12.02-22.25.59:519][  0]LogTemp: Display: Module 'HTML5TargetPlatform' loaded TargetPlatform 'HTML5'
[2019.12.02-22.25.59:535][  0]LogTemp: Display: Module 'IOSTargetPlatform' loaded TargetPlatform 'IOSClient'
[2019.12.02-22.25.59:535][  0]LogTemp: Display: Module 'IOSTargetPlatform' loaded TargetPlatform 'IOS'
[2019.12.02-22.25.59:548][  0]LogTemp: Display: Module 'TVOSTargetPlatform' loaded TargetPlatform 'TVOSClient'
[2019.12.02-22.25.59:548][  0]LogTemp: Display: Module 'TVOSTargetPlatform' loaded TargetPlatform 'TVOS'
[2019.12.02-22.25.59:554][  0]LogTemp: Display: Module 'LinuxClientTargetPlatform' loaded TargetPlatform 'LinuxClient'
[2019.12.02-22.25.59:560][  0]LogTemp: Display: Module 'LinuxNoEditorTargetPlatform' loaded TargetPlatform 'LinuxNoEditor'
[2019.12.02-22.25.59:566][  0]LogTemp: Display: Module 'LinuxServerTargetPlatform' loaded TargetPlatform 'LinuxServer'
[2019.12.02-22.25.59:573][  0]LogTemp: Display: Module 'LinuxTargetPlatform' loaded TargetPlatform 'Linux'
[2019.12.02-22.25.59:594][  0]LogTemp: Display: Module 'LuminTargetPlatform' loaded TargetPlatform 'Lumin'
[2019.12.02-22.25.59:594][  0]LogTemp: Display: Module 'LuminTargetPlatform' loaded TargetPlatform 'LuminClient'
[2019.12.02-22.25.59:594][  0]LogTargetPlatformManager: Display: Building Assets For Windows
[2019.12.02-22.25.59:604][  0]LogAudioDebug: Display: Lib vorbis DLL was dynamically loaded.
[2019.12.02-22.25.59:659][  0]LogShaderCompilers: Guid format shader working directory is -12 characters bigger than the processId version (../../../../../../Users/Vadzim_Makarchyk/Work/SelfStudy/CGA/JustDoIt/Intermediate/Shaders/WorkingDirectory/20676/).
[2019.12.02-22.25.59:660][  0]LogShaderCompilers: Cleaned the shader compiler working directory 'C:/Users/Vadzim_Makarchyk/AppData/Local/Temp/UnrealShaderWorkingDir/32D26BE44FF3F39DCAC00A8D1B002852/'.
[2019.12.02-22.25.59:662][  0]LogXGEController: Cannot use XGE Controller as Incredibuild is not installed on this machine.
[2019.12.02-22.25.59:662][  0]LogShaderCompilers: Cannot use XGE Shader Compiler as Incredibuild is not installed on this machine.
[2019.12.02-22.25.59:662][  0]LogShaderCompilers: Display: Using Local Shader Compiler.
[2019.12.02-22.26.00:174][  0]LogDerivedDataCache: Display: Max Cache Size: 512 MB
[2019.12.02-22.26.00:214][  0]LogDerivedDataCache: Loaded boot cache 0.04s 74MB C:/Users/Vadzim_Makarchyk/AppData/Local/UnrealEngine/4.23/DerivedDataCache/Boot.ddc.
[2019.12.02-22.26.00:214][  0]LogDerivedDataCache: Display: Loaded Boot cache: C:/Users/Vadzim_Makarchyk/AppData/Local/UnrealEngine/4.23/DerivedDataCache/Boot.ddc
[2019.12.02-22.26.00:214][  0]LogDerivedDataCache: FDerivedDataBackendGraph:  Pak pak cache file ../../../../../../Users/Vadzim_Makarchyk/Work/SelfStudy/CGA/JustDoIt/DerivedDataCache/DDC.ddp not found, will not use a pak cache.
[2019.12.02-22.26.00:214][  0]LogDerivedDataCache: Unable to find inner node Pak for hierarchical cache Hierarchy.
[2019.12.02-22.26.00:214][  0]LogDerivedDataCache: FDerivedDataBackendGraph:  CompressedPak pak cache file ../../../../../../Users/Vadzim_Makarchyk/Work/SelfStudy/CGA/JustDoIt/DerivedDataCache/Compressed.ddp not found, will not use a pak cache.
[2019.12.02-22.26.00:214][  0]LogDerivedDataCache: Unable to find inner node CompressedPak for hierarchical cache Hierarchy.
[2019.12.02-22.26.00:223][  0]LogDerivedDataCache: Display: Pak cache opened for reading ../../../Engine/DerivedDataCache/Compressed.ddp.
[2019.12.02-22.26.00:224][  0]LogDerivedDataCache: Display: Pak cache opened for reading ../../../Enterprise/DerivedDataCache/Compressed.ddp.
[2019.12.02-22.26.00:227][  0]LogDerivedDataCache: Using Local data cache path C:/Users/Vadzim_Makarchyk/AppData/Local/UnrealEngine/Common/DerivedDataCache: Writable
[2019.12.02-22.26.00:227][  0]LogDerivedDataCache: Shared data cache path not found in *engine.ini, will not use an Shared cache.
[2019.12.02-22.26.00:228][  0]LogDerivedDataCache: Unable to find inner node Shared for hierarchical cache Hierarchy.
[2019.12.02-22.26.00:244][  0]LogMaterial: Verifying Global Shaders for PCD3D_SM5
[2019.12.02-22.26.00:245][  0]LogSlate: Using FreeType 2.6.0
[2019.12.02-22.26.00:246][  0]LogSlate: SlateFontServices - WITH_FREETYPE: 1, WITH_HARFBUZZ: 1
[2019.12.02-22.26.00:312][  0]LogAssetRegistry: FAssetRegistry took 0.0022 seconds to start up
[2019.12.02-22.26.00:534][  0]LogInit: Selected Device Profile: [Windows]
[2019.12.02-22.26.00:660][  0]LogMeshReduction: Using QuadricMeshReduction for automatic static mesh reduction
[2019.12.02-22.26.00:660][  0]LogMeshReduction: Using SimplygonMeshReduction for automatic skeletal mesh reduction
[2019.12.02-22.26.00:660][  0]LogMeshReduction: Using ProxyLODMeshReduction for automatic mesh merging
[2019.12.02-22.26.00:660][  0]LogMeshReduction: No distributed automatic mesh merging module available
[2019.12.02-22.26.00:660][  0]LogMeshMerging: No distributed automatic mesh merging module available
[2019.12.02-22.26.00:668][  0]LogNetVersion: JustDoIt 1.0.0, NetCL: 8386587, EngineNetVer: 11, GameNetVer: 0 (Checksum: 2198397873)
[2019.12.02-22.26.01:045][  0]LogPackageLocalizationCache: Processed 18 localized package path(s) for 1 prioritized culture(s) in 0.075487 seconds
[2019.12.02-22.26.01:050][  0]LogUObjectArray: 43444 objects as part of root set at end of initial load.
[2019.12.02-22.26.01:050][  0]LogUObjectAllocator: 7548648 out of 0 bytes used by permanent object pool.
[2019.12.02-22.26.01:050][  0]LogUObjectArray: CloseDisregardForGC: 0/0 objects in disregard for GC pool
[2019.12.02-22.26.01:934][  0]LogTcpMessaging: Initializing TcpMessaging bridge
[2019.12.02-22.26.01:937][  0]LogUdpMessaging: Initializing bridge on interface 0.0.0.0:0 to multicast group 230.0.0.1:6666.
[2019.12.02-22.26.01:990][  0]SourceControl: Source control is disabled
[2019.12.02-22.26.01:990][  0]SourceControl: Source control is disabled
[2019.12.02-22.26.01:992][  0]SourceControl: Source control is disabled
[2019.12.02-22.26.01:993][  0]SourceControl: Source control is disabled
[2019.12.02-22.26.02:170][  0]LogAndroidPermission: UAndroidPermissionCallbackProxy::GetInstance
[2019.12.02-22.26.02:318][  0]LogOcInput: OculusInput pre-init called
[2019.12.02-22.26.02:325][  0]LogWindows: Failed to load 'OVRPlugin.dll' (GetLastError=126)
[2019.12.02-22.26.02:325][  0]LogWindows: File 'OVRPlugin.dll' does not exist
[2019.12.02-22.26.04:998][  0]LogEngine: Initializing Engine...
[2019.12.02-22.26.04:999][  0]LogHMD: Failed to initialize OpenVR with code 110
[2019.12.02-22.26.05:000][  0]LogStats: UGameplayTagsManager::InitializeManager -  0.000 s
[2019.12.02-22.26.05:174][  0]LogInit: Initializing FReadOnlyCVARCache
[2019.12.02-22.26.05:190][  0]LogAIModule: Creating AISystem for world Untitled
[2019.12.02-22.26.05:197][  0]LogInit: XAudio2 using 'Remote Audio' : 2 channels at 44.1 kHz using 16 bits per sample (channel mask 0x3)
[2019.12.02-22.26.05:357][  0]LogInit: FAudioDevice initialized.
[2019.12.02-22.26.05:357][  0]LogNetVersion: Set ProjectVersion to 1.0.0.0. Version Checksum will be recalculated on next use.
[2019.12.02-22.26.05:408][  0]LogDerivedDataCache: Saved boot cache 0.05s 74MB C:/Users/Vadzim_Makarchyk/AppData/Local/UnrealEngine/4.23/DerivedDataCache/Boot.ddc.
[2019.12.02-22.26.05:411][  0]LogInit: Texture streaming: Enabled
[2019.12.02-22.26.05:430][  0]LogEngineSessionManager: EngineSessionManager initialized
[2019.12.02-22.26.05:430][  0]LogEditorSessionSummary: Verbose: Initializing EditorSessionSummaryWriter for editor session tracking
[2019.12.02-22.26.05:433][  0]LogEditorSessionSummary: EditorSessionSummaryWriter initialized
[2019.12.02-22.26.05:489][  0]LogInit: Transaction tracking system initialized
[2019.12.02-22.26.05:518][  0]BlueprintLog: New page: Editor Load
[2019.12.02-22.26.05:597][  0]LocalizationService: Localization service is disabled
[2019.12.02-22.26.05:820][  0]LogFileCache: Scanning file cache for directory 'C:/Users/Vadzim_Makarchyk/Work/SelfStudy/CGA/JustDoIt/Content/' took 0.00s
[2019.12.02-22.26.05:820][  0]LogCook: Display: Max memory allowance for cook 16384mb min free memory 0mb
[2019.12.02-22.26.05:820][  0]LogCook: Display: Mobile HDR setting 1
[2019.12.02-22.26.07:487][  0]SourceControl: Source control is disabled
[2019.12.02-22.26.07:487][  0]Cmd: MAP LOAD FILE="../../../../../../Users/Vadzim_Makarchyk/Work/SelfStudy/CGA/JustDoIt/Content/StarterContent/Maps/Minimal_Default.umap" TEMPLATE=0 SHOWPROGRESS=1 FEATURELEVEL=3
[2019.12.02-22.26.07:487][  0]LightingResults: New page: Lighting Build
[2019.12.02-22.26.07:489][  0]LogWorld: UWorld::CleanupWorld for Untitled, bSessionEnded=true, bCleanupResources=true
[2019.12.02-22.26.07:490][  0]MapCheck: New page: Map Check
[2019.12.02-22.26.07:490][  0]LightingResults: New page: Lighting Build
[2019.12.02-22.26.07:515][  0]LogUObjectHash: Compacting FUObjectHashTables data took   1.46ms
[2019.12.02-22.26.07:713][  0]LogAIModule: Creating AISystem for world Minimal_Default
[2019.12.02-22.26.07:757][  0]LogEditorServer: Finished looking for orphan Actors (0.000 secs)
[2019.12.02-22.26.07:799][  0]LogUObjectHash: Compacting FUObjectHashTables data took   1.80ms
[2019.12.02-22.26.07:799][  0]Cmd: MAP CHECKDEP NOCLEARLOG
[2019.12.02-22.26.07:800][  0]MapCheck: Map check complete: 0 Error(s), 0 Warning(s), took 0.204ms to complete.
[2019.12.02-22.26.07:800][  0]LogFileHelpers: Loading map 'Minimal_Default' took 0.313
[2019.12.02-22.26.07:889][  0]LogSlate: Updating window title bar state: overlay mode, drag disabled, window buttons hidden, title bar hidden
[2019.12.02-22.26.07:896][  0]LogSlate: Updating window title bar state: overlay mode, drag disabled, window buttons hidden, title bar hidden
[2019.12.02-22.26.07:901][  0]LogSlate: Updating window title bar state: overlay mode, drag disabled, window buttons hidden, title bar hidden
[2019.12.02-22.26.07:907][  0]LogSlate: Updating window title bar state: overlay mode, drag disabled, window buttons hidden, title bar hidden
[2019.12.02-22.26.07:919][  0]LogCollectionManager: Loaded 0 collections in 0.001719 seconds
[2019.12.02-22.26.07:931][  0]LogFileCache: Scanning file cache for directory 'C:/Users/Vadzim_Makarchyk/Work/SelfStudy/CGA/JustDoIt/Saved/Collections/' took 0.00s
[2019.12.02-22.26.07:931][  0]LogFileCache: Scanning file cache for directory 'C:/Users/Vadzim_Makarchyk/Work/SelfStudy/CGA/JustDoIt/Content/Developers/VadzimMakarchyk/Collections/' took 0.00s
[2019.12.02-22.26.07:931][  0]LogFileCache: Scanning file cache for directory 'C:/Users/Vadzim_Makarchyk/Work/SelfStudy/CGA/JustDoIt/Content/Collections/' took 0.00s
[2019.12.02-22.26.07:931][  0]LogCollectionManager: Rebuilt the GUID cache for 0 collections in 0.000001 seconds
[2019.12.02-22.26.07:937][  0]LogContentBrowser: Native class hierarchy populated in 0.0066 seconds. Added 3045 classes and 765 folders.
[2019.12.02-22.26.07:943][  0]LogContentBrowser: Native class hierarchy updated for 'WidgetCarousel' in 0.0002 seconds. Added 0 classes and 0 folders.
[2019.12.02-22.26.08:008][  0]LogContentBrowser: Native class hierarchy updated for 'AddContentDialog' in 0.0002 seconds. Added 0 classes and 0 folders.
[2019.12.02-22.26.08:018][  0]LogSlate: Took 0.000281 seconds to synchronously load lazily loaded font '../../../Engine/Content/Slate/Fonts/Roboto-Regular.ttf' (155K)
[2019.12.02-22.26.08:020][  0]LogSlate: Took 0.000194 seconds to synchronously load lazily loaded font '../../../Engine/Content/Slate/Fonts/Roboto-Bold.ttf' (160K)
[2019.12.02-22.26.08:022][  0]LogSlate: Took 0.000174 seconds to synchronously load lazily loaded font '../../../Engine/Content/Editor/Slate/Fonts/FontAwesome.ttf' (139K)
[2019.12.02-22.26.08:065][  0]LogRenderer: Reallocating scene render targets to support 1048x612 Format 10 NumSamples 1 (Frame:1).
[2019.12.02-22.26.08:161][  0]LogSlate: Took 0.000193 seconds to synchronously load lazily loaded font '../../../Engine/Content/Slate/Fonts/Roboto-Light.ttf' (167K)
[2019.12.02-22.26.08:209][  0]LogContentBrowser: Native class hierarchy updated for 'HierarchicalLODOutliner' in 0.0002 seconds. Added 0 classes and 0 folders.
[2019.12.02-22.26.08:209][  0]LogLoad: (Engine Initialization) Total time: 11.23 seconds
[2019.12.02-22.26.08:209][  0]LogLoad: (Engine Initialization) Total Blueprint compile time: 0.00 seconds
[2019.12.02-22.26.08:259][  0]LogAssetRegistry: Asset discovery search completed in 7.9483 seconds
[2019.12.02-22.26.08:262][  0]LogCollectionManager: Rebuilt the object cache for 0 collections in 0.000003 seconds (found 0 objects)
[2019.12.02-22.26.08:262][  0]LogCollectionManager: Fixed up redirectors for 0 collections in 0.000038 seconds (updated 0 objects)
[2019.12.02-22.26.08:460][  0]LogContentStreaming: Texture pool size now 1000 MB
[2019.12.02-22.26.09:233][ 73]LogSlate: Took 0.000261 seconds to synchronously load lazily loaded font '../../../Engine/Content/Slate/Fonts/Roboto-Light.ttf' (167K)
[2019.12.02-22.26.29:384][318]LogSlate: FSceneViewport::OnFocusLost() reason 0
[2019.12.02-22.26.33:210][704]LogAssetEditorManager: Opening Asset editor for Blueprint /Game/Buildable/Ground.Ground
[2019.12.02-22.26.33:387][704]LogContentBrowser: Native class hierarchy updated for 'BlueprintGraph' in 0.0004 seconds. Added 121 classes and 0 folders.
[2019.12.02-22.26.34:028][704]LogSlate: Took 0.000298 seconds to synchronously load lazily loaded font '../../../Engine/Content/Slate/Fonts/Roboto-BoldCondensed.ttf' (158K)
[2019.12.02-22.27.08:215][792]LogEditorSessionSummary: EditorSessionSummary sent report. Type=Shutdown, SessionId={BA175B33-48C9-DFEF-D9CB-72BC35DF0571}
[2019.12.02-22.27.44:223][ 97]Cmd: OBJ SAVEPACKAGE PACKAGE="/Game/Buildable/Ground" FILE="../../../../../../Users/Vadzim_Makarchyk/Work/SelfStudy/CGA/JustDoIt/Content/Buildable/Ground.uasset" SILENT=true
[2019.12.02-22.27.44:259][ 97]LogSavePackage: Moving '../../../../../../Users/Vadzim_Makarchyk/Work/SelfStudy/CGA/JustDoIt/Saved/GroundB5B3CC5B48D917F02B4E67AADAA2B1B6.tmp' to '../../../../../../Users/Vadzim_Makarchyk/Work/SelfStudy/CGA/JustDoIt/Content/Buildable/Ground.uasset'
[2019.12.02-22.28.07:359][504]LogSlate: FSceneViewport::OnFocusLost() reason 0
[2019.12.02-22.28.33:656][740]LogSlate: FSceneViewport::OnFocusLost() reason 0
[2019.12.02-22.28.44:466][882]LogAssetEditorManager: Opening Asset editor for Blueprint /Game/ClassDefaults/BuildableBlock.BuildableBlock
[2019.12.02-22.28.47:585][221]LogAssetEditorManager: Opening Asset editor for Blueprint /Game/ClassDefaults/PickupableBlock.PickupableBlock
[2019.12.02-22.28.49:737][447]LogAssetEditorManager: Opening Asset editor for Blueprint /Game/ClassDefaults/UnpickapableBlock.UnpickapableBlock
[2019.12.02-22.28.49:987][448]LogSlate: Took 0.000278 seconds to synchronously load lazily loaded font '../../../Engine/Content/Slate/Fonts/Roboto-Italic.ttf' (157K)
[2019.12.02-22.29.13:798][292]LogBlueprint: Error: [Compiler CustomPawn] In use pin  New Param  no longer exists on node  Drop Block . Please refresh node or break links to remove pin.
[2019.12.02-22.29.13:799][292]LogBlueprint: Error: [Compiler CustomPawn] Invalid pin connection from ' Return Value ' to ' New Param '. You may have changed the type after the connections were made.
[2019.12.02-22.29.13:812][292]LogAssetEditorManager: Opening Asset editor for Blueprint /Game/CustomPawn.CustomPawn
[2019.12.02-22.29.14:067][292]LogAssetEditorManager: Opening Asset editor for Blueprint /Game/Pickupable/Mushroom.Mushroom
[2019.12.02-22.29.24:752][374]LogWorld: UWorld::CleanupWorld for World_9, bSessionEnded=true, bCleanupResources=true
[2019.12.02-22.36.08:457][ 91]LogEditorSessionSummary: EditorSessionSummary sent report. Type=Shutdown, SessionId={51F89211-431E-660F-37EC-9EB1108C4547}
[2019.12.02-22.36.28:321][150]LogUObjectHash: Compacting FUObjectHashTables data took   3.25ms
[2019.12.02-22.36.28:574][150]LogSavePackage: Moving '../../../../../../Users/Vadzim_Makarchyk/Work/SelfStudy/CGA/JustDoIt/Saved/Minimal_Default_Auto12D36E7714414A8F7ABADCE91F912C5DF.tmp' to '../../../../../../Users/Vadzim_Makarchyk/Work/SelfStudy/CGA/JustDoIt/Saved/Autosaves/Game/StarterContent/Maps/Minimal_Default_Auto1.umap'
[2019.12.02-22.36.28:583][150]LogFileHelpers: Editor autosave (incl. sublevels) for '/Game/StarterContent/Maps/Minimal_Default' took 0.305
[2019.12.02-22.36.28:583][150]LogFileHelpers: Editor autosave (incl. sublevels) for all levels took 0.305
