Log file open, 12/10/19 01:41:14
LogWindows: Failed to load 'aqProf.dll' (GetLastError=126)
LogWindows: File 'aqProf.dll' does not exist
LogWindows: Failed to load 'VtuneApi.dll' (GetLastError=126)
LogWindows: File 'VtuneApi.dll' does not exist
LogWindows: Failed to load 'VtuneApi32e.dll' (GetLastError=126)
LogWindows: File 'VtuneApi32e.dll' does not exist
LogConsoleResponse: Display: Failed to find resolution value strings in scalability ini. Falling back to default.
LogInit: Display: Running engine for game: JustDoIt
LogPlatformFile: Not using cached read wrapper
LogTaskGraph: Started task graph with 5 named threads and 11 total threads with 3 sets of task threads.
LogStats: Stats thread started at 4.312020
LogD3D11RHI: Loaded GFSDK_Aftermath_Lib.x64.dll
LogICUInternationalization: ICU TimeZone Detection - Raw Offset: +3:00, Platform Override: ''
LogPluginManager: Mounting plugin Paper2D
LogPluginManager: Mounting plugin AISupport
LogPluginManager: Mounting plugin LightPropagationVolume
LogPluginManager: Mounting plugin ActorLayerUtilities
LogPluginManager: Mounting plugin AnimationSharing
LogPluginManager: Mounting plugin CLionSourceCodeAccess
LogPluginManager: Mounting plugin CodeLiteSourceCodeAccess
LogPluginManager: Mounting plugin GitSourceControl
LogPluginManager: Mounting plugin KDevelopSourceCodeAccess
LogPluginManager: Mounting plugin NullSourceCodeAccess
LogPluginManager: Mounting plugin PerforceSourceControl
LogPluginManager: Mounting plugin SubversionSourceControl
LogPluginManager: Mounting plugin UObjectPlugin
LogPluginManager: Mounting plugin VisualStudioCodeSourceCodeAccess
LogPluginManager: Mounting plugin VisualStudioSourceCodeAccess
LogPluginManager: Mounting plugin XCodeSourceCodeAccess
LogPluginManager: Mounting plugin AssetManagerEditor
LogPluginManager: Mounting plugin CryptoKeys
LogPluginManager: Mounting plugin CurveEditorTools
LogPluginManager: Mounting plugin DataValidation
LogPluginManager: Mounting plugin FacialAnimation
LogPluginManager: Mounting plugin GameplayTagsEditor
LogPluginManager: Mounting plugin MacGraphicsSwitching
LogPluginManager: Mounting plugin MaterialAnalyzer
LogPluginManager: Mounting plugin MobileLauncherProfileWizard
LogPluginManager: Mounting plugin PluginBrowser
LogPluginManager: Mounting plugin SpeedTreeImporter
LogPluginManager: Mounting plugin DatasmithContent
LogPluginManager: Mounting plugin VariantManagerContent
LogPluginManager: Mounting plugin AlembicImporter
LogPluginManager: Mounting plugin AutomationUtils
LogPluginManager: Mounting plugin BackChannel
LogPluginManager: Mounting plugin CharacterAI
LogPluginManager: Mounting plugin GeometryCache
LogPluginManager: Mounting plugin HTML5Networking
LogPluginManager: Mounting plugin PlatformCrypto
LogPluginManager: Mounting plugin ProxyLODPlugin
LogPluginManager: Mounting plugin SkeletalReduction
LogPluginManager: Mounting plugin MagicLeap
LogPluginManager: Mounting plugin MagicLeapMedia
LogPluginManager: Mounting plugin AndroidMedia
LogPluginManager: Mounting plugin AvfMedia
LogPluginManager: Mounting plugin ImgMedia
LogPluginManager: Mounting plugin MediaCompositing
LogPluginManager: Mounting plugin MediaPlayerEditor
LogPluginManager: Mounting plugin WebMMedia
LogPluginManager: Mounting plugin WmfMedia
LogPluginManager: Mounting plugin TcpMessaging
LogPluginManager: Mounting plugin UdpMessaging
LogPluginManager: Mounting plugin ActorSequence
LogPluginManager: Mounting plugin LevelSequenceEditor
LogPluginManager: Mounting plugin MatineeToLevelSequence
LogPluginManager: Mounting plugin NetcodeUnitTest
LogPluginManager: Mounting plugin NUTUnrealEngine4
LogPluginManager: Mounting plugin OnlineSubsystemGooglePlay
LogPluginManager: Mounting plugin OnlineSubsystemIOS
LogPluginManager: Mounting plugin OnlineSubsystem
LogPluginManager: Mounting plugin OnlineSubsystemNull
LogPluginManager: Mounting plugin OnlineSubsystemUtils
LogPluginManager: Mounting plugin LauncherChunkInstaller
LogPluginManager: Mounting plugin AndroidDeviceProfileSelector
LogPluginManager: Mounting plugin AndroidMoviePlayer
LogPluginManager: Mounting plugin AndroidPermission
LogPluginManager: Mounting plugin AppleImageUtils
LogPluginManager: Mounting plugin AppleMoviePlayer
LogPluginManager: Mounting plugin ArchVisCharacter
LogPluginManager: Mounting plugin AudioCapture
LogPluginManager: Mounting plugin CableComponent
LogPluginManager: Mounting plugin CustomMeshComponent
LogPluginManager: Mounting plugin EditableMesh
LogPluginManager: Mounting plugin ExampleDeviceProfileSelector
LogPluginManager: Mounting plugin GoogleCloudMessaging
LogPluginManager: Mounting plugin IOSDeviceProfileSelector
LogPluginManager: Mounting plugin LinuxDeviceProfileSelector
LogPluginManager: Mounting plugin LocationServicesBPLibrary
LogPluginManager: Mounting plugin MobilePatchingUtils
LogPluginManager: Mounting plugin OculusVR
LogPluginManager: Mounting plugin PhysXVehicles
LogPluginManager: Mounting plugin ProceduralMeshComponent
LogPluginManager: Mounting plugin RuntimePhysXCooking
LogPluginManager: Mounting plugin SignificanceManager
LogPluginManager: Mounting plugin SteamVR
LogPluginManager: Mounting plugin WebMMoviePlayer
LogPluginManager: Mounting plugin WindowsMoviePlayer
LogPluginManager: Mounting plugin ScreenshotTools
LogInit: Using libcurl 7.55.1-DEV
LogInit:  - built for x86_64-pc-win32
LogInit:  - supports SSL with OpenSSL/1.1.1
LogInit:  - supports HTTP deflate (compression) using libz 1.2.8
LogInit:  - other features:
LogInit:      CURL_VERSION_SSL
LogInit:      CURL_VERSION_LIBZ
LogInit:      CURL_VERSION_IPV6
LogInit:      CURL_VERSION_ASYNCHDNS
LogInit:      CURL_VERSION_LARGEFILE
LogInit:      CURL_VERSION_IDN
LogInit:  CurlRequestOptions (configurable via config and command line):
LogInit:  - bVerifyPeer = true  - Libcurl will verify peer certificate
LogInit:  - bUseHttpProxy = false  - Libcurl will NOT use HTTP proxy
LogInit:  - bDontReuseConnections = false  - Libcurl will reuse connections
LogInit:  - MaxHostConnections = 16  - Libcurl will limit the number of connections to a host
LogInit:  - LocalHostAddr = Default
LogInit:  - BufferSize = 65536
LogOnline: OSS: Creating online subsystem instance for: NULL
LogInit: WinSock: version 1.1 (2.2), MaxSocks=32767, MaxUdp=65467
LogInit: Build: ++UE4+Release-4.23-CL-8386587
LogInit: Engine Version: 4.23.0-8386587+++UE4+Release-4.23
LogInit: Compatible Engine Version: 4.23.0-8386587+++UE4+Release-4.23
LogInit: Net CL: 8386587
LogInit: OS: Windows 10 (Release 1803) (), CPU: Intel(R) Core(TM) i3-5005U CPU @ 2.00GHz, GPU: Intel(R) HD Graphics 5500
LogInit: Compiled (64-bit): Aug 31 2019 02:04:44
LogInit: Compiled with Visual C++: 19.16.27030.01
LogInit: Build Configuration: Development
LogInit: Branch Name: ++UE4+Release-4.23
LogInit: Command Line: 
LogInit: Base Directory: D:/Programs/UE4/UE_4.23/Engine/Binaries/Win64/
LogInit: Installed Engine Build: 1
LogDevObjectVersion: Number of dev versions registered: 23
LogDevObjectVersion:   Dev-Blueprints (B0D832E4-1F89-4F0D-ACCF-7EB736FD4AA2): 10
LogDevObjectVersion:   Dev-Build (E1C64328-A22C-4D53-A36C-8E866417BD8C): 0
LogDevObjectVersion:   Dev-Core (375EC13C-06E4-48FB-B500-84F0262A717E): 3
LogDevObjectVersion:   Dev-Editor (E4B068ED-F494-42E9-A231-DA0B2E46BB41): 34
LogDevObjectVersion:   Dev-Framework (CFFC743F-43B0-4480-9391-14DF171D2073): 35
LogDevObjectVersion:   Dev-Mobile (B02B49B5-BB20-44E9-A304-32B752E40360): 2
LogDevObjectVersion:   Dev-Networking (A4E4105C-59A1-49B5-A7C5-40C4547EDFEE): 0
LogDevObjectVersion:   Dev-Online (39C831C9-5AE6-47DC-9A44-9C173E1C8E7C): 0
LogDevObjectVersion:   Dev-Physics (78F01B33-EBEA-4F98-B9B4-84EACCB95AA2): 0
LogDevObjectVersion:   Dev-Platform (6631380F-2D4D-43E0-8009-CF276956A95A): 0
LogDevObjectVersion:   Dev-Rendering (12F88B9F-8875-4AFC-A67C-D90C383ABD29): 31
LogDevObjectVersion:   Dev-Sequencer (7B5AE74C-D270-4C10-A958-57980B212A5A): 11
LogDevObjectVersion:   Dev-VR (D7296918-1DD6-4BDD-9DE2-64A83CC13884): 2
LogDevObjectVersion:   Dev-LoadTimes (C2A15278-BFE7-4AFE-6C17-90FF531DF755): 1
LogDevObjectVersion:   Private-Geometry (6EACA3D4-40EC-4CC1-B786-8BED09428FC5): 3
LogDevObjectVersion:   Dev-AnimPhys (29E575DD-E0A3-4627-9D10-D276232CDCEA): 17
LogDevObjectVersion:   Dev-Anim (AF43A65D-7FD3-4947-9873-3E8ED9C1BB05): 2
LogDevObjectVersion:   Dev-ReflectionCapture (6B266CEC-1EC7-4B8F-A30B-E4D90942FC07): 1
LogDevObjectVersion:   Dev-Automation (0DF73D61-A23F-47EA-B727-89E90C41499A): 1
LogDevObjectVersion:   FortniteMain (601D1886-AC64-4F84-AA16-D3DE0DEAC7D6): 27
LogDevObjectVersion:   Dev-Enterprise (9DFFBCD6-494F-0158-E221-12823C92A888): 6
LogDevObjectVersion:   Dev-Niagara (F2AED0AC-9AFE-416F-8664-AA7FFA26D6FC): 1
LogDevObjectVersion:   Dev-Destruction (174F1F0B-B4C6-45A5-B13F-2EE8D0FB917D): 9
LogInit: Presizing for max 16777216 objects, including 0 objects not considered by GC, pre-allocating 0 bytes for permanent pool.
LogInit: Object subsystem initialized
LogConfig: Setting CVar [[con.DebugEarlyDefault:1]]
LogConfig: Setting CVar [[r.setres:1280x720]]
[2019.12.09-22.41.18:927][  0]LogConfig: Setting CVar [[r.VSync:0]]
[2019.12.09-22.41.18:927][  0]LogConfig: Setting CVar [[r.RHICmdBypass:0]]
[2019.12.09-22.41.18:927][  0]LogConfig: Applying CVar settings from Section [/Script/Engine.RendererSettings] File [D:/Study/Labs/7 semester/CGA/JustDoIt/Saved/Config/Windows/Engine.ini]
[2019.12.09-22.41.18:927][  0]LogConfig: Setting CVar [[r.GPUCrashDebugging:0]]
[2019.12.09-22.41.18:927][  0]LogConfig: Setting CVar [[r.DefaultFeature.AutoExposure.ExtendDefaultLuminanceRange:1]]
[2019.12.09-22.41.18:927][  0]LogConfig: Applying CVar settings from Section [/Script/Engine.RendererOverrideSettings] File [D:/Study/Labs/7 semester/CGA/JustDoIt/Saved/Config/Windows/Engine.ini]
[2019.12.09-22.41.18:927][  0]LogConfig: Applying CVar settings from Section [/Script/Engine.StreamingSettings] File [D:/Study/Labs/7 semester/CGA/JustDoIt/Saved/Config/Windows/Engine.ini]
[2019.12.09-22.41.18:927][  0]LogConfig: Setting CVar [[s.MinBulkDataSizeForAsyncLoading:131072]]
[2019.12.09-22.41.18:927][  0]LogConfig: Setting CVar [[s.AsyncLoadingThreadEnabled:0]]
[2019.12.09-22.41.18:927][  0]LogConfig: Setting CVar [[s.EventDrivenLoaderEnabled:1]]
[2019.12.09-22.41.18:927][  0]LogConfig: Setting CVar [[s.WarnIfTimeLimitExceeded:0]]
[2019.12.09-22.41.18:927][  0]LogConfig: Setting CVar [[s.TimeLimitExceededMultiplier:1.5]]
[2019.12.09-22.41.18:927][  0]LogConfig: Setting CVar [[s.TimeLimitExceededMinTime:0.005]]
[2019.12.09-22.41.18:927][  0]LogConfig: Setting CVar [[s.UseBackgroundLevelStreaming:1]]
[2019.12.09-22.41.18:927][  0]LogConfig: Setting CVar [[s.PriorityAsyncLoadingExtraTime:15.0]]
[2019.12.09-22.41.18:927][  0]LogConfig: Setting CVar [[s.LevelStreamingActorsUpdateTimeLimit:5.0]]
[2019.12.09-22.41.18:927][  0]LogConfig: Setting CVar [[s.PriorityLevelStreamingActorsUpdateExtraTime:5.0]]
[2019.12.09-22.41.18:927][  0]LogConfig: Setting CVar [[s.LevelStreamingComponentsRegistrationGranularity:10]]
[2019.12.09-22.41.18:927][  0]LogConfig: Setting CVar [[s.UnregisterComponentsTimeLimit:1.0]]
[2019.12.09-22.41.18:927][  0]LogConfig: Setting CVar [[s.LevelStreamingComponentsUnregistrationGranularity:5]]
[2019.12.09-22.41.18:927][  0]LogConfig: Applying CVar settings from Section [/Script/Engine.GarbageCollectionSettings] File [D:/Study/Labs/7 semester/CGA/JustDoIt/Saved/Config/Windows/Engine.ini]
[2019.12.09-22.41.18:927][  0]LogConfig: Setting CVar [[gc.MaxObjectsNotConsideredByGC:1]]
[2019.12.09-22.41.18:927][  0]LogConfig: Setting CVar [[gc.SizeOfPermanentObjectPool:0]]
[2019.12.09-22.41.18:927][  0]LogConfig: Setting CVar [[gc.FlushStreamingOnGC:0]]
[2019.12.09-22.41.18:927][  0]LogConfig: Setting CVar [[gc.NumRetriesBeforeForcingGC:10]]
[2019.12.09-22.41.18:927][  0]LogConfig: Setting CVar [[gc.AllowParallelGC:1]]
[2019.12.09-22.41.18:927][  0]LogConfig: Setting CVar [[gc.TimeBetweenPurgingPendingKillObjects:61.1]]
[2019.12.09-22.41.18:927][  0]LogConfig: Setting CVar [[gc.MaxObjectsInEditor:16777216]]
[2019.12.09-22.41.18:927][  0]LogConfig: Setting CVar [[gc.IncrementalBeginDestroyEnabled:1]]
[2019.12.09-22.41.18:927][  0]LogConfig: Setting CVar [[gc.CreateGCClusters:1]]
[2019.12.09-22.41.18:927][  0]LogConfig: Setting CVar [[gc.MinGCClusterSize:5]]
[2019.12.09-22.41.18:927][  0]LogConfig: Setting CVar [[gc.ActorClusteringEnabled:0]]
[2019.12.09-22.41.18:927][  0]LogConfig: Setting CVar [[gc.BlueprintClusteringEnabled:0]]
[2019.12.09-22.41.18:927][  0]LogConfig: Setting CVar [[gc.UseDisregardForGCOnDedicatedServers:0]]
[2019.12.09-22.41.18:927][  0]LogConfig: Applying CVar settings from Section [/Script/Engine.NetworkSettings] File [D:/Study/Labs/7 semester/CGA/JustDoIt/Saved/Config/Windows/Engine.ini]
[2019.12.09-22.41.18:927][  0]LogConfig: Applying CVar settings from Section [/Script/UnrealEd.CookerSettings] File [D:/Study/Labs/7 semester/CGA/JustDoIt/Saved/Config/Windows/Engine.ini]
[2019.12.09-22.41.18:931][  0]LogConfig: Applying CVar settings from Section [ViewDistanceQuality@3] File [D:/Study/Labs/7 semester/CGA/JustDoIt/Saved/Config/Windows/Scalability.ini]
[2019.12.09-22.41.18:931][  0]LogConfig: Setting CVar [[r.SkeletalMeshLODBias:0]]
[2019.12.09-22.41.18:931][  0]LogConfig: Setting CVar [[r.ViewDistanceScale:1.0]]
[2019.12.09-22.41.18:931][  0]LogConfig: Applying CVar settings from Section [AntiAliasingQuality@3] File [D:/Study/Labs/7 semester/CGA/JustDoIt/Saved/Config/Windows/Scalability.ini]
[2019.12.09-22.41.18:931][  0]LogConfig: Setting CVar [[r.PostProcessAAQuality:4]]
[2019.12.09-22.41.18:931][  0]LogConfig: Applying CVar settings from Section [ShadowQuality@3] File [D:/Study/Labs/7 semester/CGA/JustDoIt/Saved/Config/Windows/Scalability.ini]
[2019.12.09-22.41.18:931][  0]LogConfig: Setting CVar [[r.LightFunctionQuality:1]]
[2019.12.09-22.41.18:931][  0]LogConfig: Setting CVar [[r.ShadowQuality:5]]
[2019.12.09-22.41.18:931][  0]LogConfig: Setting CVar [[r.Shadow.CSM.MaxCascades:10]]
[2019.12.09-22.41.18:931][  0]LogConfig: Setting CVar [[r.Shadow.MaxResolution:2048]]
[2019.12.09-22.41.18:931][  0]LogConfig: Setting CVar [[r.Shadow.MaxCSMResolution:2048]]
[2019.12.09-22.41.18:931][  0]LogConfig: Setting CVar [[r.Shadow.RadiusThreshold:0.01]]
[2019.12.09-22.41.18:931][  0]LogConfig: Setting CVar [[r.Shadow.DistanceScale:1.0]]
[2019.12.09-22.41.18:931][  0]LogConfig: Setting CVar [[r.Shadow.CSM.TransitionScale:1.0]]
[2019.12.09-22.41.18:931][  0]LogConfig: Setting CVar [[r.Shadow.PreShadowResolutionFactor:1.0]]
[2019.12.09-22.41.18:931][  0]LogConfig: Setting CVar [[r.DistanceFieldShadowing:1]]
[2019.12.09-22.41.18:931][  0]LogConfig: Setting CVar [[r.DistanceFieldAO:1]]
[2019.12.09-22.41.18:931][  0]LogConfig: Setting CVar [[r.AOQuality:2]]
[2019.12.09-22.41.18:931][  0]LogConfig: Setting CVar [[r.VolumetricFog:1]]
[2019.12.09-22.41.18:932][  0]LogConfig: Setting CVar [[r.VolumetricFog.GridPixelSize:8]]
[2019.12.09-22.41.18:932][  0]LogConfig: Setting CVar [[r.VolumetricFog.GridSizeZ:128]]
[2019.12.09-22.41.18:932][  0]LogConfig: Setting CVar [[r.VolumetricFog.HistoryMissSupersampleCount:4]]
[2019.12.09-22.41.18:932][  0]LogConfig: Setting CVar [[r.LightMaxDrawDistanceScale:1]]
[2019.12.09-22.41.18:932][  0]LogConfig: Setting CVar [[r.CapsuleShadows:1]]
[2019.12.09-22.41.18:932][  0]LogConfig: Applying CVar settings from Section [PostProcessQuality@3] File [D:/Study/Labs/7 semester/CGA/JustDoIt/Saved/Config/Windows/Scalability.ini]
[2019.12.09-22.41.18:932][  0]LogConfig: Setting CVar [[r.MotionBlurQuality:4]]
[2019.12.09-22.41.18:932][  0]LogConfig: Setting CVar [[r.AmbientOcclusionMipLevelFactor:0.4]]
[2019.12.09-22.41.18:932][  0]LogConfig: Setting CVar [[r.AmbientOcclusionMaxQuality:100]]
[2019.12.09-22.41.18:932][  0]LogConfig: Setting CVar [[r.AmbientOcclusionLevels:-1]]
[2019.12.09-22.41.18:932][  0]LogConfig: Setting CVar [[r.AmbientOcclusionRadiusScale:1.0]]
[2019.12.09-22.41.18:932][  0]LogConfig: Setting CVar [[r.DepthOfFieldQuality:2]]
[2019.12.09-22.41.18:932][  0]LogConfig: Setting CVar [[r.RenderTargetPoolMin:400]]
[2019.12.09-22.41.18:932][  0]LogConfig: Setting CVar [[r.LensFlareQuality:2]]
[2019.12.09-22.41.18:932][  0]LogConfig: Setting CVar [[r.SceneColorFringeQuality:1]]
[2019.12.09-22.41.18:932][  0]LogConfig: Setting CVar [[r.EyeAdaptationQuality:2]]
[2019.12.09-22.41.18:932][  0]LogConfig: Setting CVar [[r.BloomQuality:5]]
[2019.12.09-22.41.18:932][  0]LogConfig: Setting CVar [[r.FastBlurThreshold:100]]
[2019.12.09-22.41.18:932][  0]LogConfig: Setting CVar [[r.Upscale.Quality:3]]
[2019.12.09-22.41.18:932][  0]LogConfig: Setting CVar [[r.Tonemapper.GrainQuantization:1]]
[2019.12.09-22.41.18:932][  0]LogConfig: Setting CVar [[r.LightShaftQuality:1]]
[2019.12.09-22.41.18:932][  0]LogConfig: Setting CVar [[r.Filter.SizeScale:1]]
[2019.12.09-22.41.18:932][  0]LogConfig: Setting CVar [[r.Tonemapper.Quality:5]]
[2019.12.09-22.41.18:932][  0]LogConfig: Setting CVar [[r.DOF.Gather.AccumulatorQuality:1        ; higher gathering accumulator quality]]
[2019.12.09-22.41.18:932][  0]LogConfig: Setting CVar [[r.DOF.Gather.PostfilterMethod:1          ; Median3x3 postfilering method]]
[2019.12.09-22.41.18:932][  0]LogConfig: Setting CVar [[r.DOF.Gather.EnableBokehSettings:0       ; no bokeh simulation when gathering]]
[2019.12.09-22.41.18:932][  0]LogConfig: Setting CVar [[r.DOF.Gather.RingCount:4                 ; medium number of samples when gathering]]
[2019.12.09-22.41.18:932][  0]LogConfig: Setting CVar [[r.DOF.Scatter.ForegroundCompositing:1    ; additive foreground scattering]]
[2019.12.09-22.41.18:932][  0]LogConfig: Setting CVar [[r.DOF.Scatter.BackgroundCompositing:2    ; additive background scattering]]
[2019.12.09-22.41.18:932][  0]LogConfig: Setting CVar [[r.DOF.Scatter.EnableBokehSettings:1      ; bokeh simulation when scattering]]
[2019.12.09-22.41.18:932][  0]LogConfig: Setting CVar [[r.DOF.Scatter.MaxSpriteRatio:0.1         ; only a maximum of 10% of scattered bokeh]]
[2019.12.09-22.41.18:932][  0]LogConfig: Setting CVar [[r.DOF.Recombine.Quality:1                ; cheap slight out of focus]]
[2019.12.09-22.41.18:932][  0]LogConfig: Setting CVar [[r.DOF.Recombine.EnableBokehSettings:0    ; no bokeh simulation on slight out of focus]]
[2019.12.09-22.41.18:932][  0]LogConfig: Setting CVar [[r.DOF.TemporalAAQuality:1                ; more stable temporal accumulation]]
[2019.12.09-22.41.18:932][  0]LogConfig: Setting CVar [[r.DOF.Kernel.MaxForegroundRadius:0.025]]
[2019.12.09-22.41.18:932][  0]LogConfig: Setting CVar [[r.DOF.Kernel.MaxBackgroundRadius:0.025]]
[2019.12.09-22.41.18:932][  0]LogConfig: Applying CVar settings from Section [TextureQuality@3] File [D:/Study/Labs/7 semester/CGA/JustDoIt/Saved/Config/Windows/Scalability.ini]
[2019.12.09-22.41.18:932][  0]LogConfig: Setting CVar [[r.Streaming.MipBias:0]]
[2019.12.09-22.41.18:932][  0]LogConfig: Setting CVar [[r.Streaming.AmortizeCPUToGPUCopy:0]]
[2019.12.09-22.41.18:933][  0]LogConfig: Setting CVar [[r.Streaming.MaxNumTexturesToStreamPerFrame:0]]
[2019.12.09-22.41.18:933][  0]LogConfig: Setting CVar [[r.Streaming.Boost:1]]
[2019.12.09-22.41.18:933][  0]LogConfig: Setting CVar [[r.MaxAnisotropy:8]]
[2019.12.09-22.41.18:933][  0]LogConfig: Setting CVar [[r.Streaming.LimitPoolSizeToVRAM:0]]
[2019.12.09-22.41.18:933][  0]LogConfig: Setting CVar [[r.Streaming.PoolSize:1000]]
[2019.12.09-22.41.18:933][  0]LogConfig: Setting CVar [[r.Streaming.MaxEffectiveScreenSize:0]]
[2019.12.09-22.41.18:933][  0]LogConfig: Applying CVar settings from Section [EffectsQuality@3] File [D:/Study/Labs/7 semester/CGA/JustDoIt/Saved/Config/Windows/Scalability.ini]
[2019.12.09-22.41.18:933][  0]LogConfig: Setting CVar [[r.TranslucencyLightingVolumeDim:64]]
[2019.12.09-22.41.18:933][  0]LogConfig: Setting CVar [[r.RefractionQuality:2]]
[2019.12.09-22.41.18:933][  0]LogConfig: Setting CVar [[r.SSR.Quality:3]]
[2019.12.09-22.41.18:933][  0]LogConfig: Setting CVar [[r.SceneColorFormat:4]]
[2019.12.09-22.41.18:933][  0]LogConfig: Setting CVar [[r.DetailMode:2]]
[2019.12.09-22.41.18:933][  0]LogConfig: Setting CVar [[r.TranslucencyVolumeBlur:1]]
[2019.12.09-22.41.18:933][  0]LogConfig: Setting CVar [[r.MaterialQualityLevel:1 ; High quality]]
[2019.12.09-22.41.18:933][  0]LogConfig: Setting CVar [[r.SSS.Scale:1]]
[2019.12.09-22.41.18:933][  0]LogConfig: Setting CVar [[r.SSS.SampleSet:2]]
[2019.12.09-22.41.18:933][  0]LogConfig: Setting CVar [[r.SSS.Quality:1]]
[2019.12.09-22.41.18:933][  0]LogConfig: Setting CVar [[r.SSS.HalfRes:1]]
[2019.12.09-22.41.18:933][  0]LogConfig: Setting CVar [[r.EmitterSpawnRateScale:1.0]]
[2019.12.09-22.41.18:933][  0]LogConfig: Setting CVar [[r.ParticleLightQuality:2]]
[2019.12.09-22.41.18:933][  0]LogConfig: Applying CVar settings from Section [FoliageQuality@3] File [D:/Study/Labs/7 semester/CGA/JustDoIt/Saved/Config/Windows/Scalability.ini]
[2019.12.09-22.41.18:933][  0]LogConfig: Setting CVar [[foliage.DensityScale:1.0]]
[2019.12.09-22.41.18:933][  0]LogConfig: Setting CVar [[grass.DensityScale:1.0]]
[2019.12.09-22.41.18:933][  0]LogInit: Selected Device Profile: [Windows]
[2019.12.09-22.41.18:933][  0]LogInit: Applying CVar settings loaded from the selected device profile: [Windows]
[2019.12.09-22.41.18:978][  0]LogHAL: Display: Platform has ~ 4 GB [4188467200 / 4294967296 / 4], which maps to Smallest [LargestMinGB=32, LargerMinGB=12, DefaultMinGB=8, SmallerMinGB=6, SmallestMinGB=0)
[2019.12.09-22.41.18:978][  0]LogInit: Going up to parent DeviceProfile []
[2019.12.09-22.41.18:978][  0]LogConfig: Applying CVar settings from Section [ViewDistanceQuality@3] File [D:/Study/Labs/7 semester/CGA/JustDoIt/Saved/Config/Windows/Scalability.ini]
[2019.12.09-22.41.18:978][  0]LogConfig: Setting CVar [[r.SkeletalMeshLODBias:0]]
[2019.12.09-22.41.18:978][  0]LogConfig: Setting CVar [[r.ViewDistanceScale:1.0]]
[2019.12.09-22.41.18:978][  0]LogConfig: Applying CVar settings from Section [AntiAliasingQuality@3] File [D:/Study/Labs/7 semester/CGA/JustDoIt/Saved/Config/Windows/Scalability.ini]
[2019.12.09-22.41.18:978][  0]LogConfig: Setting CVar [[r.PostProcessAAQuality:4]]
[2019.12.09-22.41.18:978][  0]LogConfig: Applying CVar settings from Section [ShadowQuality@3] File [D:/Study/Labs/7 semester/CGA/JustDoIt/Saved/Config/Windows/Scalability.ini]
[2019.12.09-22.41.18:978][  0]LogConfig: Setting CVar [[r.LightFunctionQuality:1]]
[2019.12.09-22.41.18:978][  0]LogConfig: Setting CVar [[r.ShadowQuality:5]]
[2019.12.09-22.41.18:978][  0]LogConfig: Setting CVar [[r.Shadow.CSM.MaxCascades:10]]
[2019.12.09-22.41.18:978][  0]LogConfig: Setting CVar [[r.Shadow.MaxResolution:2048]]
[2019.12.09-22.41.18:978][  0]LogConfig: Setting CVar [[r.Shadow.MaxCSMResolution:2048]]
[2019.12.09-22.41.18:978][  0]LogConfig: Setting CVar [[r.Shadow.RadiusThreshold:0.01]]
[2019.12.09-22.41.18:978][  0]LogConfig: Setting CVar [[r.Shadow.DistanceScale:1.0]]
[2019.12.09-22.41.18:978][  0]LogConfig: Setting CVar [[r.Shadow.CSM.TransitionScale:1.0]]
[2019.12.09-22.41.18:978][  0]LogConfig: Setting CVar [[r.Shadow.PreShadowResolutionFactor:1.0]]
[2019.12.09-22.41.18:978][  0]LogConfig: Setting CVar [[r.DistanceFieldShadowing:1]]
[2019.12.09-22.41.18:978][  0]LogConfig: Setting CVar [[r.DistanceFieldAO:1]]
[2019.12.09-22.41.18:978][  0]LogConfig: Setting CVar [[r.AOQuality:2]]
[2019.12.09-22.41.18:978][  0]LogConfig: Setting CVar [[r.VolumetricFog:1]]
[2019.12.09-22.41.18:978][  0]LogConfig: Setting CVar [[r.VolumetricFog.GridPixelSize:8]]
[2019.12.09-22.41.18:978][  0]LogConfig: Setting CVar [[r.VolumetricFog.GridSizeZ:128]]
[2019.12.09-22.41.18:978][  0]LogConfig: Setting CVar [[r.VolumetricFog.HistoryMissSupersampleCount:4]]
[2019.12.09-22.41.18:978][  0]LogConfig: Setting CVar [[r.LightMaxDrawDistanceScale:1]]
[2019.12.09-22.41.18:979][  0]LogConfig: Setting CVar [[r.CapsuleShadows:1]]
[2019.12.09-22.41.18:979][  0]LogConfig: Applying CVar settings from Section [PostProcessQuality@3] File [D:/Study/Labs/7 semester/CGA/JustDoIt/Saved/Config/Windows/Scalability.ini]
[2019.12.09-22.41.18:979][  0]LogConfig: Setting CVar [[r.MotionBlurQuality:4]]
[2019.12.09-22.41.18:979][  0]LogConfig: Setting CVar [[r.AmbientOcclusionMipLevelFactor:0.4]]
[2019.12.09-22.41.18:979][  0]LogConfig: Setting CVar [[r.AmbientOcclusionMaxQuality:100]]
[2019.12.09-22.41.18:979][  0]LogConfig: Setting CVar [[r.AmbientOcclusionLevels:-1]]
[2019.12.09-22.41.18:979][  0]LogConfig: Setting CVar [[r.AmbientOcclusionRadiusScale:1.0]]
[2019.12.09-22.41.18:979][  0]LogConfig: Setting CVar [[r.DepthOfFieldQuality:2]]
[2019.12.09-22.41.18:979][  0]LogConfig: Setting CVar [[r.RenderTargetPoolMin:400]]
[2019.12.09-22.41.18:979][  0]LogConfig: Setting CVar [[r.LensFlareQuality:2]]
[2019.12.09-22.41.18:979][  0]LogConfig: Setting CVar [[r.SceneColorFringeQuality:1]]
[2019.12.09-22.41.18:979][  0]LogConfig: Setting CVar [[r.EyeAdaptationQuality:2]]
[2019.12.09-22.41.18:979][  0]LogConfig: Setting CVar [[r.BloomQuality:5]]
[2019.12.09-22.41.18:979][  0]LogConfig: Setting CVar [[r.FastBlurThreshold:100]]
[2019.12.09-22.41.18:979][  0]LogConfig: Setting CVar [[r.Upscale.Quality:3]]
[2019.12.09-22.41.18:979][  0]LogConfig: Setting CVar [[r.Tonemapper.GrainQuantization:1]]
[2019.12.09-22.41.18:979][  0]LogConfig: Setting CVar [[r.LightShaftQuality:1]]
[2019.12.09-22.41.18:979][  0]LogConfig: Setting CVar [[r.Filter.SizeScale:1]]
[2019.12.09-22.41.18:979][  0]LogConfig: Setting CVar [[r.Tonemapper.Quality:5]]
[2019.12.09-22.41.18:979][  0]LogConfig: Setting CVar [[r.DOF.Gather.AccumulatorQuality:1        ; higher gathering accumulator quality]]
[2019.12.09-22.41.18:979][  0]LogConfig: Setting CVar [[r.DOF.Gather.PostfilterMethod:1          ; Median3x3 postfilering method]]
[2019.12.09-22.41.18:979][  0]LogConfig: Setting CVar [[r.DOF.Gather.EnableBokehSettings:0       ; no bokeh simulation when gathering]]
[2019.12.09-22.41.18:979][  0]LogConfig: Setting CVar [[r.DOF.Gather.RingCount:4                 ; medium number of samples when gathering]]
[2019.12.09-22.41.18:979][  0]LogConfig: Setting CVar [[r.DOF.Scatter.ForegroundCompositing:1    ; additive foreground scattering]]
[2019.12.09-22.41.18:979][  0]LogConfig: Setting CVar [[r.DOF.Scatter.BackgroundCompositing:2    ; additive background scattering]]
[2019.12.09-22.41.18:979][  0]LogConfig: Setting CVar [[r.DOF.Scatter.EnableBokehSettings:1      ; bokeh simulation when scattering]]
[2019.12.09-22.41.18:979][  0]LogConfig: Setting CVar [[r.DOF.Scatter.MaxSpriteRatio:0.1         ; only a maximum of 10% of scattered bokeh]]
[2019.12.09-22.41.18:979][  0]LogConfig: Setting CVar [[r.DOF.Recombine.Quality:1                ; cheap slight out of focus]]
[2019.12.09-22.41.18:979][  0]LogConfig: Setting CVar [[r.DOF.Recombine.EnableBokehSettings:0    ; no bokeh simulation on slight out of focus]]
[2019.12.09-22.41.18:979][  0]LogConfig: Setting CVar [[r.DOF.TemporalAAQuality:1                ; more stable temporal accumulation]]
[2019.12.09-22.41.18:979][  0]LogConfig: Setting CVar [[r.DOF.Kernel.MaxForegroundRadius:0.025]]
[2019.12.09-22.41.18:979][  0]LogConfig: Setting CVar [[r.DOF.Kernel.MaxBackgroundRadius:0.025]]
[2019.12.09-22.41.18:979][  0]LogConfig: Applying CVar settings from Section [TextureQuality@3] File [D:/Study/Labs/7 semester/CGA/JustDoIt/Saved/Config/Windows/Scalability.ini]
[2019.12.09-22.41.18:979][  0]LogConfig: Setting CVar [[r.Streaming.MipBias:0]]
[2019.12.09-22.41.18:979][  0]LogConfig: Setting CVar [[r.Streaming.AmortizeCPUToGPUCopy:0]]
[2019.12.09-22.41.18:979][  0]LogConfig: Setting CVar [[r.Streaming.MaxNumTexturesToStreamPerFrame:0]]
[2019.12.09-22.41.18:979][  0]LogConfig: Setting CVar [[r.Streaming.Boost:1]]
[2019.12.09-22.41.18:979][  0]LogConfig: Setting CVar [[r.MaxAnisotropy:8]]
[2019.12.09-22.41.18:979][  0]LogConfig: Setting CVar [[r.Streaming.LimitPoolSizeToVRAM:0]]
[2019.12.09-22.41.18:979][  0]LogConfig: Setting CVar [[r.Streaming.PoolSize:1000]]
[2019.12.09-22.41.18:979][  0]LogConfig: Setting CVar [[r.Streaming.MaxEffectiveScreenSize:0]]
[2019.12.09-22.41.18:979][  0]LogConfig: Applying CVar settings from Section [EffectsQuality@3] File [D:/Study/Labs/7 semester/CGA/JustDoIt/Saved/Config/Windows/Scalability.ini]
[2019.12.09-22.41.18:980][  0]LogConfig: Setting CVar [[r.TranslucencyLightingVolumeDim:64]]
[2019.12.09-22.41.18:980][  0]LogConfig: Setting CVar [[r.RefractionQuality:2]]
[2019.12.09-22.41.18:980][  0]LogConfig: Setting CVar [[r.SSR.Quality:3]]
[2019.12.09-22.41.18:980][  0]LogConfig: Setting CVar [[r.SceneColorFormat:4]]
[2019.12.09-22.41.18:980][  0]LogConfig: Setting CVar [[r.DetailMode:2]]
[2019.12.09-22.41.18:980][  0]LogConfig: Setting CVar [[r.TranslucencyVolumeBlur:1]]
[2019.12.09-22.41.18:980][  0]LogConfig: Setting CVar [[r.MaterialQualityLevel:1 ; High quality]]
[2019.12.09-22.41.18:980][  0]LogConfig: Setting CVar [[r.SSS.Scale:1]]
[2019.12.09-22.41.18:980][  0]LogConfig: Setting CVar [[r.SSS.SampleSet:2]]
[2019.12.09-22.41.18:980][  0]LogConfig: Setting CVar [[r.SSS.Quality:1]]
[2019.12.09-22.41.18:980][  0]LogConfig: Setting CVar [[r.SSS.HalfRes:1]]
[2019.12.09-22.41.18:980][  0]LogConfig: Setting CVar [[r.EmitterSpawnRateScale:1.0]]
[2019.12.09-22.41.18:980][  0]LogConfig: Setting CVar [[r.ParticleLightQuality:2]]
[2019.12.09-22.41.18:980][  0]LogConfig: Applying CVar settings from Section [FoliageQuality@3] File [D:/Study/Labs/7 semester/CGA/JustDoIt/Saved/Config/Windows/Scalability.ini]
[2019.12.09-22.41.18:980][  0]LogConfig: Setting CVar [[foliage.DensityScale:1.0]]
[2019.12.09-22.41.18:980][  0]LogConfig: Setting CVar [[grass.DensityScale:1.0]]
[2019.12.09-22.41.18:980][  0]LogConfig: Applying CVar settings from Section [Startup] File [../../../Engine/Config/ConsoleVariables.ini]
[2019.12.09-22.41.18:995][  0]LogConfig: Setting CVar [[net.UseAdaptiveNetUpdateFrequency:0]]
[2019.12.09-22.41.18:995][  0]LogConfig: Setting CVar [[p.chaos.AllowCreatePhysxBodies:1]]
[2019.12.09-22.41.18:995][  0]LogConfig: Applying CVar settings from Section [ConsoleVariables] File [D:/Study/Labs/7 semester/CGA/JustDoIt/Saved/Config/Windows/Engine.ini]
[2019.12.09-22.41.18:995][  0]LogInit: Computer: DESKTOP-URMRIOT
[2019.12.09-22.41.18:995][  0]LogInit: User: Daddy
[2019.12.09-22.41.18:995][  0]LogInit: CPU Page size=4096, Cores=2
[2019.12.09-22.41.18:995][  0]LogInit: High frequency timer resolution =1.948616 MHz
[2019.12.09-22.41.18:995][  0]LogMemory: Memory total: Physical=3.9GB (4GB approx)
[2019.12.09-22.41.18:995][  0]LogMemory: Platform Memory Stats for Windows
[2019.12.09-22.41.18:995][  0]LogMemory: Process Physical Memory: 99.69 MB used, 99.69 MB peak
[2019.12.09-22.41.18:995][  0]LogMemory: Process Virtual Memory: 87.77 MB used, 87.77 MB peak
[2019.12.09-22.41.18:995][  0]LogMemory: Physical Memory: 2661.16 MB used,  1333.27 MB free, 3994.43 MB total
[2019.12.09-22.41.18:995][  0]LogMemory: Virtual Memory: 4655.93 MB used,  134213072.00 MB free, 134217728.00 MB total
[2019.12.09-22.41.19:032][  0]LogWindows: WindowsPlatformFeatures enabled
[2019.12.09-22.41.19:834][  0]LogInit: Using OS detected language (ru-RU).
[2019.12.09-22.41.19:834][  0]LogInit: Using OS detected locale (ru-RU).
[2019.12.09-22.41.19:949][  0]LogTextLocalizationManager: No specific localization for 'ru-RU' exists, so the 'ru' localization will be used.
[2019.12.09-22.41.19:950][  0]LogTextLocalizationResource: LocRes '../../../Engine/Content/Localization/Editor/ru/Editor.locres' could not be opened for reading!
[2019.12.09-22.41.19:950][  0]LogTextLocalizationResource: LocRes '../../../Engine/Content/Localization/EditorTutorials/ru/EditorTutorials.locres' could not be opened for reading!
[2019.12.09-22.41.19:950][  0]LogTextLocalizationResource: LocRes '../../../Engine/Content/Localization/Keywords/ru/Keywords.locres' could not be opened for reading!
[2019.12.09-22.41.19:950][  0]LogTextLocalizationResource: LocRes '../../../Engine/Content/Localization/Category/ru/Category.locres' could not be opened for reading!
[2019.12.09-22.41.19:988][  0]LogTextLocalizationResource: LocRes '../../../Engine/Content/Localization/ToolTips/ru/ToolTips.locres' could not be opened for reading!
[2019.12.09-22.41.19:990][  0]LogTextLocalizationResource: LocRes '../../../Engine/Content/Localization/PropertyNames/ru/PropertyNames.locres' could not be opened for reading!
[2019.12.09-22.41.19:990][  0]LogTextLocalizationResource: LocRes '../../../Engine/Content/Localization/Engine/ru/Engine.locres' could not be opened for reading!
[2019.12.09-22.41.20:293][  0]LogInit: Setting process to per monitor DPI aware
[2019.12.09-22.41.21:017][  0]LogSlate: New Slate User Created.  User Index 0, Is Virtual User: 0
[2019.12.09-22.41.21:017][  0]LogSlate: Slate User Registered.  User Index 0, Is Virtual User: 0
[2019.12.09-22.41.29:890][  0]LogHMD: Failed to initialize OpenVR with code 110
[2019.12.09-22.41.29:890][  0]LogD3D11RHI: D3D11 adapters:
[2019.12.09-22.41.29:904][  0]LogD3D11RHI:    0. 'Intel(R) HD Graphics 5500' (Feature Level 11_0)
[2019.12.09-22.41.29:904][  0]LogD3D11RHI:       128/0/1997 MB DedicatedVideo/DedicatedSystem/SharedSystem, Outputs:1, VendorId:0x8086
[2019.12.09-22.41.30:454][  0]LogD3D11RHI:    1. 'Microsoft Basic Render Driver' (Feature Level 11_0)
[2019.12.09-22.41.30:454][  0]LogD3D11RHI:       0/0/1997 MB DedicatedVideo/DedicatedSystem/SharedSystem, Outputs:0, VendorId:0x1414
[2019.12.09-22.41.30:454][  0]LogD3D11RHI: Chosen D3D11 Adapter: 0
[2019.12.09-22.41.30:464][  0]LogD3D11RHI: Creating new Direct3DDevice
[2019.12.09-22.41.30:464][  0]LogD3D11RHI:     GPU DeviceId: 0x1616 (for the marketing name, search the web for "GPU Device Id")
[2019.12.09-22.41.30:464][  0]LogWindows: EnumDisplayDevices:
[2019.12.09-22.41.30:464][  0]LogWindows:    0. 'Intel(R) HD Graphics 5500' (P:1 D:1)
[2019.12.09-22.41.30:465][  0]LogWindows:    1. 'Intel(R) HD Graphics 5500' (P:0 D:0)
[2019.12.09-22.41.30:466][  0]LogWindows:    2. 'Intel(R) HD Graphics 5500' (P:0 D:0)
[2019.12.09-22.41.30:466][  0]LogWindows: DebugString: FoundDriverCount:3 
[2019.12.09-22.41.30:466][  0]LogD3D11RHI:     Adapter Name: Intel(R) HD Graphics 5500
[2019.12.09-22.41.30:466][  0]LogD3D11RHI:   Driver Version: 20.19.15.4549 (internal:20.19.15.4549, unified:20.19.15.4549)
[2019.12.09-22.41.30:466][  0]LogD3D11RHI:      Driver Date: 11-10-2016
[2019.12.09-22.41.30:466][  0]LogRHI: Texture pool is 788 MB (70% of 1126 MB)
[2019.12.09-22.41.30:474][  0]LogD3D11RHI: Async texture creation enabled
[2019.12.09-22.41.30:486][  0]LogD3D11RHI: GPU Timing Frequency: 12.500000 (Debug: 2 0)
[2019.12.09-22.41.35:380][  0]LogTemp: Display: Module 'AllDesktopTargetPlatform' loaded TargetPlatform 'AllDesktop'
[2019.12.09-22.41.35:416][  0]LogTemp: Display: Module 'MacClientTargetPlatform' loaded TargetPlatform 'MacClient'
[2019.12.09-22.41.35:462][  0]LogTemp: Display: Module 'MacNoEditorTargetPlatform' loaded TargetPlatform 'MacNoEditor'
[2019.12.09-22.41.35:659][  0]LogTemp: Display: Module 'MacServerTargetPlatform' loaded TargetPlatform 'MacServer'
[2019.12.09-22.41.35:758][  0]LogTemp: Display: Module 'MacTargetPlatform' loaded TargetPlatform 'Mac'
[2019.12.09-22.41.35:905][  0]LogTemp: Display: Module 'WindowsClientTargetPlatform' loaded TargetPlatform 'WindowsClient'
[2019.12.09-22.41.35:947][  0]LogTemp: Display: Module 'WindowsNoEditorTargetPlatform' loaded TargetPlatform 'WindowsNoEditor'
[2019.12.09-22.41.36:000][  0]LogTemp: Display: Module 'WindowsServerTargetPlatform' loaded TargetPlatform 'WindowsServer'
[2019.12.09-22.41.36:021][  0]LogTemp: Display: Module 'WindowsTargetPlatform' loaded TargetPlatform 'Windows'
[2019.12.09-22.41.36:179][  0]LogTemp: Display: Module 'AndroidTargetPlatform' loaded TargetPlatform 'Android'
[2019.12.09-22.41.36:179][  0]LogTemp: Display: Module 'AndroidTargetPlatform' loaded TargetPlatform 'Android_ASTC'
[2019.12.09-22.41.36:179][  0]LogTemp: Display: Module 'AndroidTargetPlatform' loaded TargetPlatform 'Android_ATC'
[2019.12.09-22.41.36:179][  0]LogTemp: Display: Module 'AndroidTargetPlatform' loaded TargetPlatform 'Android_DXT'
[2019.12.09-22.41.36:179][  0]LogTemp: Display: Module 'AndroidTargetPlatform' loaded TargetPlatform 'Android_ETC1'
[2019.12.09-22.41.36:179][  0]LogTemp: Display: Module 'AndroidTargetPlatform' loaded TargetPlatform 'Android_ETC1a'
[2019.12.09-22.41.36:179][  0]LogTemp: Display: Module 'AndroidTargetPlatform' loaded TargetPlatform 'Android_ETC2'
[2019.12.09-22.41.36:179][  0]LogTemp: Display: Module 'AndroidTargetPlatform' loaded TargetPlatform 'Android_PVRTC'
[2019.12.09-22.41.36:179][  0]LogTemp: Display: Module 'AndroidTargetPlatform' loaded TargetPlatform 'AndroidClient'
[2019.12.09-22.41.36:179][  0]LogTemp: Display: Module 'AndroidTargetPlatform' loaded TargetPlatform 'Android_ASTCClient'
[2019.12.09-22.41.36:179][  0]LogTemp: Display: Module 'AndroidTargetPlatform' loaded TargetPlatform 'Android_ATCClient'
[2019.12.09-22.41.36:179][  0]LogTemp: Display: Module 'AndroidTargetPlatform' loaded TargetPlatform 'Android_DXTClient'
[2019.12.09-22.41.36:179][  0]LogTemp: Display: Module 'AndroidTargetPlatform' loaded TargetPlatform 'Android_ETC1Client'
[2019.12.09-22.41.36:179][  0]LogTemp: Display: Module 'AndroidTargetPlatform' loaded TargetPlatform 'Android_ETC1aClient'
[2019.12.09-22.41.36:179][  0]LogTemp: Display: Module 'AndroidTargetPlatform' loaded TargetPlatform 'Android_ETC2Client'
[2019.12.09-22.41.36:179][  0]LogTemp: Display: Module 'AndroidTargetPlatform' loaded TargetPlatform 'Android_PVRTCClient'
[2019.12.09-22.41.36:179][  0]LogTemp: Display: Module 'AndroidTargetPlatform' loaded TargetPlatform 'Android_Multi'
[2019.12.09-22.41.36:179][  0]LogTemp: Display: Module 'AndroidTargetPlatform' loaded TargetPlatform 'Android_MultiClient'
[2019.12.09-22.41.36:354][  0]LogTemp: Display: Module 'HTML5TargetPlatform' loaded TargetPlatform 'HTML5'
[2019.12.09-22.41.36:798][  0]LogTemp: Display: Module 'IOSTargetPlatform' loaded TargetPlatform 'IOSClient'
[2019.12.09-22.41.36:798][  0]LogTemp: Display: Module 'IOSTargetPlatform' loaded TargetPlatform 'IOS'
[2019.12.09-22.41.36:840][  0]LogTemp: Display: Module 'TVOSTargetPlatform' loaded TargetPlatform 'TVOSClient'
[2019.12.09-22.41.36:840][  0]LogTemp: Display: Module 'TVOSTargetPlatform' loaded TargetPlatform 'TVOS'
[2019.12.09-22.41.36:940][  0]LogTemp: Display: Module 'LinuxClientTargetPlatform' loaded TargetPlatform 'LinuxClient'
[2019.12.09-22.41.36:953][  0]LogTemp: Display: Module 'LinuxNoEditorTargetPlatform' loaded TargetPlatform 'LinuxNoEditor'
[2019.12.09-22.41.36:968][  0]LogTemp: Display: Module 'LinuxServerTargetPlatform' loaded TargetPlatform 'LinuxServer'
[2019.12.09-22.41.37:034][  0]LogTemp: Display: Module 'LinuxTargetPlatform' loaded TargetPlatform 'Linux'
[2019.12.09-22.41.37:139][  0]LogTemp: Display: Module 'LuminTargetPlatform' loaded TargetPlatform 'Lumin'
[2019.12.09-22.41.37:140][  0]LogTemp: Display: Module 'LuminTargetPlatform' loaded TargetPlatform 'LuminClient'
[2019.12.09-22.41.37:140][  0]LogTargetPlatformManager: Display: Building Assets For Windows
[2019.12.09-22.41.37:304][  0]LogAudioDebug: Display: Lib vorbis DLL was dynamically loaded.
[2019.12.09-22.41.38:334][  0]LogShaderCompilers: Guid format shader working directory is -6 characters bigger than the processId version (../../../../../../Study/Labs/7 semester/CGA/JustDoIt/Intermediate/Shaders/WorkingDirectory/5020/).
[2019.12.09-22.41.38:334][  0]LogShaderCompilers: Cleaned the shader compiler working directory 'C:/Users/Daddy/AppData/Local/Temp/UnrealShaderWorkingDir/39BA445C4EDFDCAA39ABBF9112752F3A/'.
[2019.12.09-22.41.38:349][  0]LogXGEController: Cannot use XGE Controller as Incredibuild is not installed on this machine.
[2019.12.09-22.41.38:349][  0]LogShaderCompilers: Cannot use XGE Shader Compiler as Incredibuild is not installed on this machine.
[2019.12.09-22.41.38:349][  0]LogShaderCompilers: Display: Using Local Shader Compiler.
[2019.12.09-22.41.50:099][  0]LogDerivedDataCache: Display: Max Cache Size: 512 MB
[2019.12.09-22.41.52:272][  0]LogDerivedDataCache: Loaded boot cache 2.17s 73MB C:/Users/Daddy/AppData/Local/UnrealEngine/4.23/DerivedDataCache/Boot.ddc.
[2019.12.09-22.41.52:273][  0]LogDerivedDataCache: Display: Loaded Boot cache: C:/Users/Daddy/AppData/Local/UnrealEngine/4.23/DerivedDataCache/Boot.ddc
[2019.12.09-22.41.52:273][  0]LogDerivedDataCache: FDerivedDataBackendGraph:  Pak pak cache file ../../../../../../Study/Labs/7 semester/CGA/JustDoIt/DerivedDataCache/DDC.ddp not found, will not use a pak cache.
[2019.12.09-22.41.52:273][  0]LogDerivedDataCache: Unable to find inner node Pak for hierarchical cache Hierarchy.
[2019.12.09-22.41.52:273][  0]LogDerivedDataCache: FDerivedDataBackendGraph:  CompressedPak pak cache file ../../../../../../Study/Labs/7 semester/CGA/JustDoIt/DerivedDataCache/Compressed.ddp not found, will not use a pak cache.
[2019.12.09-22.41.52:273][  0]LogDerivedDataCache: Unable to find inner node CompressedPak for hierarchical cache Hierarchy.
[2019.12.09-22.41.52:423][  0]LogDerivedDataCache: Display: Pak cache opened for reading ../../../Engine/DerivedDataCache/Compressed.ddp.
[2019.12.09-22.41.52:423][  0]LogDerivedDataCache: FDerivedDataBackendGraph:  EnterprisePak pak cache file ../../../Enterprise/DerivedDataCache/Compressed.ddp not found, will not use a pak cache.
[2019.12.09-22.41.52:423][  0]LogDerivedDataCache: Unable to find inner node EnterprisePak for hierarchical cache Hierarchy.
[2019.12.09-22.41.52:425][  0]LogDerivedDataCache: Using Local data cache path C:/Users/Daddy/AppData/Local/UnrealEngine/Common/DerivedDataCache: Writable
[2019.12.09-22.41.52:425][  0]LogDerivedDataCache: Shared data cache path not found in *engine.ini, will not use an Shared cache.
[2019.12.09-22.41.52:425][  0]LogDerivedDataCache: Unable to find inner node Shared for hierarchical cache Hierarchy.
[2019.12.09-22.41.52:474][  0]LogMaterial: Verifying Global Shaders for PCD3D_SM5
[2019.12.09-22.41.52:480][  0]LogSlate: Using FreeType 2.6.0
[2019.12.09-22.41.52:618][  0]LogSlate: SlateFontServices - WITH_FREETYPE: 1, WITH_HARFBUZZ: 1
[2019.12.09-22.41.54:570][  0]LogAssetRegistry: FAssetRegistry took 0.0042 seconds to start up
[2019.12.09-22.41.55:032][  0]LogInit: Selected Device Profile: [Windows]
[2019.12.09-22.41.56:796][  0]LogMeshReduction: Using QuadricMeshReduction for automatic static mesh reduction
[2019.12.09-22.41.56:796][  0]LogMeshReduction: Using SimplygonMeshReduction for automatic skeletal mesh reduction
[2019.12.09-22.41.56:797][  0]LogMeshReduction: Using ProxyLODMeshReduction for automatic mesh merging
[2019.12.09-22.41.56:797][  0]LogMeshReduction: No distributed automatic mesh merging module available
[2019.12.09-22.41.56:797][  0]LogMeshMerging: No distributed automatic mesh merging module available
[2019.12.09-22.41.56:939][  0]LogNetVersion: JustDoIt 1.0.0, NetCL: 8386587, EngineNetVer: 11, GameNetVer: 0 (Checksum: 2198397873)
[2019.12.09-22.41.58:740][  0]LogPackageLocalizationCache: Processed 12 localized package path(s) for 1 prioritized culture(s) in 0.145742 seconds
[2019.12.09-22.41.58:751][  0]LogUObjectArray: 43444 objects as part of root set at end of initial load.
[2019.12.09-22.41.58:751][  0]LogUObjectAllocator: 7548648 out of 0 bytes used by permanent object pool.
[2019.12.09-22.41.58:751][  0]LogUObjectArray: CloseDisregardForGC: 0/0 objects in disregard for GC pool
[2019.12.09-22.42.34:938][  0]LogTcpMessaging: Initializing TcpMessaging bridge
[2019.12.09-22.42.35:046][  0]LogUdpMessaging: Initializing bridge on interface 0.0.0.0:0 to multicast group 230.0.0.1:6666.
[2019.12.09-22.42.36:202][  0]SourceControl: Source control is disabled
[2019.12.09-22.42.36:202][  0]SourceControl: Source control is disabled
[2019.12.09-22.42.36:400][  0]SourceControl: Source control is disabled
[2019.12.09-22.42.36:438][  0]SourceControl: Source control is disabled
[2019.12.09-22.42.40:022][  0]LogAndroidPermission: UAndroidPermissionCallbackProxy::GetInstance
[2019.12.09-22.42.42:790][  0]LogOcInput: OculusInput pre-init called
[2019.12.09-22.42.42:987][  0]LogWindows: Failed to load 'OVRPlugin.dll' (GetLastError=126)
[2019.12.09-22.42.42:987][  0]LogWindows: File 'OVRPlugin.dll' does not exist
[2019.12.09-22.42.43:518][  0]LogEngine: Initializing Engine...
[2019.12.09-22.42.43:519][  0]LogHMD: Failed to initialize OpenVR with code 110
[2019.12.09-22.42.43:521][  0]LogStats: UGameplayTagsManager::InitializeManager -  0.000 s
[2019.12.09-22.42.44:058][  0]LogInit: Initializing FReadOnlyCVARCache
[2019.12.09-22.42.44:134][  0]LogAIModule: Creating AISystem for world Untitled
[2019.12.09-22.42.44:186][  0]LogInit: XAudio2 using 'Динамики (Realtek High Definition Audio)' : 2 channels at 48 kHz using 32 bits per sample (channel mask 0x3)
[2019.12.09-22.42.44:653][  0]LogInit: FAudioDevice initialized.
[2019.12.09-22.42.44:654][  0]LogNetVersion: Set ProjectVersion to 1.0.0.0. Version Checksum will be recalculated on next use.
[2019.12.09-22.42.45:769][  0]LogDerivedDataCache: Saved boot cache 1.12s 73MB C:/Users/Daddy/AppData/Local/UnrealEngine/4.23/DerivedDataCache/Boot.ddc.
[2019.12.09-22.42.45:787][  0]LogInit: Texture streaming: Enabled
[2019.12.09-22.42.47:052][  0]LogEngineSessionManager: EngineSessionManager initialized
[2019.12.09-22.42.47:480][  0]LogInit: Transaction tracking system initialized
[2019.12.09-22.42.48:228][  0]BlueprintLog: New page: Editor Load
[2019.12.09-22.42.49:294][  0]LocalizationService: Localization service is disabled
[2019.12.09-22.42.51:183][  0]LogFileCache: Scanning file cache for directory 'D:/Study/Labs/7 semester/CGA/JustDoIt/Content/' took 0.01s
[2019.12.09-22.42.51:183][  0]LogCook: Display: Max memory allowance for cook 16384mb min free memory 0mb
[2019.12.09-22.42.51:183][  0]LogCook: Display: Mobile HDR setting 1
[2019.12.09-22.42.55:243][  0]SourceControl: Source control is disabled
[2019.12.09-22.42.55:244][  0]Cmd: MAP LOAD FILE="../../../../../../Study/Labs/7 semester/CGA/JustDoIt/Content/StarterContent/Maps/Minimal_Default.umap" TEMPLATE=0 SHOWPROGRESS=1 FEATURELEVEL=3
[2019.12.09-22.42.55:560][  0]LightingResults: New page: Lighting Build
[2019.12.09-22.42.55:754][  0]LogWorld: UWorld::CleanupWorld for Untitled, bSessionEnded=true, bCleanupResources=true
[2019.12.09-22.42.55:755][  0]MapCheck: New page: Map Check
[2019.12.09-22.42.55:755][  0]LightingResults: New page: Lighting Build
[2019.12.09-22.42.55:837][  0]LogUObjectHash: Compacting FUObjectHashTables data took   4.13ms
[2019.12.09-22.43.05:825][  0]LogAIModule: Creating AISystem for world Minimal_Default
[2019.12.09-22.43.09:972][  0]LogEditorServer: Finished looking for orphan Actors (0.000 secs)
[2019.12.09-22.43.10:108][  0]LogUObjectHash: Compacting FUObjectHashTables data took   5.87ms
[2019.12.09-22.43.10:108][  0]Cmd: MAP CHECKDEP NOCLEARLOG
[2019.12.09-22.43.10:108][  0]MapCheck: Map check complete: 0 Error(s), 0 Warning(s), took 0,204ms to complete.
[2019.12.09-22.43.10:108][  0]LogFileHelpers: Loading map 'Minimal_Default' took 14.865
[2019.12.09-22.43.14:433][  0]LogSlate: Updating window title bar state: overlay mode, drag disabled, window buttons hidden, title bar hidden
[2019.12.09-22.43.14:460][  0]LogSlate: Updating window title bar state: overlay mode, drag disabled, window buttons hidden, title bar hidden
[2019.12.09-22.43.14:476][  0]LogSlate: Updating window title bar state: overlay mode, drag disabled, window buttons hidden, title bar hidden
[2019.12.09-22.43.14:494][  0]LogSlate: Updating window title bar state: overlay mode, drag disabled, window buttons hidden, title bar hidden
[2019.12.09-22.43.15:163][  0]LogCollectionManager: Loaded 0 collections in 0.002943 seconds
[2019.12.09-22.43.15:783][  0]LogFileCache: Scanning file cache for directory 'D:/Study/Labs/7 semester/CGA/JustDoIt/Saved/Collections/' took 0.00s
[2019.12.09-22.43.15:783][  0]LogFileCache: Scanning file cache for directory 'D:/Study/Labs/7 semester/CGA/JustDoIt/Content/Developers/Daddy/Collections/' took 0.00s
[2019.12.09-22.43.15:783][  0]LogFileCache: Scanning file cache for directory 'D:/Study/Labs/7 semester/CGA/JustDoIt/Content/Collections/' took 0.00s
[2019.12.09-22.43.15:783][  0]LogCollectionManager: Rebuilt the GUID cache for 0 collections in 0.000007 seconds
[2019.12.09-22.43.15:805][  0]LogContentBrowser: Native class hierarchy populated in 0.0196 seconds. Added 2864 classes and 682 folders.
[2019.12.09-22.43.16:083][  0]LogContentBrowser: Native class hierarchy updated for 'WidgetCarousel' in 0.0003 seconds. Added 0 classes and 0 folders.
[2019.12.09-22.43.20:091][  0]LogContentBrowser: Native class hierarchy updated for 'AddContentDialog' in 0.0004 seconds. Added 0 classes and 0 folders.
[2019.12.09-22.43.25:004][  0]LogSlate: Took 0.024788 seconds to synchronously load lazily loaded font '../../../Engine/Content/Slate/Fonts/Roboto-Regular.ttf' (155K)
[2019.12.09-22.43.25:074][  0]LogSlate: Took 0.067651 seconds to synchronously load lazily loaded font '../../../Engine/Content/Slate/Fonts/Roboto-Bold.ttf' (160K)
[2019.12.09-22.43.25:852][  0]LogSlate: Took 0.019601 seconds to synchronously load lazily loaded font '../../../Engine/Content/Editor/Slate/Fonts/FontAwesome.ttf' (139K)
[2019.12.09-22.43.27:778][  0]LogRenderer: Reallocating scene render targets to support 884x652 Format 10 NumSamples 1 (Frame:1).
[2019.12.09-22.43.32:272][  0]LogSlate: Took 0.082686 seconds to synchronously load lazily loaded font '../../../Engine/Content/Slate/Fonts/Roboto-Light.ttf' (167K)
[2019.12.09-22.43.36:225][  0]LogContentBrowser: Native class hierarchy updated for 'HierarchicalLODOutliner' in 0.0070 seconds. Added 0 classes and 0 folders.
[2019.12.09-22.43.36:225][  0]LogLoad: (Engine Initialization) Total time: 202.71 seconds
[2019.12.09-22.43.36:225][  0]LogLoad: (Engine Initialization) Total Blueprint compile time: 0.00 seconds
[2019.12.09-22.43.37:630][  0]LogEditorViewport: Clicking on Actor (LMB): Ground_C (Ground132)
[2019.12.09-22.43.43:007][  0]LogContentStreaming: Texture pool size now 1000 MB
[2019.12.09-22.43.49:600][  2]LogSlate: Took 0.000284 seconds to synchronously load lazily loaded font '../../../Engine/Content/Slate/Fonts/Roboto-Light.ttf' (167K)
[2019.12.09-22.43.54:109][ 18]LogSlate: FSceneViewport::OnFocusLost() reason 0
[2019.12.09-22.43.56:707][ 29]LogSlate: FSceneViewport::OnFocusLost() reason 0
[2019.12.09-22.43.56:800][ 30]LogTemp: Repeating last play command: Selected Viewport
[2019.12.09-22.43.57:267][ 30]LogBlueprintUserMessages: Early PlayInEditor Detection: Level '/Game/StarterContent/Maps/Minimal_Default.Minimal_Default:PersistentLevel' has LevelScriptBlueprint '/Game/StarterContent/Maps/Minimal_Default.Minimal_Default:PersistentLevel.Minimal_Default' with GeneratedClass '/Game/StarterContent/Maps/Minimal_Default.Minimal_Default_C' with ClassGeneratedBy '/Game/StarterContent/Maps/Minimal_Default.Minimal_Default:PersistentLevel.Minimal_Default'
[2019.12.09-22.43.57:360][ 30]LogPlayLevel: PlayLevel: No blueprints needed recompiling
[2019.12.09-22.43.57:964][ 30]PIE: New page: PIE session: Minimal_Default (10 дек. 2019 г., 4:43:57)
[2019.12.09-22.43.58:564][ 30]LogOnline: OSS: Creating online subsystem instance for: NULL
[2019.12.09-22.43.58:621][ 30]LogPlayLevel: Creating play world package: /Game/StarterContent/Maps/UEDPIE_0_Minimal_Default
[2019.12.09-22.43.59:328][ 30]LogPlayLevel: PIE: StaticDuplicateObject took: (0.706952s)
[2019.12.09-22.43.59:343][ 30]LogAIModule: Creating AISystem for world Minimal_Default
[2019.12.09-22.43.59:362][ 30]LogPlayLevel: PIE: World Init took: (0.033680s)
[2019.12.09-22.43.59:413][ 30]LogPlayLevel: PIE: Created PIE world by copying editor world from /Game/StarterContent/Maps/Minimal_Default.Minimal_Default to /Game/StarterContent/Maps/UEDPIE_0_Minimal_Default.Minimal_Default (0.792413s)
[2019.12.09-22.43.59:483][ 30]LogUObjectHash: Compacting FUObjectHashTables data took   2.57ms
[2019.12.09-22.43.59:726][ 30]LogInit: XAudio2 using 'Динамики (Realtek High Definition Audio)' : 2 channels at 48 kHz using 32 bits per sample (channel mask 0x3)
[2019.12.09-22.43.59:838][ 30]LogInit: FAudioDevice initialized.
[2019.12.09-22.44.01:046][ 30]LogLoad: Game class is 'CustomGM_C'
[2019.12.09-22.44.01:463][ 30]LogWorld: Bringing World /Game/StarterContent/Maps/UEDPIE_0_Minimal_Default.Minimal_Default up for play (max tick rate 60) at 2019.12.10-01.44.01
[2019.12.09-22.44.01:766][ 30]LogWorld: Bringing up level for play took: 0.344608
[2019.12.09-22.44.01:808][ 30]LogOnline: OSS: Creating online subsystem instance for: :Context_4
[2019.12.09-22.44.02:495][ 30]LogContentBrowser: Native class hierarchy updated for 'MovieSceneCapture' in 0.0006 seconds. Added 20 classes and 0 folders.
[2019.12.09-22.44.02:857][ 30]LogSlate: New Slate User Created.  User Index 8, Is Virtual User: 1
[2019.12.09-22.44.02:857][ 30]LogSlate: Slate User Registered.  User Index 8, Is Virtual User: 1
[2019.12.09-22.44.05:717][ 30]LogScript: Warning: Script Msg: Attempted to access index 0 from array 'CallFunc_Map_Keys_Keys' of length 0 in '/Game/MainCharacter.MainCharacter_C:ExecuteUbergraph_MainCharacter'!
[2019.12.09-22.44.05:792][ 30]PIE: Play in editor start time for /Game/StarterContent/Maps/UEDPIE_0_Minimal_Default 8,821
[2019.12.09-22.44.05:792][ 30]LogBlueprintUserMessages: Late PlayInEditor Detection: Level '/Game/StarterContent/Maps/Minimal_Default.Minimal_Default:PersistentLevel' has LevelScriptBlueprint '/Game/StarterContent/Maps/Minimal_Default.Minimal_Default:PersistentLevel.Minimal_Default' with GeneratedClass '/Game/StarterContent/Maps/Minimal_Default.Minimal_Default_C' with ClassGeneratedBy '/Game/StarterContent/Maps/Minimal_Default.Minimal_Default:PersistentLevel.Minimal_Default'
[2019.12.09-22.44.14:147][ 31]LogCharacterMovement: Warning: GetSimulationTimeStep() - Max iterations 8 hit while remaining time 0.053388 > MaxSimulationTimeStep (0.050) for 'MainCharacter_C_0', movement 'Walking'
[2019.12.09-22.44.18:259][ 53]LogAssetRegistry: Asset discovery search completed in 143.6911 seconds
[2019.12.09-22.44.18:355][ 53]LogCollectionManager: Rebuilt the object cache for 0 collections in 0.067607 seconds (found 0 objects)
[2019.12.09-22.44.18:356][ 53]LogCollectionManager: Fixed up redirectors for 0 collections in 0.067709 seconds (updated 0 objects)
[2019.12.09-22.44.30:088][150]LogScript: Warning: Script Msg: Attempted to access index 1 from array 'CallFunc_Map_Keys_Keys' of length 1 in '/Game/MainCharacter.MainCharacter_C:ExecuteUbergraph_MainCharacter'!
[2019.12.09-22.44.48:838][351]LogBlueprintUserMessages: Early EndPlayMap Detection: Level '/Game/StarterContent/Maps/Minimal_Default.Minimal_Default:PersistentLevel' has LevelScriptBlueprint '/Game/StarterContent/Maps/Minimal_Default.Minimal_Default:PersistentLevel.Minimal_Default' with GeneratedClass '/Game/StarterContent/Maps/Minimal_Default.Minimal_Default_C' with ClassGeneratedBy '/Game/StarterContent/Maps/Minimal_Default.Minimal_Default:PersistentLevel.Minimal_Default'
[2019.12.09-22.44.49:192][351]LogSlate: Updating window title bar state: overlay mode, drag disabled, window buttons hidden, title bar hidden
[2019.12.09-22.44.49:192][351]LogWorld: BeginTearingDown for /Game/StarterContent/Maps/UEDPIE_0_Minimal_Default
[2019.12.09-22.44.49:303][351]LogWorld: UWorld::CleanupWorld for Minimal_Default, bSessionEnded=true, bCleanupResources=true
[2019.12.09-22.44.51:167][351]LogPlayLevel: Display: Shutting down PIE online subsystems
[2019.12.09-22.44.51:175][351]LogBlueprintUserMessages: Late EndPlayMap Detection: Level '/Game/StarterContent/Maps/Minimal_Default.Minimal_Default:PersistentLevel' has LevelScriptBlueprint '/Game/StarterContent/Maps/Minimal_Default.Minimal_Default:PersistentLevel.Minimal_Default' with GeneratedClass '/Game/StarterContent/Maps/Minimal_Default.Minimal_Default_C' with ClassGeneratedBy '/Game/StarterContent/Maps/Minimal_Default.Minimal_Default:PersistentLevel.Minimal_Default'
[2019.12.09-22.44.51:707][351]LogSlate: Updating window title bar state: overlay mode, drag disabled, window buttons hidden, title bar hidden
[2019.12.09-22.44.52:388][351]LogSlate: Slate User Unregistered.  User Index 8
[2019.12.09-22.44.52:389][351]LogSlate: Slate User Destroyed.  User Index 8, Is Virtual User: 1
[2019.12.09-22.44.52:545][351]LogUObjectHash: Compacting FUObjectHashTables data took   3.78ms
[2019.12.09-22.44.52:601][352]LogPlayLevel: Display: Destroying online subsystem :Context_4
[2019.12.09-22.44.53:787][407]LogSlate: FSceneViewport::OnFocusLost() reason 0
[2019.12.09-22.44.54:017][411]LogUObjectHash: Compacting FUObjectHashTables data took   0.93ms
[2019.12.09-22.44.54:424][411]LogSlate: Window 'JustDoIt - Unreal Editor' being destroyed
[2019.12.09-22.44.54:443][411]LogWindowsTextInputMethodSystem: Display: IME system now deactivated.
[2019.12.09-22.44.56:544][412]Cmd: QUIT_EDITOR
[2019.12.09-22.44.59:598][412]LogExit: Preparing to exit.
[2019.12.09-22.45.02:723][412]LogWorld: UWorld::CleanupWorld for World_0, bSessionEnded=true, bCleanupResources=true
[2019.12.09-22.45.02:723][412]LogWorld: UWorld::CleanupWorld for World_1, bSessionEnded=true, bCleanupResources=true
[2019.12.09-22.45.02:724][412]LogWorld: UWorld::CleanupWorld for World_2, bSessionEnded=true, bCleanupResources=true
[2019.12.09-22.45.03:206][412]LogDemo: Cleaned up 0 splitscreen connections with owner deletion
[2019.12.09-22.45.04:208][412]LogWorld: UWorld::CleanupWorld for None, bSessionEnded=true, bCleanupResources=true
[2019.12.09-22.45.04:221][412]LogExit: Editor shut down
[2019.12.09-22.45.04:222][412]LogExit: Transaction tracking system shut down
[2019.12.09-22.45.13:464][412]LogExit: Object subsystem successfully closed.
[2019.12.09-22.45.16:679][412]LogShaderCompilers: Display: Shaders left to compile 0
[2019.12.09-22.45.43:279][412]LogModuleManager: Shutting down and abandoning module MovieSceneCapture (672)
[2019.12.09-22.45.43:279][412]LogModuleManager: Shutting down and abandoning module Voice (670)
[2019.12.09-22.45.43:285][412]LogModuleManager: Shutting down and abandoning module HierarchicalLODOutliner (668)
[2019.12.09-22.45.43:286][412]LogModuleManager: Shutting down and abandoning module AddContentDialog (666)
[2019.12.09-22.45.43:299][412]LogModuleManager: Shutting down and abandoning module WidgetCarousel (665)
[2019.12.09-22.45.43:300][412]LogModuleManager: Shutting down and abandoning module EditorWidgets (662)
[2019.12.09-22.45.43:300][412]LogModuleManager: Shutting down and abandoning module CollectionManager (660)
[2019.12.09-22.45.43:525][412]LogModuleManager: Shutting down and abandoning module SceneOutliner (658)
[2019.12.09-22.45.43:525][412]LogModuleManager: Shutting down and abandoning module StatsViewer (656)
[2019.12.09-22.45.43:989][412]LogModuleManager: Shutting down and abandoning module VirtualTexturingEditor (654)
[2019.12.09-22.45.43:989][412]LogModuleManager: Shutting down and abandoning module FoliageEdit (652)
[2019.12.09-22.45.44:585][412]LogModuleManager: Shutting down and abandoning module LandscapeEditor (650)
[2019.12.09-22.45.45:618][412]LogModuleManager: Shutting down and abandoning module MeshPaintMode (648)
[2019.12.09-22.45.45:618][412]LogModuleManager: Shutting down and abandoning module SceneDepthPickerMode (646)
[2019.12.09-22.45.45:618][412]LogModuleManager: Shutting down and abandoning module ActorPickerMode (644)
[2019.12.09-22.45.45:618][412]LogModuleManager: Shutting down and abandoning module GeometryMode (642)
[2019.12.09-22.45.45:723][412]LogModuleManager: Shutting down and abandoning module TextureAlignMode (640)
[2019.12.09-22.45.45:723][412]LogModuleManager: Shutting down and abandoning module BspMode (638)
[2019.12.09-22.45.45:724][412]LogModuleManager: Shutting down and abandoning module PIEPreviewDeviceProfileSelector (636)
[2019.12.09-22.45.46:617][412]LogModuleManager: Shutting down and abandoning module SequenceRecorderSections (634)
[2019.12.09-22.45.46:831][412]LogModuleManager: Shutting down and abandoning module AutomationWorker (632)
[2019.12.09-22.45.46:831][412]LogModuleManager: Shutting down and abandoning module OculusMR (630)
[2019.12.09-22.45.46:831][412]LogModuleManager: Shutting down and abandoning module AudioCaptureEditor (628)
[2019.12.09-22.45.47:164][412]LogModuleManager: Shutting down and abandoning module MatineeToLevelSequence (626)
[2019.12.09-22.45.47:872][412]LogModuleManager: Shutting down and abandoning module LevelSequenceEditor (624)
[2019.12.09-22.45.48:921][412]LogModuleManager: Shutting down and abandoning module PlacementMode (623)
[2019.12.09-22.45.48:921][412]LogModuleManager: Shutting down and abandoning module MaterialEditor (622)
[2019.12.09-22.45.49:133][412]LogModuleManager: Shutting down and abandoning module ActorSequenceEditor (618)
[2019.12.09-22.45.49:906][412]LogModuleManager: Shutting down and abandoning module WmfMediaFactory (616)
[2019.12.09-22.45.49:906][412]LogModuleManager: Shutting down and abandoning module WmfMediaEditor (614)
[2019.12.09-22.45.49:906][412]LogModuleManager: Shutting down and abandoning module WebMMediaFactory (612)
[2019.12.09-22.45.49:906][412]LogModuleManager: Shutting down and abandoning module WebMMediaEditor (610)
[2019.12.09-22.45.49:906][412]LogModuleManager: Shutting down and abandoning module WebMMedia (608)
[2019.12.09-22.45.50:254][412]LogModuleManager: Shutting down and abandoning module MediaPlayerEditor (606)
[2019.12.09-22.45.50:870][412]LogModuleManager: Shutting down and abandoning module MediaCompositingEditor (604)
