Log file open, 01/01/20 20:39:58
LogWindows: Failed to load 'aqProf.dll' (GetLastError=126)
LogWindows: File 'aqProf.dll' does not exist
LogWindows: Failed to load 'VtuneApi.dll' (GetLastError=126)
LogWindows: File 'VtuneApi.dll' does not exist
LogWindows: Failed to load 'VtuneApi32e.dll' (GetLastError=126)
LogWindows: File 'VtuneApi32e.dll' does not exist
LogConsoleResponse: Display: Failed to find resolution value strings in scalability ini. Falling back to default.
LogInit: Display: Running engine for game: JustDoIt
LogPlatformFile: Not using cached read wrapper
LogTaskGraph: Started task graph with 5 named threads and 11 total threads with 3 sets of task threads.
LogStats: Stats thread started at 1.693697
LogD3D11RHI: Loaded GFSDK_Aftermath_Lib.x64.dll
LogICUInternationalization: ICU TimeZone Detection - Raw Offset: +3:00, Platform Override: ''
LogPluginManager: Mounting plugin Paper2D
LogPluginManager: Mounting plugin AISupport
LogPluginManager: Mounting plugin LightPropagationVolume
LogPluginManager: Mounting plugin ActorLayerUtilities
LogPluginManager: Mounting plugin AnimationSharing
LogPluginManager: Mounting plugin CLionSourceCodeAccess
LogPluginManager: Mounting plugin CodeLiteSourceCodeAccess
LogPluginManager: Mounting plugin GitSourceControl
LogPluginManager: Mounting plugin KDevelopSourceCodeAccess
LogPluginManager: Mounting plugin NullSourceCodeAccess
LogPluginManager: Mounting plugin PerforceSourceControl
LogPluginManager: Mounting plugin SubversionSourceControl
LogPluginManager: Mounting plugin UObjectPlugin
LogPluginManager: Mounting plugin VisualStudioCodeSourceCodeAccess
LogPluginManager: Mounting plugin VisualStudioSourceCodeAccess
LogPluginManager: Mounting plugin XCodeSourceCodeAccess
LogPluginManager: Mounting plugin AssetManagerEditor
LogPluginManager: Mounting plugin CryptoKeys
LogPluginManager: Mounting plugin CurveEditorTools
LogPluginManager: Mounting plugin DataValidation
LogPluginManager: Mounting plugin FacialAnimation
LogPluginManager: Mounting plugin GameplayTagsEditor
LogPluginManager: Mounting plugin MacGraphicsSwitching
LogPluginManager: Mounting plugin MaterialAnalyzer
LogPluginManager: Mounting plugin MobileLauncherProfileWizard
LogPluginManager: Mounting plugin PluginBrowser
LogPluginManager: Mounting plugin SpeedTreeImporter
LogPluginManager: Mounting plugin DatasmithContent
LogPluginManager: Mounting plugin VariantManagerContent
LogPluginManager: Mounting plugin AlembicImporter
LogPluginManager: Mounting plugin AutomationUtils
LogPluginManager: Mounting plugin BackChannel
LogPluginManager: Mounting plugin CharacterAI
LogPluginManager: Mounting plugin GeometryCache
LogPluginManager: Mounting plugin HTML5Networking
LogPluginManager: Mounting plugin PlatformCrypto
LogPluginManager: Mounting plugin ProxyLODPlugin
LogPluginManager: Mounting plugin SkeletalReduction
LogPluginManager: Mounting plugin MagicLeap
LogPluginManager: Mounting plugin MagicLeapMedia
LogPluginManager: Mounting plugin AndroidMedia
LogPluginManager: Mounting plugin AvfMedia
LogPluginManager: Mounting plugin ImgMedia
LogPluginManager: Mounting plugin MediaCompositing
LogPluginManager: Mounting plugin MediaPlayerEditor
LogPluginManager: Mounting plugin WebMMedia
LogPluginManager: Mounting plugin WmfMedia
LogPluginManager: Mounting plugin TcpMessaging
LogPluginManager: Mounting plugin UdpMessaging
LogPluginManager: Mounting plugin ActorSequence
LogPluginManager: Mounting plugin LevelSequenceEditor
LogPluginManager: Mounting plugin MatineeToLevelSequence
LogPluginManager: Mounting plugin NetcodeUnitTest
LogPluginManager: Mounting plugin NUTUnrealEngine4
LogPluginManager: Mounting plugin OnlineSubsystemGooglePlay
LogPluginManager: Mounting plugin OnlineSubsystemIOS
LogPluginManager: Mounting plugin OnlineSubsystem
LogPluginManager: Mounting plugin OnlineSubsystemNull
LogPluginManager: Mounting plugin OnlineSubsystemUtils
LogPluginManager: Mounting plugin LauncherChunkInstaller
LogPluginManager: Mounting plugin AndroidDeviceProfileSelector
LogPluginManager: Mounting plugin AndroidMoviePlayer
LogPluginManager: Mounting plugin AndroidPermission
LogPluginManager: Mounting plugin AppleImageUtils
LogPluginManager: Mounting plugin AppleMoviePlayer
LogPluginManager: Mounting plugin ArchVisCharacter
LogPluginManager: Mounting plugin AudioCapture
LogPluginManager: Mounting plugin CableComponent
LogPluginManager: Mounting plugin CustomMeshComponent
LogPluginManager: Mounting plugin EditableMesh
LogPluginManager: Mounting plugin ExampleDeviceProfileSelector
LogPluginManager: Mounting plugin GoogleCloudMessaging
LogPluginManager: Mounting plugin IOSDeviceProfileSelector
LogPluginManager: Mounting plugin LinuxDeviceProfileSelector
LogPluginManager: Mounting plugin LocationServicesBPLibrary
LogPluginManager: Mounting plugin MobilePatchingUtils
LogPluginManager: Mounting plugin OculusVR
LogPluginManager: Mounting plugin PhysXVehicles
LogPluginManager: Mounting plugin ProceduralMeshComponent
LogPluginManager: Mounting plugin RuntimePhysXCooking
LogPluginManager: Mounting plugin SignificanceManager
LogPluginManager: Mounting plugin SteamVR
LogPluginManager: Mounting plugin WebMMoviePlayer
LogPluginManager: Mounting plugin WindowsMoviePlayer
LogPluginManager: Mounting plugin ScreenshotTools
LogInit: Using libcurl 7.55.1-DEV
LogInit:  - built for x86_64-pc-win32
LogInit:  - supports SSL with OpenSSL/1.1.1
LogInit:  - supports HTTP deflate (compression) using libz 1.2.8
LogInit:  - other features:
LogInit:      CURL_VERSION_SSL
LogInit:      CURL_VERSION_LIBZ
LogInit:      CURL_VERSION_IPV6
LogInit:      CURL_VERSION_ASYNCHDNS
LogInit:      CURL_VERSION_LARGEFILE
LogInit:      CURL_VERSION_IDN
LogInit:  CurlRequestOptions (configurable via config and command line):
LogInit:  - bVerifyPeer = true  - Libcurl will verify peer certificate
LogInit:  - bUseHttpProxy = false  - Libcurl will NOT use HTTP proxy
LogInit:  - bDontReuseConnections = false  - Libcurl will reuse connections
LogInit:  - MaxHostConnections = 16  - Libcurl will limit the number of connections to a host
LogInit:  - LocalHostAddr = Default
LogInit:  - BufferSize = 65536
LogOnline: OSS: Creating online subsystem instance for: NULL
LogInit: WinSock: version 1.1 (2.2), MaxSocks=32767, MaxUdp=65467
LogInit: Build: ++UE4+Release-4.23-CL-8386587
LogInit: Engine Version: 4.23.0-8386587+++UE4+Release-4.23
LogInit: Compatible Engine Version: 4.23.0-8386587+++UE4+Release-4.23
LogInit: Net CL: 8386587
LogInit: OS: Windows 10 (Release 1803) (), CPU: Intel(R) Core(TM) i3-5005U CPU @ 2.00GHz, GPU: Intel(R) HD Graphics 5500
LogInit: Compiled (64-bit): Aug 31 2019 02:04:44
LogInit: Compiled with Visual C++: 19.16.27030.01
LogInit: Build Configuration: Development
LogInit: Branch Name: ++UE4+Release-4.23
LogInit: Command Line: 
LogInit: Base Directory: D:/Programs/UE4/UE_4.23/Engine/Binaries/Win64/
LogInit: Installed Engine Build: 1
LogDevObjectVersion: Number of dev versions registered: 23
LogDevObjectVersion:   Dev-Blueprints (B0D832E4-1F89-4F0D-ACCF-7EB736FD4AA2): 10
LogDevObjectVersion:   Dev-Build (E1C64328-A22C-4D53-A36C-8E866417BD8C): 0
LogDevObjectVersion:   Dev-Core (375EC13C-06E4-48FB-B500-84F0262A717E): 3
LogDevObjectVersion:   Dev-Editor (E4B068ED-F494-42E9-A231-DA0B2E46BB41): 34
LogDevObjectVersion:   Dev-Framework (CFFC743F-43B0-4480-9391-14DF171D2073): 35
LogDevObjectVersion:   Dev-Mobile (B02B49B5-BB20-44E9-A304-32B752E40360): 2
LogDevObjectVersion:   Dev-Networking (A4E4105C-59A1-49B5-A7C5-40C4547EDFEE): 0
LogDevObjectVersion:   Dev-Online (39C831C9-5AE6-47DC-9A44-9C173E1C8E7C): 0
LogDevObjectVersion:   Dev-Physics (78F01B33-EBEA-4F98-B9B4-84EACCB95AA2): 0
LogDevObjectVersion:   Dev-Platform (6631380F-2D4D-43E0-8009-CF276956A95A): 0
LogDevObjectVersion:   Dev-Rendering (12F88B9F-8875-4AFC-A67C-D90C383ABD29): 31
LogDevObjectVersion:   Dev-Sequencer (7B5AE74C-D270-4C10-A958-57980B212A5A): 11
LogDevObjectVersion:   Dev-VR (D7296918-1DD6-4BDD-9DE2-64A83CC13884): 2
LogDevObjectVersion:   Dev-LoadTimes (C2A15278-BFE7-4AFE-6C17-90FF531DF755): 1
LogDevObjectVersion:   Private-Geometry (6EACA3D4-40EC-4CC1-B786-8BED09428FC5): 3
LogDevObjectVersion:   Dev-AnimPhys (29E575DD-E0A3-4627-9D10-D276232CDCEA): 17
LogDevObjectVersion:   Dev-Anim (AF43A65D-7FD3-4947-9873-3E8ED9C1BB05): 2
LogDevObjectVersion:   Dev-ReflectionCapture (6B266CEC-1EC7-4B8F-A30B-E4D90942FC07): 1
LogDevObjectVersion:   Dev-Automation (0DF73D61-A23F-47EA-B727-89E90C41499A): 1
LogDevObjectVersion:   FortniteMain (601D1886-AC64-4F84-AA16-D3DE0DEAC7D6): 27
LogDevObjectVersion:   Dev-Enterprise (9DFFBCD6-494F-0158-E221-12823C92A888): 6
LogDevObjectVersion:   Dev-Niagara (F2AED0AC-9AFE-416F-8664-AA7FFA26D6FC): 1
LogDevObjectVersion:   Dev-Destruction (174F1F0B-B4C6-45A5-B13F-2EE8D0FB917D): 9
LogInit: Presizing for max 16777216 objects, including 0 objects not considered by GC, pre-allocating 0 bytes for permanent pool.
LogInit: Object subsystem initialized
LogConfig: Setting CVar [[con.DebugEarlyDefault:1]]
LogConfig: Setting CVar [[r.setres:1280x720]]
[2020.01.01-17.40.13:234][  0]LogConfig: Setting CVar [[r.VSync:0]]
[2020.01.01-17.40.13:235][  0]LogConfig: Setting CVar [[r.RHICmdBypass:0]]
[2020.01.01-17.40.13:244][  0]LogConfig: Applying CVar settings from Section [/Script/Engine.RendererSettings] File [D:/Study/Labs/7 semester/CGA/JustDoIt/Saved/Config/Windows/Engine.ini]
[2020.01.01-17.40.13:244][  0]LogConfig: Setting CVar [[r.GPUCrashDebugging:0]]
[2020.01.01-17.40.13:244][  0]LogConfig: Setting CVar [[r.DefaultFeature.AutoExposure.ExtendDefaultLuminanceRange:1]]
[2020.01.01-17.40.13:244][  0]LogConfig: Applying CVar settings from Section [/Script/Engine.RendererOverrideSettings] File [D:/Study/Labs/7 semester/CGA/JustDoIt/Saved/Config/Windows/Engine.ini]
[2020.01.01-17.40.13:244][  0]LogConfig: Applying CVar settings from Section [/Script/Engine.StreamingSettings] File [D:/Study/Labs/7 semester/CGA/JustDoIt/Saved/Config/Windows/Engine.ini]
[2020.01.01-17.40.13:244][  0]LogConfig: Setting CVar [[s.MinBulkDataSizeForAsyncLoading:131072]]
[2020.01.01-17.40.13:244][  0]LogConfig: Setting CVar [[s.AsyncLoadingThreadEnabled:0]]
[2020.01.01-17.40.13:244][  0]LogConfig: Setting CVar [[s.EventDrivenLoaderEnabled:1]]
[2020.01.01-17.40.13:244][  0]LogConfig: Setting CVar [[s.WarnIfTimeLimitExceeded:0]]
[2020.01.01-17.40.13:244][  0]LogConfig: Setting CVar [[s.TimeLimitExceededMultiplier:1.5]]
[2020.01.01-17.40.13:244][  0]LogConfig: Setting CVar [[s.TimeLimitExceededMinTime:0.005]]
[2020.01.01-17.40.13:244][  0]LogConfig: Setting CVar [[s.UseBackgroundLevelStreaming:1]]
[2020.01.01-17.40.13:244][  0]LogConfig: Setting CVar [[s.PriorityAsyncLoadingExtraTime:15.0]]
[2020.01.01-17.40.13:244][  0]LogConfig: Setting CVar [[s.LevelStreamingActorsUpdateTimeLimit:5.0]]
[2020.01.01-17.40.13:244][  0]LogConfig: Setting CVar [[s.PriorityLevelStreamingActorsUpdateExtraTime:5.0]]
[2020.01.01-17.40.13:244][  0]LogConfig: Setting CVar [[s.LevelStreamingComponentsRegistrationGranularity:10]]
[2020.01.01-17.40.13:244][  0]LogConfig: Setting CVar [[s.UnregisterComponentsTimeLimit:1.0]]
[2020.01.01-17.40.13:244][  0]LogConfig: Setting CVar [[s.LevelStreamingComponentsUnregistrationGranularity:5]]
[2020.01.01-17.40.13:244][  0]LogConfig: Applying CVar settings from Section [/Script/Engine.GarbageCollectionSettings] File [D:/Study/Labs/7 semester/CGA/JustDoIt/Saved/Config/Windows/Engine.ini]
[2020.01.01-17.40.13:244][  0]LogConfig: Setting CVar [[gc.MaxObjectsNotConsideredByGC:1]]
[2020.01.01-17.40.13:244][  0]LogConfig: Setting CVar [[gc.SizeOfPermanentObjectPool:0]]
[2020.01.01-17.40.13:244][  0]LogConfig: Setting CVar [[gc.FlushStreamingOnGC:0]]
[2020.01.01-17.40.13:244][  0]LogConfig: Setting CVar [[gc.NumRetriesBeforeForcingGC:10]]
[2020.01.01-17.40.13:244][  0]LogConfig: Setting CVar [[gc.AllowParallelGC:1]]
[2020.01.01-17.40.13:244][  0]LogConfig: Setting CVar [[gc.TimeBetweenPurgingPendingKillObjects:61.1]]
[2020.01.01-17.40.13:244][  0]LogConfig: Setting CVar [[gc.MaxObjectsInEditor:16777216]]
[2020.01.01-17.40.13:244][  0]LogConfig: Setting CVar [[gc.IncrementalBeginDestroyEnabled:1]]
[2020.01.01-17.40.13:244][  0]LogConfig: Setting CVar [[gc.CreateGCClusters:1]]
[2020.01.01-17.40.13:244][  0]LogConfig: Setting CVar [[gc.MinGCClusterSize:5]]
[2020.01.01-17.40.13:244][  0]LogConfig: Setting CVar [[gc.ActorClusteringEnabled:0]]
[2020.01.01-17.40.13:244][  0]LogConfig: Setting CVar [[gc.BlueprintClusteringEnabled:0]]
[2020.01.01-17.40.13:244][  0]LogConfig: Setting CVar [[gc.UseDisregardForGCOnDedicatedServers:0]]
[2020.01.01-17.40.13:244][  0]LogConfig: Applying CVar settings from Section [/Script/Engine.NetworkSettings] File [D:/Study/Labs/7 semester/CGA/JustDoIt/Saved/Config/Windows/Engine.ini]
[2020.01.01-17.40.13:244][  0]LogConfig: Applying CVar settings from Section [/Script/UnrealEd.CookerSettings] File [D:/Study/Labs/7 semester/CGA/JustDoIt/Saved/Config/Windows/Engine.ini]
[2020.01.01-17.40.13:399][  0]LogConfig: Applying CVar settings from Section [ViewDistanceQuality@3] File [D:/Study/Labs/7 semester/CGA/JustDoIt/Saved/Config/Windows/Scalability.ini]
[2020.01.01-17.40.13:399][  0]LogConfig: Setting CVar [[r.SkeletalMeshLODBias:0]]
[2020.01.01-17.40.13:399][  0]LogConfig: Setting CVar [[r.ViewDistanceScale:1.0]]
[2020.01.01-17.40.13:399][  0]LogConfig: Applying CVar settings from Section [AntiAliasingQuality@3] File [D:/Study/Labs/7 semester/CGA/JustDoIt/Saved/Config/Windows/Scalability.ini]
[2020.01.01-17.40.13:399][  0]LogConfig: Setting CVar [[r.PostProcessAAQuality:4]]
[2020.01.01-17.40.13:399][  0]LogConfig: Applying CVar settings from Section [ShadowQuality@3] File [D:/Study/Labs/7 semester/CGA/JustDoIt/Saved/Config/Windows/Scalability.ini]
[2020.01.01-17.40.13:399][  0]LogConfig: Setting CVar [[r.LightFunctionQuality:1]]
[2020.01.01-17.40.13:399][  0]LogConfig: Setting CVar [[r.ShadowQuality:5]]
[2020.01.01-17.40.13:399][  0]LogConfig: Setting CVar [[r.Shadow.CSM.MaxCascades:10]]
[2020.01.01-17.40.13:399][  0]LogConfig: Setting CVar [[r.Shadow.MaxResolution:2048]]
[2020.01.01-17.40.13:399][  0]LogConfig: Setting CVar [[r.Shadow.MaxCSMResolution:2048]]
[2020.01.01-17.40.13:399][  0]LogConfig: Setting CVar [[r.Shadow.RadiusThreshold:0.01]]
[2020.01.01-17.40.13:399][  0]LogConfig: Setting CVar [[r.Shadow.DistanceScale:1.0]]
[2020.01.01-17.40.13:399][  0]LogConfig: Setting CVar [[r.Shadow.CSM.TransitionScale:1.0]]
[2020.01.01-17.40.13:399][  0]LogConfig: Setting CVar [[r.Shadow.PreShadowResolutionFactor:1.0]]
[2020.01.01-17.40.13:399][  0]LogConfig: Setting CVar [[r.DistanceFieldShadowing:1]]
[2020.01.01-17.40.13:399][  0]LogConfig: Setting CVar [[r.DistanceFieldAO:1]]
[2020.01.01-17.40.13:399][  0]LogConfig: Setting CVar [[r.AOQuality:2]]
[2020.01.01-17.40.13:399][  0]LogConfig: Setting CVar [[r.VolumetricFog:1]]
[2020.01.01-17.40.13:399][  0]LogConfig: Setting CVar [[r.VolumetricFog.GridPixelSize:8]]
[2020.01.01-17.40.13:399][  0]LogConfig: Setting CVar [[r.VolumetricFog.GridSizeZ:128]]
[2020.01.01-17.40.13:399][  0]LogConfig: Setting CVar [[r.VolumetricFog.HistoryMissSupersampleCount:4]]
[2020.01.01-17.40.13:399][  0]LogConfig: Setting CVar [[r.LightMaxDrawDistanceScale:1]]
[2020.01.01-17.40.13:399][  0]LogConfig: Setting CVar [[r.CapsuleShadows:1]]
[2020.01.01-17.40.13:399][  0]LogConfig: Applying CVar settings from Section [PostProcessQuality@3] File [D:/Study/Labs/7 semester/CGA/JustDoIt/Saved/Config/Windows/Scalability.ini]
[2020.01.01-17.40.13:399][  0]LogConfig: Setting CVar [[r.MotionBlurQuality:4]]
[2020.01.01-17.40.13:399][  0]LogConfig: Setting CVar [[r.AmbientOcclusionMipLevelFactor:0.4]]
[2020.01.01-17.40.13:399][  0]LogConfig: Setting CVar [[r.AmbientOcclusionMaxQuality:100]]
[2020.01.01-17.40.13:399][  0]LogConfig: Setting CVar [[r.AmbientOcclusionLevels:-1]]
[2020.01.01-17.40.13:399][  0]LogConfig: Setting CVar [[r.AmbientOcclusionRadiusScale:1.0]]
[2020.01.01-17.40.13:399][  0]LogConfig: Setting CVar [[r.DepthOfFieldQuality:2]]
[2020.01.01-17.40.13:399][  0]LogConfig: Setting CVar [[r.RenderTargetPoolMin:400]]
[2020.01.01-17.40.13:399][  0]LogConfig: Setting CVar [[r.LensFlareQuality:2]]
[2020.01.01-17.40.13:399][  0]LogConfig: Setting CVar [[r.SceneColorFringeQuality:1]]
[2020.01.01-17.40.13:399][  0]LogConfig: Setting CVar [[r.EyeAdaptationQuality:2]]
[2020.01.01-17.40.13:399][  0]LogConfig: Setting CVar [[r.BloomQuality:5]]
[2020.01.01-17.40.13:399][  0]LogConfig: Setting CVar [[r.FastBlurThreshold:100]]
[2020.01.01-17.40.13:399][  0]LogConfig: Setting CVar [[r.Upscale.Quality:3]]
[2020.01.01-17.40.13:401][  0]LogConfig: Setting CVar [[r.Tonemapper.GrainQuantization:1]]
[2020.01.01-17.40.13:401][  0]LogConfig: Setting CVar [[r.LightShaftQuality:1]]
[2020.01.01-17.40.13:401][  0]LogConfig: Setting CVar [[r.Filter.SizeScale:1]]
[2020.01.01-17.40.13:401][  0]LogConfig: Setting CVar [[r.Tonemapper.Quality:5]]
[2020.01.01-17.40.13:401][  0]LogConfig: Setting CVar [[r.DOF.Gather.AccumulatorQuality:1        ; higher gathering accumulator quality]]
[2020.01.01-17.40.13:401][  0]LogConfig: Setting CVar [[r.DOF.Gather.PostfilterMethod:1          ; Median3x3 postfilering method]]
[2020.01.01-17.40.13:401][  0]LogConfig: Setting CVar [[r.DOF.Gather.EnableBokehSettings:0       ; no bokeh simulation when gathering]]
[2020.01.01-17.40.13:401][  0]LogConfig: Setting CVar [[r.DOF.Gather.RingCount:4                 ; medium number of samples when gathering]]
[2020.01.01-17.40.13:401][  0]LogConfig: Setting CVar [[r.DOF.Scatter.ForegroundCompositing:1    ; additive foreground scattering]]
[2020.01.01-17.40.13:401][  0]LogConfig: Setting CVar [[r.DOF.Scatter.BackgroundCompositing:2    ; additive background scattering]]
[2020.01.01-17.40.13:401][  0]LogConfig: Setting CVar [[r.DOF.Scatter.EnableBokehSettings:1      ; bokeh simulation when scattering]]
[2020.01.01-17.40.13:401][  0]LogConfig: Setting CVar [[r.DOF.Scatter.MaxSpriteRatio:0.1         ; only a maximum of 10% of scattered bokeh]]
[2020.01.01-17.40.13:401][  0]LogConfig: Setting CVar [[r.DOF.Recombine.Quality:1                ; cheap slight out of focus]]
[2020.01.01-17.40.13:401][  0]LogConfig: Setting CVar [[r.DOF.Recombine.EnableBokehSettings:0    ; no bokeh simulation on slight out of focus]]
[2020.01.01-17.40.13:401][  0]LogConfig: Setting CVar [[r.DOF.TemporalAAQuality:1                ; more stable temporal accumulation]]
[2020.01.01-17.40.13:401][  0]LogConfig: Setting CVar [[r.DOF.Kernel.MaxForegroundRadius:0.025]]
[2020.01.01-17.40.13:401][  0]LogConfig: Setting CVar [[r.DOF.Kernel.MaxBackgroundRadius:0.025]]
[2020.01.01-17.40.13:401][  0]LogConfig: Applying CVar settings from Section [TextureQuality@3] File [D:/Study/Labs/7 semester/CGA/JustDoIt/Saved/Config/Windows/Scalability.ini]
[2020.01.01-17.40.13:401][  0]LogConfig: Setting CVar [[r.Streaming.MipBias:0]]
[2020.01.01-17.40.13:401][  0]LogConfig: Setting CVar [[r.Streaming.AmortizeCPUToGPUCopy:0]]
[2020.01.01-17.40.13:401][  0]LogConfig: Setting CVar [[r.Streaming.MaxNumTexturesToStreamPerFrame:0]]
[2020.01.01-17.40.13:401][  0]LogConfig: Setting CVar [[r.Streaming.Boost:1]]
[2020.01.01-17.40.13:401][  0]LogConfig: Setting CVar [[r.MaxAnisotropy:8]]
[2020.01.01-17.40.13:401][  0]LogConfig: Setting CVar [[r.Streaming.LimitPoolSizeToVRAM:0]]
[2020.01.01-17.40.13:401][  0]LogConfig: Setting CVar [[r.Streaming.PoolSize:1000]]
[2020.01.01-17.40.13:401][  0]LogConfig: Setting CVar [[r.Streaming.MaxEffectiveScreenSize:0]]
[2020.01.01-17.40.13:401][  0]LogConfig: Applying CVar settings from Section [EffectsQuality@3] File [D:/Study/Labs/7 semester/CGA/JustDoIt/Saved/Config/Windows/Scalability.ini]
[2020.01.01-17.40.13:401][  0]LogConfig: Setting CVar [[r.TranslucencyLightingVolumeDim:64]]
[2020.01.01-17.40.13:401][  0]LogConfig: Setting CVar [[r.RefractionQuality:2]]
[2020.01.01-17.40.13:401][  0]LogConfig: Setting CVar [[r.SSR.Quality:3]]
[2020.01.01-17.40.13:401][  0]LogConfig: Setting CVar [[r.SceneColorFormat:4]]
[2020.01.01-17.40.13:401][  0]LogConfig: Setting CVar [[r.DetailMode:2]]
[2020.01.01-17.40.13:401][  0]LogConfig: Setting CVar [[r.TranslucencyVolumeBlur:1]]
[2020.01.01-17.40.13:401][  0]LogConfig: Setting CVar [[r.MaterialQualityLevel:1 ; High quality]]
[2020.01.01-17.40.13:401][  0]LogConfig: Setting CVar [[r.SSS.Scale:1]]
[2020.01.01-17.40.13:401][  0]LogConfig: Setting CVar [[r.SSS.SampleSet:2]]
[2020.01.01-17.40.13:401][  0]LogConfig: Setting CVar [[r.SSS.Quality:1]]
[2020.01.01-17.40.13:401][  0]LogConfig: Setting CVar [[r.SSS.HalfRes:1]]
[2020.01.01-17.40.13:401][  0]LogConfig: Setting CVar [[r.EmitterSpawnRateScale:1.0]]
[2020.01.01-17.40.13:401][  0]LogConfig: Setting CVar [[r.ParticleLightQuality:2]]
[2020.01.01-17.40.13:401][  0]LogConfig: Applying CVar settings from Section [FoliageQuality@3] File [D:/Study/Labs/7 semester/CGA/JustDoIt/Saved/Config/Windows/Scalability.ini]
[2020.01.01-17.40.13:401][  0]LogConfig: Setting CVar [[foliage.DensityScale:1.0]]
[2020.01.01-17.40.13:401][  0]LogConfig: Setting CVar [[grass.DensityScale:1.0]]
[2020.01.01-17.40.13:423][  0]LogInit: Selected Device Profile: [Windows]
[2020.01.01-17.40.13:423][  0]LogInit: Applying CVar settings loaded from the selected device profile: [Windows]
[2020.01.01-17.40.13:704][  0]LogHAL: Display: Platform has ~ 4 GB [4188467200 / 4294967296 / 4], which maps to Smallest [LargestMinGB=32, LargerMinGB=12, DefaultMinGB=8, SmallerMinGB=6, SmallestMinGB=0)
[2020.01.01-17.40.13:704][  0]LogInit: Going up to parent DeviceProfile []
[2020.01.01-17.40.13:722][  0]LogConfig: Applying CVar settings from Section [ViewDistanceQuality@0] File [D:/Study/Labs/7 semester/CGA/JustDoIt/Saved/Config/Windows/Scalability.ini]
[2020.01.01-17.40.13:722][  0]LogConfig: Setting CVar [[r.SkeletalMeshLODBias:2]]
[2020.01.01-17.40.13:722][  0]LogConfig: Setting CVar [[r.ViewDistanceScale:0.4]]
[2020.01.01-17.40.13:722][  0]LogConfig: Applying CVar settings from Section [AntiAliasingQuality@0] File [D:/Study/Labs/7 semester/CGA/JustDoIt/Saved/Config/Windows/Scalability.ini]
[2020.01.01-17.40.13:722][  0]LogConfig: Setting CVar [[r.PostProcessAAQuality:0]]
[2020.01.01-17.40.13:722][  0]LogConfig: Applying CVar settings from Section [ShadowQuality@0] File [D:/Study/Labs/7 semester/CGA/JustDoIt/Saved/Config/Windows/Scalability.ini]
[2020.01.01-17.40.13:722][  0]LogConfig: Setting CVar [[r.LightFunctionQuality:0]]
[2020.01.01-17.40.13:722][  0]LogConfig: Setting CVar [[r.ShadowQuality:0]]
[2020.01.01-17.40.13:722][  0]LogConfig: Setting CVar [[r.Shadow.CSM.MaxCascades:1]]
[2020.01.01-17.40.13:722][  0]LogConfig: Setting CVar [[r.Shadow.MaxResolution:512]]
[2020.01.01-17.40.13:722][  0]LogConfig: Setting CVar [[r.Shadow.MaxCSMResolution:512]]
[2020.01.01-17.40.13:722][  0]LogConfig: Setting CVar [[r.Shadow.RadiusThreshold:0.06]]
[2020.01.01-17.40.13:723][  0]LogConfig: Setting CVar [[r.Shadow.DistanceScale:0.6]]
[2020.01.01-17.40.13:723][  0]LogConfig: Setting CVar [[r.Shadow.CSM.TransitionScale:0]]
[2020.01.01-17.40.13:723][  0]LogConfig: Setting CVar [[r.Shadow.PreShadowResolutionFactor:0.5]]
[2020.01.01-17.40.13:723][  0]LogConfig: Setting CVar [[r.DistanceFieldShadowing:0]]
[2020.01.01-17.40.13:723][  0]LogConfig: Setting CVar [[r.DistanceFieldAO:0]]
[2020.01.01-17.40.13:723][  0]LogConfig: Setting CVar [[r.VolumetricFog:0]]
[2020.01.01-17.40.13:723][  0]LogConfig: Setting CVar [[r.LightMaxDrawDistanceScale:0]]
[2020.01.01-17.40.13:723][  0]LogConfig: Setting CVar [[r.CapsuleShadows:0]]
[2020.01.01-17.40.13:723][  0]LogConfig: Applying CVar settings from Section [PostProcessQuality@0] File [D:/Study/Labs/7 semester/CGA/JustDoIt/Saved/Config/Windows/Scalability.ini]
[2020.01.01-17.40.13:723][  0]LogConfig: Setting CVar [[r.MotionBlurQuality:0]]
[2020.01.01-17.40.13:723][  0]LogConfig: Setting CVar [[r.AmbientOcclusionMipLevelFactor:1.0]]
[2020.01.01-17.40.13:723][  0]LogConfig: Setting CVar [[r.AmbientOcclusionMaxQuality:0]]
[2020.01.01-17.40.13:723][  0]LogConfig: Setting CVar [[r.AmbientOcclusionLevels:0]]
[2020.01.01-17.40.13:723][  0]LogConfig: Setting CVar [[r.AmbientOcclusionRadiusScale:1.2]]
[2020.01.01-17.40.13:723][  0]LogConfig: Setting CVar [[r.DepthOfFieldQuality:0]]
[2020.01.01-17.40.13:723][  0]LogConfig: Setting CVar [[r.RenderTargetPoolMin:300]]
[2020.01.01-17.40.13:723][  0]LogConfig: Setting CVar [[r.LensFlareQuality:0]]
[2020.01.01-17.40.13:723][  0]LogConfig: Setting CVar [[r.SceneColorFringeQuality:0]]
[2020.01.01-17.40.13:723][  0]LogConfig: Setting CVar [[r.EyeAdaptationQuality:0]]
[2020.01.01-17.40.13:723][  0]LogConfig: Setting CVar [[r.BloomQuality:4]]
[2020.01.01-17.40.13:723][  0]LogConfig: Setting CVar [[r.FastBlurThreshold:0]]
[2020.01.01-17.40.13:723][  0]LogConfig: Setting CVar [[r.Upscale.Quality:1]]
[2020.01.01-17.40.13:723][  0]LogConfig: Setting CVar [[r.Tonemapper.GrainQuantization:0]]
[2020.01.01-17.40.13:723][  0]LogConfig: Setting CVar [[r.LightShaftQuality:0]]
[2020.01.01-17.40.13:723][  0]LogConfig: Setting CVar [[r.Filter.SizeScale:0.6]]
[2020.01.01-17.40.13:723][  0]LogConfig: Setting CVar [[r.Tonemapper.Quality:0]]
[2020.01.01-17.40.13:723][  0]LogConfig: Applying CVar settings from Section [TextureQuality@0] File [D:/Study/Labs/7 semester/CGA/JustDoIt/Saved/Config/Windows/Scalability.ini]
[2020.01.01-17.40.13:723][  0]LogConfig: Setting CVar [[r.Streaming.MipBias:16]]
[2020.01.01-17.40.13:723][  0]LogConfig: Setting CVar [[r.Streaming.AmortizeCPUToGPUCopy:1]]
[2020.01.01-17.40.13:723][  0]LogConfig: Setting CVar [[r.Streaming.MaxNumTexturesToStreamPerFrame:1]]
[2020.01.01-17.40.13:723][  0]LogConfig: Setting CVar [[r.Streaming.Boost:0.3]]
[2020.01.01-17.40.13:723][  0]LogConfig: Setting CVar [[r.MaxAnisotropy:0]]
[2020.01.01-17.40.13:723][  0]LogConfig: Setting CVar [[r.Streaming.LimitPoolSizeToVRAM:1]]
[2020.01.01-17.40.13:723][  0]LogConfig: Setting CVar [[r.Streaming.PoolSize:400]]
[2020.01.01-17.40.13:723][  0]LogConfig: Setting CVar [[r.Streaming.MaxEffectiveScreenSize:0]]
[2020.01.01-17.40.13:723][  0]LogConfig: Applying CVar settings from Section [EffectsQuality@0] File [D:/Study/Labs/7 semester/CGA/JustDoIt/Saved/Config/Windows/Scalability.ini]
[2020.01.01-17.40.13:723][  0]LogConfig: Setting CVar [[r.TranslucencyLightingVolumeDim:24]]
[2020.01.01-17.40.13:723][  0]LogConfig: Setting CVar [[r.RefractionQuality:0]]
[2020.01.01-17.40.13:723][  0]LogConfig: Setting CVar [[r.SSR.Quality:0]]
[2020.01.01-17.40.13:723][  0]LogConfig: Setting CVar [[r.SceneColorFormat:3]]
[2020.01.01-17.40.13:723][  0]LogConfig: Setting CVar [[r.DetailMode:0]]
[2020.01.01-17.40.13:724][  0]LogConfig: Setting CVar [[r.TranslucencyVolumeBlur:0]]
[2020.01.01-17.40.13:724][  0]LogConfig: Setting CVar [[r.MaterialQualityLevel:0 ; Low quality]]
[2020.01.01-17.40.13:724][  0]LogConfig: Setting CVar [[r.SSS.Scale:0]]
[2020.01.01-17.40.13:724][  0]LogConfig: Setting CVar [[r.SSS.SampleSet:0]]
[2020.01.01-17.40.13:724][  0]LogConfig: Setting CVar [[r.SSS.Quality:0]]
[2020.01.01-17.40.13:724][  0]LogConfig: Setting CVar [[r.SSS.HalfRes:1]]
[2020.01.01-17.40.13:724][  0]LogConfig: Setting CVar [[r.EmitterSpawnRateScale:0.125]]
[2020.01.01-17.40.13:724][  0]LogConfig: Setting CVar [[r.ParticleLightQuality:0]]
[2020.01.01-17.40.13:724][  0]LogConfig: Applying CVar settings from Section [FoliageQuality@0] File [D:/Study/Labs/7 semester/CGA/JustDoIt/Saved/Config/Windows/Scalability.ini]
[2020.01.01-17.40.13:724][  0]LogConfig: Setting CVar [[foliage.DensityScale:0]]
[2020.01.01-17.40.13:724][  0]LogConfig: Setting CVar [[grass.DensityScale:0]]
[2020.01.01-17.40.13:724][  0]LogConfig: Applying CVar settings from Section [Startup] File [../../../Engine/Config/ConsoleVariables.ini]
[2020.01.01-17.40.13:769][  0]LogConfig: Setting CVar [[net.UseAdaptiveNetUpdateFrequency:0]]
[2020.01.01-17.40.13:769][  0]LogConfig: Setting CVar [[p.chaos.AllowCreatePhysxBodies:1]]
[2020.01.01-17.40.13:769][  0]LogConfig: Applying CVar settings from Section [ConsoleVariables] File [D:/Study/Labs/7 semester/CGA/JustDoIt/Saved/Config/Windows/Engine.ini]
[2020.01.01-17.40.14:097][  0]LogInit: Computer: DESKTOP-URMRIOT
[2020.01.01-17.40.14:097][  0]LogInit: User: Daddy
[2020.01.01-17.40.14:097][  0]LogInit: CPU Page size=4096, Cores=2
[2020.01.01-17.40.14:097][  0]LogInit: High frequency timer resolution =1.948615 MHz
[2020.01.01-17.40.14:217][  0]LogMemory: Memory total: Physical=3.9GB (4GB approx)
[2020.01.01-17.40.14:221][  0]LogMemory: Platform Memory Stats for Windows
[2020.01.01-17.40.14:221][  0]LogMemory: Process Physical Memory: 100.56 MB used, 100.56 MB peak
[2020.01.01-17.40.14:221][  0]LogMemory: Process Virtual Memory: 98.10 MB used, 98.10 MB peak
[2020.01.01-17.40.14:221][  0]LogMemory: Physical Memory: 3174.70 MB used,  819.74 MB free, 3994.43 MB total
[2020.01.01-17.40.14:221][  0]LogMemory: Virtual Memory: 4666.37 MB used,  134213064.00 MB free, 134217728.00 MB total
[2020.01.01-17.40.14:331][  0]LogWindows: WindowsPlatformFeatures enabled
[2020.01.01-17.40.19:583][  0]LogInit: Using OS detected language (ru-RU).
[2020.01.01-17.40.19:584][  0]LogInit: Using OS detected locale (ru-RU).
[2020.01.01-17.40.19:815][  0]LogTextLocalizationManager: No specific localization for 'ru-RU' exists, so the 'ru' localization will be used.
[2020.01.01-17.40.19:824][  0]LogTextLocalizationResource: LocRes '../../../Engine/Content/Localization/Editor/ru/Editor.locres' could not be opened for reading!
[2020.01.01-17.40.19:824][  0]LogTextLocalizationResource: LocRes '../../../Engine/Content/Localization/EditorTutorials/ru/EditorTutorials.locres' could not be opened for reading!
[2020.01.01-17.40.19:824][  0]LogTextLocalizationResource: LocRes '../../../Engine/Content/Localization/Keywords/ru/Keywords.locres' could not be opened for reading!
[2020.01.01-17.40.19:825][  0]LogTextLocalizationResource: LocRes '../../../Engine/Content/Localization/Category/ru/Category.locres' could not be opened for reading!
[2020.01.01-17.40.19:870][  0]LogTextLocalizationResource: LocRes '../../../Engine/Content/Localization/ToolTips/ru/ToolTips.locres' could not be opened for reading!
[2020.01.01-17.40.19:979][  0]LogTextLocalizationResource: LocRes '../../../Engine/Content/Localization/PropertyNames/ru/PropertyNames.locres' could not be opened for reading!
[2020.01.01-17.40.19:979][  0]LogTextLocalizationResource: LocRes '../../../Engine/Content/Localization/Engine/ru/Engine.locres' could not be opened for reading!
[2020.01.01-17.40.20:532][  0]LogInit: Setting process to per monitor DPI aware
[2020.01.01-17.40.23:895][  0]LogSlate: New Slate User Created.  User Index 0, Is Virtual User: 0
[2020.01.01-17.40.23:895][  0]LogSlate: Slate User Registered.  User Index 0, Is Virtual User: 0
[2020.01.01-17.40.56:317][  0]LogHMD: Failed to initialize OpenVR with code 110
[2020.01.01-17.40.56:317][  0]LogD3D11RHI: D3D11 adapters:
[2020.01.01-17.40.56:809][  0]LogD3D11RHI:    0. 'Intel(R) HD Graphics 5500' (Feature Level 11_0)
[2020.01.01-17.40.56:809][  0]LogD3D11RHI:       128/0/1997 MB DedicatedVideo/DedicatedSystem/SharedSystem, Outputs:1, VendorId:0x8086
[2020.01.01-17.40.57:350][  0]LogD3D11RHI:    1. 'Microsoft Basic Render Driver' (Feature Level 11_0)
[2020.01.01-17.40.57:350][  0]LogD3D11RHI:       0/0/1997 MB DedicatedVideo/DedicatedSystem/SharedSystem, Outputs:0, VendorId:0x1414
[2020.01.01-17.40.57:350][  0]LogD3D11RHI: Chosen D3D11 Adapter: 0
[2020.01.01-17.40.57:387][  0]LogD3D11RHI: Creating new Direct3DDevice
[2020.01.01-17.40.57:387][  0]LogD3D11RHI:     GPU DeviceId: 0x1616 (for the marketing name, search the web for "GPU Device Id")
[2020.01.01-17.40.57:472][  0]LogWindows: EnumDisplayDevices:
[2020.01.01-17.40.57:472][  0]LogWindows:    0. 'Intel(R) HD Graphics 5500' (P:1 D:1)
[2020.01.01-17.40.57:473][  0]LogWindows:    1. 'Intel(R) HD Graphics 5500' (P:0 D:0)
[2020.01.01-17.40.57:474][  0]LogWindows:    2. 'Intel(R) HD Graphics 5500' (P:0 D:0)
[2020.01.01-17.40.57:474][  0]LogWindows: DebugString: FoundDriverCount:3 
[2020.01.01-17.40.57:474][  0]LogD3D11RHI:     Adapter Name: Intel(R) HD Graphics 5500
[2020.01.01-17.40.57:556][  0]LogD3D11RHI:   Driver Version: 20.19.15.4549 (internal:20.19.15.4549, unified:20.19.15.4549)
[2020.01.01-17.40.57:556][  0]LogD3D11RHI:      Driver Date: 11-10-2016
[2020.01.01-17.40.57:556][  0]LogRHI: Texture pool is 788 MB (70% of 1126 MB)
[2020.01.01-17.40.57:621][  0]LogD3D11RHI: Async texture creation enabled
[2020.01.01-17.40.58:590][  0]LogD3D11RHI: GPU Timing Frequency: 12.500000 (Debug: 2 0)
[2020.01.01-17.41.13:456][  0]LogTemp: Display: Module 'AllDesktopTargetPlatform' loaded TargetPlatform 'AllDesktop'
[2020.01.01-17.41.13:545][  0]LogTemp: Display: Module 'MacClientTargetPlatform' loaded TargetPlatform 'MacClient'
[2020.01.01-17.41.13:703][  0]LogTemp: Display: Module 'MacNoEditorTargetPlatform' loaded TargetPlatform 'MacNoEditor'
[2020.01.01-17.41.13:781][  0]LogTemp: Display: Module 'MacServerTargetPlatform' loaded TargetPlatform 'MacServer'
[2020.01.01-17.41.14:041][  0]LogTemp: Display: Module 'MacTargetPlatform' loaded TargetPlatform 'Mac'
[2020.01.01-17.41.14:202][  0]LogTemp: Display: Module 'WindowsClientTargetPlatform' loaded TargetPlatform 'WindowsClient'
[2020.01.01-17.41.14:261][  0]LogTemp: Display: Module 'WindowsNoEditorTargetPlatform' loaded TargetPlatform 'WindowsNoEditor'
[2020.01.01-17.41.14:310][  0]LogTemp: Display: Module 'WindowsServerTargetPlatform' loaded TargetPlatform 'WindowsServer'
[2020.01.01-17.41.14:454][  0]LogTemp: Display: Module 'WindowsTargetPlatform' loaded TargetPlatform 'Windows'
[2020.01.01-17.41.14:653][  0]LogTemp: Display: Module 'AndroidTargetPlatform' loaded TargetPlatform 'Android'
[2020.01.01-17.41.14:653][  0]LogTemp: Display: Module 'AndroidTargetPlatform' loaded TargetPlatform 'Android_ASTC'
[2020.01.01-17.41.14:653][  0]LogTemp: Display: Module 'AndroidTargetPlatform' loaded TargetPlatform 'Android_ATC'
[2020.01.01-17.41.14:653][  0]LogTemp: Display: Module 'AndroidTargetPlatform' loaded TargetPlatform 'Android_DXT'
[2020.01.01-17.41.14:653][  0]LogTemp: Display: Module 'AndroidTargetPlatform' loaded TargetPlatform 'Android_ETC1'
[2020.01.01-17.41.14:653][  0]LogTemp: Display: Module 'AndroidTargetPlatform' loaded TargetPlatform 'Android_ETC1a'
[2020.01.01-17.41.14:653][  0]LogTemp: Display: Module 'AndroidTargetPlatform' loaded TargetPlatform 'Android_ETC2'
[2020.01.01-17.41.14:653][  0]LogTemp: Display: Module 'AndroidTargetPlatform' loaded TargetPlatform 'Android_PVRTC'
[2020.01.01-17.41.14:653][  0]LogTemp: Display: Module 'AndroidTargetPlatform' loaded TargetPlatform 'AndroidClient'
[2020.01.01-17.41.14:653][  0]LogTemp: Display: Module 'AndroidTargetPlatform' loaded TargetPlatform 'Android_ASTCClient'
[2020.01.01-17.41.14:653][  0]LogTemp: Display: Module 'AndroidTargetPlatform' loaded TargetPlatform 'Android_ATCClient'
[2020.01.01-17.41.14:653][  0]LogTemp: Display: Module 'AndroidTargetPlatform' loaded TargetPlatform 'Android_DXTClient'
[2020.01.01-17.41.14:653][  0]LogTemp: Display: Module 'AndroidTargetPlatform' loaded TargetPlatform 'Android_ETC1Client'
[2020.01.01-17.41.14:653][  0]LogTemp: Display: Module 'AndroidTargetPlatform' loaded TargetPlatform 'Android_ETC1aClient'
[2020.01.01-17.41.14:653][  0]LogTemp: Display: Module 'AndroidTargetPlatform' loaded TargetPlatform 'Android_ETC2Client'
[2020.01.01-17.41.14:653][  0]LogTemp: Display: Module 'AndroidTargetPlatform' loaded TargetPlatform 'Android_PVRTCClient'
[2020.01.01-17.41.14:653][  0]LogTemp: Display: Module 'AndroidTargetPlatform' loaded TargetPlatform 'Android_Multi'
[2020.01.01-17.41.14:653][  0]LogTemp: Display: Module 'AndroidTargetPlatform' loaded TargetPlatform 'Android_MultiClient'
[2020.01.01-17.41.14:782][  0]LogTemp: Display: Module 'HTML5TargetPlatform' loaded TargetPlatform 'HTML5'
[2020.01.01-17.41.15:154][  0]LogTemp: Display: Module 'IOSTargetPlatform' loaded TargetPlatform 'IOSClient'
[2020.01.01-17.41.15:154][  0]LogTemp: Display: Module 'IOSTargetPlatform' loaded TargetPlatform 'IOS'
[2020.01.01-17.41.15:203][  0]LogTemp: Display: Module 'TVOSTargetPlatform' loaded TargetPlatform 'TVOSClient'
[2020.01.01-17.41.15:203][  0]LogTemp: Display: Module 'TVOSTargetPlatform' loaded TargetPlatform 'TVOS'
[2020.01.01-17.41.15:373][  0]LogTemp: Display: Module 'LinuxClientTargetPlatform' loaded TargetPlatform 'LinuxClient'
[2020.01.01-17.41.15:523][  0]LogTemp: Display: Module 'LinuxNoEditorTargetPlatform' loaded TargetPlatform 'LinuxNoEditor'
[2020.01.01-17.41.15:637][  0]LogTemp: Display: Module 'LinuxServerTargetPlatform' loaded TargetPlatform 'LinuxServer'
[2020.01.01-17.41.15:905][  0]LogTemp: Display: Module 'LinuxTargetPlatform' loaded TargetPlatform 'Linux'
[2020.01.01-17.41.16:155][  0]LogTemp: Display: Module 'LuminTargetPlatform' loaded TargetPlatform 'Lumin'
[2020.01.01-17.41.16:155][  0]LogTemp: Display: Module 'LuminTargetPlatform' loaded TargetPlatform 'LuminClient'
[2020.01.01-17.41.16:156][  0]LogTargetPlatformManager: Display: Building Assets For Windows
[2020.01.01-17.41.16:704][  0]LogAudioDebug: Display: Lib vorbis DLL was dynamically loaded.
[2020.01.01-17.41.21:383][  0]LogShaderCompilers: Guid format shader working directory is -7 characters bigger than the processId version (../../../../../../Study/Labs/7 semester/CGA/JustDoIt/Intermediate/Shaders/WorkingDirectory/10376/).
[2020.01.01-17.41.21:426][  0]LogShaderCompilers: Cleaned the shader compiler working directory 'C:/Users/Daddy/AppData/Local/Temp/UnrealShaderWorkingDir/FB0CC50F4A6ADA450E79C2A059F1ED2E/'.
[2020.01.01-17.41.21:630][  0]LogXGEController: Cannot use XGE Controller as Incredibuild is not installed on this machine.
[2020.01.01-17.41.21:630][  0]LogShaderCompilers: Cannot use XGE Shader Compiler as Incredibuild is not installed on this machine.
[2020.01.01-17.41.21:630][  0]LogShaderCompilers: Display: Using Local Shader Compiler.
[2020.01.01-17.41.54:637][  0]LogDerivedDataCache: Display: Max Cache Size: 512 MB
[2020.01.01-17.41.56:792][  0]LogDerivedDataCache: Loaded boot cache 2.12s 73MB C:/Users/Daddy/AppData/Local/UnrealEngine/4.23/DerivedDataCache/Boot.ddc.
[2020.01.01-17.41.56:792][  0]LogDerivedDataCache: Display: Loaded Boot cache: C:/Users/Daddy/AppData/Local/UnrealEngine/4.23/DerivedDataCache/Boot.ddc
[2020.01.01-17.41.56:792][  0]LogDerivedDataCache: FDerivedDataBackendGraph:  Pak pak cache file ../../../../../../Study/Labs/7 semester/CGA/JustDoIt/DerivedDataCache/DDC.ddp not found, will not use a pak cache.
[2020.01.01-17.41.56:792][  0]LogDerivedDataCache: Unable to find inner node Pak for hierarchical cache Hierarchy.
[2020.01.01-17.41.56:793][  0]LogDerivedDataCache: FDerivedDataBackendGraph:  CompressedPak pak cache file ../../../../../../Study/Labs/7 semester/CGA/JustDoIt/DerivedDataCache/Compressed.ddp not found, will not use a pak cache.
[2020.01.01-17.41.56:793][  0]LogDerivedDataCache: Unable to find inner node CompressedPak for hierarchical cache Hierarchy.
[2020.01.01-17.41.56:966][  0]LogDerivedDataCache: Display: Pak cache opened for reading ../../../Engine/DerivedDataCache/Compressed.ddp.
[2020.01.01-17.41.56:966][  0]LogDerivedDataCache: FDerivedDataBackendGraph:  EnterprisePak pak cache file ../../../Enterprise/DerivedDataCache/Compressed.ddp not found, will not use a pak cache.
[2020.01.01-17.41.56:966][  0]LogDerivedDataCache: Unable to find inner node EnterprisePak for hierarchical cache Hierarchy.
[2020.01.01-17.41.57:085][  0]LogDerivedDataCache: Using Local data cache path C:/Users/Daddy/AppData/Local/UnrealEngine/Common/DerivedDataCache: Writable
[2020.01.01-17.41.57:085][  0]LogDerivedDataCache: Shared data cache path not found in *engine.ini, will not use an Shared cache.
[2020.01.01-17.41.57:085][  0]LogDerivedDataCache: Unable to find inner node Shared for hierarchical cache Hierarchy.
[2020.01.01-17.41.57:377][  0]LogMaterial: Verifying Global Shaders for PCD3D_SM5
[2020.01.01-17.41.57:776][  0]LogSlate: Using FreeType 2.6.0
[2020.01.01-17.41.58:236][  0]LogSlate: SlateFontServices - WITH_FREETYPE: 1, WITH_HARFBUZZ: 1
[2020.01.01-17.42.02:895][  0]LogAssetRegistry: FAssetRegistry took 0.0049 seconds to start up
[2020.01.01-17.42.21:994][  0]LogInit: Selected Device Profile: [Windows]
[2020.01.01-17.42.30:342][  0]LogMeshReduction: Using QuadricMeshReduction for automatic static mesh reduction
[2020.01.01-17.42.30:342][  0]LogMeshReduction: Using SimplygonMeshReduction for automatic skeletal mesh reduction
[2020.01.01-17.42.30:342][  0]LogMeshReduction: Using ProxyLODMeshReduction for automatic mesh merging
[2020.01.01-17.42.30:342][  0]LogMeshReduction: No distributed automatic mesh merging module available
[2020.01.01-17.42.30:518][  0]LogMeshMerging: No distributed automatic mesh merging module available
[2020.01.01-17.42.31:864][  0]LogNetVersion: JustDoIt 1.0.0, NetCL: 8386587, EngineNetVer: 11, GameNetVer: 0 (Checksum: 2198397873)
[2020.01.01-17.42.53:921][  0]LogPackageLocalizationCache: Processed 12 localized package path(s) for 1 prioritized culture(s) in 0.224104 seconds
[2020.01.01-17.42.53:993][  0]LogUObjectArray: 43444 objects as part of root set at end of initial load.
[2020.01.01-17.42.53:993][  0]LogUObjectAllocator: 7548648 out of 0 bytes used by permanent object pool.
[2020.01.01-17.42.53:993][  0]LogUObjectArray: CloseDisregardForGC: 0/0 objects in disregard for GC pool
[2020.01.01-17.44.46:338][  0]LogTcpMessaging: Initializing TcpMessaging bridge
[2020.01.01-17.44.46:433][  0]LogUdpMessaging: Initializing bridge on interface 0.0.0.0:0 to multicast group 230.0.0.1:6666.
[2020.01.01-17.44.50:622][  0]SourceControl: Source control is disabled
[2020.01.01-17.44.50:622][  0]SourceControl: Source control is disabled
[2020.01.01-17.44.51:262][  0]SourceControl: Source control is disabled
[2020.01.01-17.44.51:368][  0]SourceControl: Source control is disabled
[2020.01.01-17.44.59:917][  0]LogAndroidPermission: UAndroidPermissionCallbackProxy::GetInstance
[2020.01.01-17.45.06:942][  0]LogOcInput: OculusInput pre-init called
[2020.01.01-17.45.07:442][  0]LogWindows: Failed to load 'OVRPlugin.dll' (GetLastError=126)
[2020.01.01-17.45.07:442][  0]LogWindows: File 'OVRPlugin.dll' does not exist
[2020.01.01-17.45.13:777][  0]LogAutomationTest: Warning: Smoke tests took > 2s to run: 3.28s
[2020.01.01-17.45.14:194][  0]LogEngine: Initializing Engine...
[2020.01.01-17.45.14:402][  0]LogHMD: Failed to initialize OpenVR with code 110
[2020.01.01-17.45.14:653][  0]LogStats: UGameplayTagsManager::InitializeManager -  0.138 s
[2020.01.01-17.45.19:839][  0]LogInit: Initializing FReadOnlyCVARCache
[2020.01.01-17.45.20:822][  0]LogAIModule: Creating AISystem for world Untitled
[2020.01.01-17.45.20:911][  0]LogInit: XAudio2 using 'Динамики (Realtek High Definition Audio)' : 2 channels at 48 kHz using 32 bits per sample (channel mask 0x3)
[2020.01.01-17.45.24:116][  0]LogInit: FAudioDevice initialized.
[2020.01.01-17.45.24:117][  0]LogNetVersion: Set ProjectVersion to 1.0.0.0. Version Checksum will be recalculated on next use.
[2020.01.01-17.45.27:304][  0]LogDerivedDataCache: Saved boot cache 3.13s 73MB C:/Users/Daddy/AppData/Local/UnrealEngine/4.23/DerivedDataCache/Boot.ddc.
[2020.01.01-17.45.27:832][  0]LogInit: Texture streaming: Enabled
[2020.01.01-17.45.32:989][  0]LogEngineSessionManager: EngineSessionManager initialized
[2020.01.01-17.45.37:202][  0]LogInit: Transaction tracking system initialized
[2020.01.01-17.45.39:229][  0]BlueprintLog: New page: Editor Load
[2020.01.01-17.45.43:290][  0]LocalizationService: Localization service is disabled
[2020.01.01-17.45.58:518][  0]LogCook: Display: Max memory allowance for cook 16384mb min free memory 0mb
[2020.01.01-17.45.58:609][  0]LogCook: Display: Mobile HDR setting 1
[2020.01.01-17.45.59:982][  0]LogFileCache: Scanning file cache for directory 'D:/Study/Labs/7 semester/CGA/JustDoIt/Content/' took 0.96s
[2020.01.01-17.46.06:960][  0]SourceControl: Source control is disabled
[2020.01.01-17.46.07:088][  0]Cmd: MAP LOAD FILE="../../../../../../Study/Labs/7 semester/CGA/JustDoIt/Content/StarterContent/Maps/Minimal_Default.umap" TEMPLATE=0 SHOWPROGRESS=1 FEATURELEVEL=3
[2020.01.01-17.46.07:089][  0]LogEditorServer: Warning: Can't find file '../../../../../../Study/Labs/7 semester/CGA/JustDoIt/Content/StarterContent/Maps/Minimal_Default.umap'
[2020.01.01-17.46.07:265][  0]Cmd: MAP CHECKDEP NOCLEARLOG
[2020.01.01-17.46.07:315][  0]MapCheck: Map check complete: 0 Error(s), 0 Warning(s), took 49,706ms to complete.
[2020.01.01-17.46.07:315][  0]LogFileHelpers: Loading map 'Minimal_Default' took 0.266
[2020.01.01-17.46.10:428][  0]LogSlate: Updating window title bar state: overlay mode, drag disabled, window buttons hidden, title bar hidden
[2020.01.01-17.46.10:501][  0]LogSlate: Updating window title bar state: overlay mode, drag disabled, window buttons hidden, title bar hidden
[2020.01.01-17.46.10:521][  0]LogSlate: Updating window title bar state: overlay mode, drag disabled, window buttons hidden, title bar hidden
[2020.01.01-17.46.10:540][  0]LogSlate: Updating window title bar state: overlay mode, drag disabled, window buttons hidden, title bar hidden
[2020.01.01-17.46.13:310][  0]LogCollectionManager: Loaded 0 collections in 0.002623 seconds
[2020.01.01-17.46.16:039][  0]LogFileCache: Scanning file cache for directory 'D:/Study/Labs/7 semester/CGA/JustDoIt/Saved/Collections/' took 0.00s
[2020.01.01-17.46.16:039][  0]LogFileCache: Scanning file cache for directory 'D:/Study/Labs/7 semester/CGA/JustDoIt/Content/Developers/Daddy/Collections/' took 0.00s
[2020.01.01-17.46.16:039][  0]LogFileCache: Scanning file cache for directory 'D:/Study/Labs/7 semester/CGA/JustDoIt/Content/Collections/' took 0.00s
[2020.01.01-17.46.16:039][  0]LogCollectionManager: Rebuilt the GUID cache for 0 collections in 0.000003 seconds
[2020.01.01-17.46.16:127][  0]LogContentBrowser: Native class hierarchy populated in 0.0345 seconds. Added 2864 classes and 682 folders.
[2020.01.01-17.46.16:762][  0]LogContentBrowser: Native class hierarchy updated for 'WidgetCarousel' in 0.0003 seconds. Added 0 classes and 0 folders.
[2020.01.01-17.46.23:727][  0]LogContentBrowser: Native class hierarchy updated for 'AddContentDialog' in 0.0003 seconds. Added 0 classes and 0 folders.
[2020.01.01-17.46.32:158][  0]LogSlate: Took 0.465700 seconds to synchronously load lazily loaded font '../../../Engine/Content/Slate/Fonts/Roboto-Regular.ttf' (155K)
[2020.01.01-17.46.32:193][  0]LogSlate: Took 0.028274 seconds to synchronously load lazily loaded font '../../../Engine/Content/Slate/Fonts/Roboto-Bold.ttf' (160K)
[2020.01.01-17.46.33:020][  0]LogSlate: Took 0.498961 seconds to synchronously load lazily loaded font '../../../Engine/Content/Editor/Slate/Fonts/FontAwesome.ttf' (139K)
[2020.01.01-17.46.35:582][  0]LogRenderer: Reallocating scene render targets to support 840x652 Format 9 NumSamples 1 (Frame:1).
[2020.01.01-17.46.43:044][  0]LogContentBrowser: Native class hierarchy updated for 'HierarchicalLODOutliner' in 0.0004 seconds. Added 0 classes and 0 folders.
[2020.01.01-17.46.43:044][  0]LogLoad: (Engine Initialization) Total time: 509.18 seconds
[2020.01.01-17.46.43:044][  0]LogLoad: (Engine Initialization) Total Blueprint compile time: 0.00 seconds
[2020.01.01-17.46.44:914][  0]LogContentStreaming: Texture pool size now 400 MB
[2020.01.01-17.46.45:585][  1]LogFileCache: Retrieving MD5 hashes for directory 'D:/Study/Labs/7 semester/CGA/JustDoIt/Content/' took 1.77s
[2020.01.01-17.46.46:137][  2]LogSlate: Took 0.102574 seconds to synchronously load lazily loaded font '../../../Engine/Content/Slate/Fonts/Roboto-Light.ttf' (167K)
[2020.01.01-17.47.03:810][126]LogAssetRegistry: Asset discovery search completed in 300.9162 seconds
[2020.01.01-17.47.04:160][126]LogCollectionManager: Rebuilt the object cache for 0 collections in 0.110987 seconds (found 0 objects)
[2020.01.01-17.47.04:160][126]LogCollectionManager: Fixed up redirectors for 0 collections in 0.111081 seconds (updated 0 objects)
[2020.01.01-17.47.05:307][126]LogSlate: Took 0.000228 seconds to synchronously load lazily loaded font '../../../Engine/Content/Slate/Fonts/Roboto-Light.ttf' (167K)
[2020.01.01-17.47.55:938][267]LogEditorViewport: Clicking Background
[2020.01.01-17.47.55:973][267]LogSlate: FSceneViewport::OnFocusLost() reason 0
[2020.01.01-17.48.06:601][627]LogProperty: Error: UStructProperty::Serialize Loading: Property 'StructProperty /Game/MenuAndSaving/SaveGameInstance.SaveGameInstance_C:PeaceCharacters.PeaceCharacters'. Unknown structure.
[2020.01.01-17.48.06:601][627]LogProperty: Error: UStructProperty::Serialize Loading: Property 'StructProperty /Game/MenuAndSaving/SaveGameInstance.SaveGameInstance_C:HellCharacters.HellCharacters'. Unknown structure.
[2020.01.01-17.48.14:235][627]LogClass: Warning: Property PeaceCharacters of PeaceCharacters has a struct type mismatch (tag FallbackStruct != prop SavedCharacter) in package:  FObjectReader. If that struct got renamed, add an entry to ActiveStructRedirects.
[2020.01.01-17.48.14:236][627]LogClass: Warning: Property HellCharacters of HellCharacters has a struct type mismatch (tag FallbackStruct != prop SavedCharacter) in package:  FObjectReader. If that struct got renamed, add an entry to ActiveStructRedirects.
[2020.01.01-17.48.17:497][627]LogAssetEditorManager: Opening Asset editor for WidgetBlueprint /Game/Inventory/UI/InventoryWindow.InventoryWindow
[2020.01.01-17.48.22:223][627]LogContentBrowser: Native class hierarchy updated for 'BlueprintGraph' in 0.0009 seconds. Added 121 classes and 0 folders.
[2020.01.01-17.48.29:847][627]LogAssetEditorManager: Opening Asset editor for WidgetBlueprint /Game/Inventory/UI/InventorySlot.InventorySlot
[2020.01.01-17.48.30:563][627]LogAssetEditorManager: Opening Asset editor for WidgetBlueprint /Game/Inventory/UI/CraftWidget.CraftWidget
[2020.01.01-17.48.31:586][627]LogAssetEditorManager: Opening Asset editor for Blueprint /Game/MainCharacter.MainCharacter
[2020.01.01-17.48.36:357][627]LogAssetEditorManager: Opening Asset editor for Blueprint /Game/Inventory/InventoryComponent.InventoryComponent
[2020.01.01-17.48.37:582][627]LogSlate: Took 0.028229 seconds to synchronously load lazily loaded font '../../../Engine/Content/Slate/Fonts/Roboto-BoldCondensed.ttf' (158K)
[2020.01.01-17.49.03:918][842]LogAIModule: Creating AISystem for world Menu
[2020.01.01-17.49.03:926][842]LogAssetEditorManager: Opening Asset editor for World /Game/Maps/Menu.Menu
[2020.01.01-17.49.04:039][842]LogUObjectHash: Compacting FUObjectHashTables data took   6.94ms
[2020.01.01-17.49.04:217][842]Cmd: MAP LOAD FILE="../../../../../../Study/Labs/7 semester/CGA/JustDoIt/Content/Maps/Menu.umap" TEMPLATE=0 SHOWPROGRESS=1 FEATURELEVEL=3
[2020.01.01-17.49.04:259][842]LightingResults: New page: Lighting Build
[2020.01.01-17.49.04:372][842]LogContentBrowser: Native class hierarchy updated for 'StatsViewer' in 0.0004 seconds. Added 5 classes and 0 folders.
[2020.01.01-17.49.04:374][842]LoadErrors: New page: Loading map: Menu.umap
[2020.01.01-17.49.04:425][842]LogWorld: UWorld::CleanupWorld for Untitled, bSessionEnded=true, bCleanupResources=true
[2020.01.01-17.49.04:425][842]MapCheck: New page: Map Check
[2020.01.01-17.49.04:425][842]LightingResults: New page: Lighting Build
[2020.01.01-17.49.04:484][842]LogUObjectHash: Compacting FUObjectHashTables data took   4.92ms
[2020.01.01-17.49.05:023][842]LogEditorServer: Finished looking for orphan Actors (0.000 secs)
[2020.01.01-17.49.05:258][842]LogUObjectHash: Compacting FUObjectHashTables data took   4.21ms
[2020.01.01-17.49.05:334][842]Cmd: MAP CHECKDEP NOCLEARLOG
[2020.01.01-17.49.05:334][842]MapCheck: Map check complete: 0 Error(s), 0 Warning(s), took 0,135ms to complete.
[2020.01.01-17.49.05:334][842]LogFileHelpers: Loading map 'Menu' took 1.295
[2020.01.01-17.49.21:982][772]LogSlate: Took 0.054450 seconds to synchronously load lazily loaded font '../../../Engine/Content/Slate/Fonts/Roboto-Italic.ttf' (157K)
[2020.01.01-17.50.02:152][536]LogEditorTransaction: Undo Move Node
[2020.01.01-17.50.11:882][ 61]Cmd: OBJ SAVEPACKAGE PACKAGE="/Game/Inventory/UI/InventorySlot" FILE="../../../../../../Study/Labs/7 semester/CGA/JustDoIt/Content/Inventory/UI/InventorySlot.uasset" SILENT=true
[2020.01.01-17.50.13:833][ 61]LogSavePackage: Moving '../../../../../../Study/Labs/7 semester/CGA/JustDoIt/Saved/InventorySlot038BE57640DAF6139580579CB0DF0405.tmp' to '../../../../../../Study/Labs/7 semester/CGA/JustDoIt/Content/Inventory/UI/InventorySlot.uasset'
[2020.01.01-17.50.26:874][706]Cmd: OBJ SAVEPACKAGE PACKAGE="/Game/Inventory/UI/InventorySlot" FILE="../../../../../../Study/Labs/7 semester/CGA/JustDoIt/Content/Inventory/UI/InventorySlot.uasset" SILENT=true
[2020.01.01-17.50.27:171][706]LogSavePackage: Moving '../../../../../../Study/Labs/7 semester/CGA/JustDoIt/Saved/InventorySlotF47BCF944F77D1056EAD5CB6DA852F0C.tmp' to '../../../../../../Study/Labs/7 semester/CGA/JustDoIt/Content/Inventory/UI/InventorySlot.uasset'
[2020.01.01-17.51.21:546][832]Cmd: OBJ SAVEPACKAGE PACKAGE="/Game/Inventory/UI/InventorySlot" FILE="../../../../../../Study/Labs/7 semester/CGA/JustDoIt/Content/Inventory/UI/InventorySlot.uasset" SILENT=true
[2020.01.01-17.51.21:962][832]LogSavePackage: Moving '../../../../../../Study/Labs/7 semester/CGA/JustDoIt/Saved/InventorySlot025845A64DDEEC9B7D6D20B08FAA1023.tmp' to '../../../../../../Study/Labs/7 semester/CGA/JustDoIt/Content/Inventory/UI/InventorySlot.uasset'
[2020.01.01-17.51.23:987][950]Cmd: OBJ SAVEPACKAGE PACKAGE="/Game/Inventory/UI/InventorySlot" FILE="../../../../../../Study/Labs/7 semester/CGA/JustDoIt/Content/Inventory/UI/InventorySlot.uasset" SILENT=true
[2020.01.01-17.51.24:208][950]LogSavePackage: Moving '../../../../../../Study/Labs/7 semester/CGA/JustDoIt/Saved/InventorySlot55685D404742804732E114BE27925064.tmp' to '../../../../../../Study/Labs/7 semester/CGA/JustDoIt/Content/Inventory/UI/InventorySlot.uasset'
[2020.01.01-17.51.29:595][258]LogEditorTransaction: Undo Move Node
[2020.01.01-17.51.36:139][603]Cmd: OBJ SAVEPACKAGE PACKAGE="/Game/Inventory/UI/InventorySlot" FILE="../../../../../../Study/Labs/7 semester/CGA/JustDoIt/Content/Inventory/UI/InventorySlot.uasset" SILENT=true
[2020.01.01-17.51.36:395][603]LogSavePackage: Moving '../../../../../../Study/Labs/7 semester/CGA/JustDoIt/Saved/InventorySlot1927AC164C39628508A99C8A87E4253A.tmp' to '../../../../../../Study/Labs/7 semester/CGA/JustDoIt/Content/Inventory/UI/InventorySlot.uasset'
[2020.01.01-17.51.37:334][656]BlueprintLog: New page: Compile InventorySlot
[2020.01.01-17.51.37:783][656]LogUObjectHash: Compacting FUObjectHashTables data took  16.41ms
[2020.01.01-17.51.38:812][703]LogSelectionDetails: Warning: NavigateToFunctionSource:  Unable to find symbols for 'UKismetMathLibrary::BooleanAND' [Элемент не найден.]
[2020.01.01-17.51.39:015][715]LogTemp: Repeating last play command: New Editor Window (PIE)
[2020.01.01-17.51.39:078][715]LogBlueprintUserMessages: Early PlayInEditor Detection: Level '/Game/Maps/Menu.Menu:PersistentLevel' has LevelScriptBlueprint '/Game/Maps/Menu.Menu:PersistentLevel.Menu' with GeneratedClass '/Game/Maps/Menu.Menu_C' with ClassGeneratedBy '/Game/Maps/Menu.Menu:PersistentLevel.Menu'
[2020.01.01-17.51.39:078][715]LogPlayLevel: PlayLevel: No blueprints needed recompiling
[2020.01.01-17.51.39:143][715]PIE: New page: PIE session: Menu (1 янв. 2020 г., 23:51:39)
[2020.01.01-17.51.39:201][715]LogOnline: OSS: Creating online subsystem instance for: NULL
[2020.01.01-17.51.39:202][715]LogPlayLevel: Creating play world package: /Game/Maps/UEDPIE_0_Menu
[2020.01.01-17.51.39:222][715]LogPlayLevel: PIE: StaticDuplicateObject took: (0.018491s)
[2020.01.01-17.51.39:223][715]LogAIModule: Creating AISystem for world Menu
[2020.01.01-17.51.39:224][715]LogPlayLevel: PIE: World Init took: (0.001830s)
[2020.01.01-17.51.39:224][715]LogPlayLevel: PIE: Created PIE world by copying editor world from /Game/Maps/Menu.Menu to /Game/Maps/UEDPIE_0_Menu.Menu (0.020720s)
[2020.01.01-17.51.39:320][715]LogUObjectHash: Compacting FUObjectHashTables data took   8.45ms
[2020.01.01-17.51.39:324][715]LogInit: XAudio2 using 'Динамики (Realtek High Definition Audio)' : 2 channels at 48 kHz using 32 bits per sample (channel mask 0x3)
[2020.01.01-17.51.39:436][715]LogInit: FAudioDevice initialized.
[2020.01.01-17.51.39:445][715]LogSlate: Updating window title bar state: overlay mode, drag disabled, window buttons hidden, title bar hidden
[2020.01.01-17.51.39:602][715]LogLoad: Game class is 'CustomGM_C'
[2020.01.01-17.51.39:603][715]LogWorld: Bringing World /Game/Maps/UEDPIE_0_Menu.Menu up for play (max tick rate 60) at 2020.01.01-20.51.39
[2020.01.01-17.51.39:603][715]LogWorld: Bringing up level for play took: 0.000765
[2020.01.01-17.51.39:603][715]LogOnline: OSS: Creating online subsystem instance for: :Context_9
[2020.01.01-17.51.39:605][715]LogGameMode: FindPlayerStart: PATHS NOT DEFINED or NO PLAYERSTART with positive rating
[2020.01.01-17.51.40:581][715]LogContentBrowser: Native class hierarchy updated for 'MovieSceneCapture' in 0.0005 seconds. Added 20 classes and 0 folders.
[2020.01.01-17.51.40:915][715]PIE: Play in editor start time for /Game/Maps/UEDPIE_0_Menu 2,794
[2020.01.01-17.51.40:915][715]LogBlueprintUserMessages: Late PlayInEditor Detection: Level '/Game/Maps/Menu.Menu:PersistentLevel' has LevelScriptBlueprint '/Game/Maps/Menu.Menu:PersistentLevel.Menu' with GeneratedClass '/Game/Maps/Menu.Menu_C' with ClassGeneratedBy '/Game/Maps/Menu.Menu:PersistentLevel.Menu'
[2020.01.01-17.51.46:635][748]LogNet: Browse: /Game/Maps/Peaceful
[2020.01.01-17.51.46:661][748]LogLoad: LoadMap: /Game/Maps/Peaceful
[2020.01.01-17.51.46:661][748]LogWorld: BeginTearingDown for /Game/Maps/UEDPIE_0_Menu
[2020.01.01-17.51.46:782][748]LogWorld: UWorld::CleanupWorld for Menu, bSessionEnded=true, bCleanupResources=true
[2020.01.01-17.51.46:959][748]LogUObjectHash: Compacting FUObjectHashTables data took  13.77ms
[2020.01.01-17.51.50:269][748]LogAIModule: Creating AISystem for world Peaceful
[2020.01.01-17.51.50:269][748]LogLoad: Game class is 'CustomGM_C'
[2020.01.01-17.51.51:224][748]LogWorld: Bringing World /Game/Maps/UEDPIE_0_Peaceful.Peaceful up for play (max tick rate 60) at 2020.01.01-20.51.51
[2020.01.01-17.51.51:230][748]LogWorld: Bringing up level for play took: 0.959546
[2020.01.01-17.51.51:267][748]LogLoad: Took 4.605953 seconds to LoadMap(/Game/Maps/Peaceful)
[2020.01.01-17.51.52:159][750]LogSlate: FSceneViewport::OnFocusLost() reason 2
[2020.01.01-17.51.55:289][818]LogSlate: FSceneViewport::OnFocusLost() reason 2
[2020.01.01-17.51.55:502][823]LogSlate: FSceneViewport::OnFocusLost() reason 2
[2020.01.01-17.52.15:046][182]LogSlate: FSceneViewport::OnFocusLost() reason 2
[2020.01.01-17.52.15:428][191]LogSlate: FSceneViewport::OnFocusLost() reason 2
[2020.01.01-17.52.15:601][195]LogSlate: FSceneViewport::OnFocusLost() reason 2
[2020.01.01-17.52.15:812][200]LogSlate: FSceneViewport::OnFocusLost() reason 2
[2020.01.01-17.52.16:079][206]LogSlate: FSceneViewport::OnFocusLost() reason 2
[2020.01.01-17.52.16:263][210]LogSlate: FSceneViewport::OnFocusLost() reason 2
[2020.01.01-17.52.16:479][215]LogSlate: FSceneViewport::OnFocusLost() reason 2
[2020.01.01-17.52.16:661][219]LogSlate: FSceneViewport::OnFocusLost() reason 2
[2020.01.01-17.52.17:048][228]LogSlate: FSceneViewport::OnFocusLost() reason 2
[2020.01.01-17.52.17:260][233]LogSlate: FSceneViewport::OnFocusLost() reason 2
[2020.01.01-17.52.17:435][237]LogSlate: FSceneViewport::OnFocusLost() reason 2
[2020.01.01-17.52.17:782][245]LogSlate: FSceneViewport::OnFocusLost() reason 2
[2020.01.01-17.52.18:002][250]LogSlate: FSceneViewport::OnFocusLost() reason 2
[2020.01.01-17.52.18:223][255]LogSlate: FSceneViewport::OnFocusLost() reason 2
[2020.01.01-17.52.18:403][259]LogSlate: FSceneViewport::OnFocusLost() reason 2
[2020.01.01-17.52.18:579][263]LogSlate: FSceneViewport::OnFocusLost() reason 2
[2020.01.01-17.52.18:753][267]LogSlate: FSceneViewport::OnFocusLost() reason 2
[2020.01.01-17.52.18:929][271]LogSlate: FSceneViewport::OnFocusLost() reason 2
[2020.01.01-17.52.19:141][276]LogSlate: FSceneViewport::OnFocusLost() reason 2
[2020.01.01-17.52.19:319][280]LogSlate: FSceneViewport::OnFocusLost() reason 2
[2020.01.01-17.52.19:533][285]LogSlate: FSceneViewport::OnFocusLost() reason 2
[2020.01.01-17.52.19:662][288]LogSlate: FSceneViewport::OnFocusLost() reason 2
[2020.01.01-17.52.19:875][293]LogSlate: FSceneViewport::OnFocusLost() reason 2
[2020.01.01-17.52.20:052][297]LogSlate: FSceneViewport::OnFocusLost() reason 2
[2020.01.01-17.52.20:270][301]LogSlate: FSceneViewport::OnFocusLost() reason 2
[2020.01.01-17.52.20:477][305]LogSlate: FSceneViewport::OnFocusLost() reason 2
[2020.01.01-17.52.20:627][308]LogSlate: FSceneViewport::OnFocusLost() reason 2
[2020.01.01-17.52.20:808][312]LogSlate: FSceneViewport::OnFocusLost() reason 2
[2020.01.01-17.52.20:992][316]LogSlate: FSceneViewport::OnFocusLost() reason 2
[2020.01.01-17.52.21:220][321]LogSlate: FSceneViewport::OnFocusLost() reason 2
[2020.01.01-17.52.21:407][325]LogSlate: FSceneViewport::OnFocusLost() reason 2
[2020.01.01-17.52.21:562][328]LogSlate: FSceneViewport::OnFocusLost() reason 2
[2020.01.01-17.52.21:756][332]LogSlate: FSceneViewport::OnFocusLost() reason 2
[2020.01.01-17.52.21:943][336]LogSlate: FSceneViewport::OnFocusLost() reason 2
[2020.01.01-17.52.22:134][340]LogSlate: FSceneViewport::OnFocusLost() reason 2
[2020.01.01-17.52.22:320][344]LogSlate: FSceneViewport::OnFocusLost() reason 2
[2020.01.01-17.52.22:507][348]LogSlate: FSceneViewport::OnFocusLost() reason 2
[2020.01.01-17.52.22:707][352]LogSlate: FSceneViewport::OnFocusLost() reason 2
[2020.01.01-17.52.22:916][356]LogSlate: FSceneViewport::OnFocusLost() reason 2
[2020.01.01-17.52.23:100][360]LogSlate: FSceneViewport::OnFocusLost() reason 2
[2020.01.01-17.52.23:460][367]LogSlate: FSceneViewport::OnFocusLost() reason 2
[2020.01.01-17.52.23:677][371]LogSlate: FSceneViewport::OnFocusLost() reason 2
[2020.01.01-17.52.23:906][375]LogSlate: FSceneViewport::OnFocusLost() reason 2
[2020.01.01-17.52.24:107][379]LogSlate: FSceneViewport::OnFocusLost() reason 2
[2020.01.01-17.52.43:209][712]LogSlate: FSceneViewport::OnFocusLost() reason 2
[2020.01.01-17.52.47:748][822]LogSlate: FSceneViewport::OnFocusLost() reason 2
[2020.01.01-17.52.47:983][827]LogSlate: FSceneViewport::OnFocusLost() reason 2
[2020.01.01-17.52.48:157][831]LogSlate: FSceneViewport::OnFocusLost() reason 2
[2020.01.01-17.52.48:322][835]LogSlate: FSceneViewport::OnFocusLost() reason 2
[2020.01.01-17.52.48:570][841]LogSlate: FSceneViewport::OnFocusLost() reason 2
[2020.01.01-17.52.48:832][847]LogSlate: FSceneViewport::OnFocusLost() reason 2
[2020.01.01-17.52.50:973][899]LogSlate: FSceneViewport::OnFocusLost() reason 2
[2020.01.01-17.52.55:289][997]LogSlate: FSceneViewport::OnFocusLost() reason 2
[2020.01.01-17.52.55:501][  1]LogSlate: FSceneViewport::OnFocusLost() reason 2
[2020.01.01-17.52.55:707][  6]LogSlate: FSceneViewport::OnFocusLost() reason 2
[2020.01.01-17.52.55:929][ 11]LogSlate: FSceneViewport::OnFocusLost() reason 2
[2020.01.01-17.52.56:129][ 15]LogSlate: FSceneViewport::OnFocusLost() reason 2
[2020.01.01-17.52.56:291][ 19]LogSlate: FSceneViewport::OnFocusLost() reason 2
[2020.01.01-17.53.00:866][125]LogSlate: FSceneViewport::OnFocusLost() reason 2
[2020.01.01-17.53.01:824][150]LogBlueprintUserMessages: Early EndPlayMap Detection: Level '/Game/Maps/Menu.Menu:PersistentLevel' has LevelScriptBlueprint '/Game/Maps/Menu.Menu:PersistentLevel.Menu' with GeneratedClass '/Game/Maps/Menu.Menu_C' with ClassGeneratedBy '/Game/Maps/Menu.Menu:PersistentLevel.Menu'
[2020.01.01-17.53.01:825][150]LogSlate: Updating window title bar state: overlay mode, drag disabled, window buttons hidden, title bar hidden
[2020.01.01-17.53.01:825][150]LogWorld: BeginTearingDown for /Game/Maps/UEDPIE_0_Peaceful
[2020.01.01-17.53.01:866][150]LogSlate: Window 'JustDoIt Game Preview Standalone (64-bit/PCD3D_SM5)' being destroyed
[2020.01.01-17.53.01:879][150]LogWorld: UWorld::CleanupWorld for Peaceful, bSessionEnded=true, bCleanupResources=true
[2020.01.01-17.53.01:897][150]LogPlayLevel: Display: Shutting down PIE online subsystems
[2020.01.01-17.53.01:898][150]LogBlueprintUserMessages: Late EndPlayMap Detection: Level '/Game/Maps/Menu.Menu:PersistentLevel' has LevelScriptBlueprint '/Game/Maps/Menu.Menu:PersistentLevel.Menu' with GeneratedClass '/Game/Maps/Menu.Menu_C' with ClassGeneratedBy '/Game/Maps/Menu.Menu:PersistentLevel.Menu'
[2020.01.01-17.53.02:010][150]LogUObjectHash: Compacting FUObjectHashTables data took   9.60ms
[2020.01.01-17.53.02:039][151]LogPlayLevel: Display: Destroying online subsystem :Context_9
[2020.01.01-17.53.03:957][258]Cmd: OBJ SAVEPACKAGE PACKAGE="/Game/Inventory/UI/InventorySlot" FILE="../../../../../../Study/Labs/7 semester/CGA/JustDoIt/Content/Inventory/UI/InventorySlot.uasset" SILENT=true
[2020.01.01-17.53.04:179][258]LogSavePackage: Moving '../../../../../../Study/Labs/7 semester/CGA/JustDoIt/Saved/InventorySlotEF28901F42EA2E841D98AFAA727422ED.tmp' to '../../../../../../Study/Labs/7 semester/CGA/JustDoIt/Content/Inventory/UI/InventorySlot.uasset'
